#
# There is insufficient memory for the Java Runtime Environment to continue.
# Native memory allocation (malloc) failed to allocate 1493616 bytes for Chunk::new
# Possible reasons:
#   The system is out of physical RAM or swap space
#   The process is running with CompressedOops enabled, and the Java Heap may be blocking the growth of the native heap
# Possible solutions:
#   Reduce memory load on the system
#   Increase physical memory or swap space
#   Check if swap backing store is full
#   Decrease Java heap size (-Xmx/-Xms)
#   Decrease number of Java threads
#   Decrease Java thread stack sizes (-Xss)
#   Set larger code cache with -XX:ReservedCodeCacheSize=
#   JVM is running with Unscaled Compressed Oops mode in which the Java heap is
#     placed in the first 4GB address space. The Java Heap base address is the
#     maximum limit for the native heap growth. Please use -XX:HeapBaseMinAddress
#     to set the Java Heap base and to place the Java Heap above 4GB virtual address.
# This output file may be truncated or incomplete.
#
#  Out of Memory Error (./src/hotspot/share/memory/arena.cpp:197), pid=16540, tid=9140
#
# JRE version: OpenJDK Runtime Environment (11.0.11+9) (build 11.0.11+9-b60-7590822)
# Java VM: OpenJDK 64-Bit Server VM (11.0.11+9-b60-7590822, mixed mode, tiered, compressed oops, g1 gc, windows-amd64)
# No core dump will be written. Minidumps are not enabled by default on client versions of Windows
#

---------------  S U M M A R Y ------------

Command Line: org.jetbrains.kotlin.cli.jvm.K2JVMCompiler @C:\Users\tatry\Desktop\android-projects\1446_3\app\build\20230222_14168621325222165279.compiler.options

Host: AMD Ryzen 5 3500U with Radeon Vega Mobile Gfx  , 8 cores, 5G,  Windows 10 , 64 bit Build 19041 (10.0.19041.2546)
Time: Wed Feb 22 22:33:49 2023 RTZ 2 (зима) elapsed time: 21.693391 seconds (0d 0h 0m 21s)

---------------  T H R E A D  ---------------

Current thread (0x000001dd9d76f000):  JavaThread "C2 CompilerThread0" daemon [_thread_in_native, id=9140, stack(0x000000a9f9100000,0x000000a9f9200000)]


Current CompileTask:
C2:  21693 4823       4       org.jetbrains.kotlin.com.intellij.lang.impl.PsiBuilderImpl::createLeaf (155 bytes)

Stack: [0x000000a9f9100000,0x000000a9f9200000]
Native frames: (J=compiled Java code, j=interpreted, Vv=VM code, C=native code)
V  [jvm.dll+0x5f214a]
V  [jvm.dll+0x726fb5]
V  [jvm.dll+0x7285cd]
V  [jvm.dll+0x728c83]
V  [jvm.dll+0x243278]
V  [jvm.dll+0xbc53c]
V  [jvm.dll+0xbca3c]
V  [jvm.dll+0x353e3b]
V  [jvm.dll+0x321893]
V  [jvm.dll+0x320d8a]
V  [jvm.dll+0x1fc1e2]
V  [jvm.dll+0x1fb3d4]
V  [jvm.dll+0x183d6c]
V  [jvm.dll+0x209a57]
V  [jvm.dll+0x2082a1]
V  [jvm.dll+0x6ef58f]
V  [jvm.dll+0x6e80b5]
V  [jvm.dll+0x5f1036]
C  [ucrtbase.dll+0x21bb2]
C  [KERNEL32.DLL+0x17614]
C  [ntdll.dll+0x526a1]


---------------  P R O C E S S  ---------------

Threads class SMR info:
_java_thread_list=0x000001dd9d8ca710, length=10, elements={
0x000001dd83cc3800, 0x000001dd9cde2800, 0x000001dd9cdeb800, 0x000001dd9d769000,
0x000001dd9d76a000, 0x000001dd9d76b000, 0x000001dd9d76f000, 0x000001dd9d772000,
0x000001dd9d773800, 0x000001dd9d8e6000
}

Java Threads: ( => current thread )
  0x000001dd83cc3800 JavaThread "main" [_thread_in_native, id=17108, stack(0x000000a9f8500000,0x000000a9f8600000)]
  0x000001dd9cde2800 JavaThread "Reference Handler" daemon [_thread_blocked, id=10844, stack(0x000000a9f8c00000,0x000000a9f8d00000)]
  0x000001dd9cdeb800 JavaThread "Finalizer" daemon [_thread_blocked, id=20780, stack(0x000000a9f8d00000,0x000000a9f8e00000)]
  0x000001dd9d769000 JavaThread "Signal Dispatcher" daemon [_thread_blocked, id=14680, stack(0x000000a9f8e00000,0x000000a9f8f00000)]
  0x000001dd9d76a000 JavaThread "Attach Listener" daemon [_thread_blocked, id=512, stack(0x000000a9f8f00000,0x000000a9f9000000)]
  0x000001dd9d76b000 JavaThread "Service Thread" daemon [_thread_blocked, id=19980, stack(0x000000a9f9000000,0x000000a9f9100000)]
=>0x000001dd9d76f000 JavaThread "C2 CompilerThread0" daemon [_thread_in_native, id=9140, stack(0x000000a9f9100000,0x000000a9f9200000)]
  0x000001dd9d772000 JavaThread "C1 CompilerThread0" daemon [_thread_blocked, id=10236, stack(0x000000a9f9200000,0x000000a9f9300000)]
  0x000001dd9d773800 JavaThread "Sweeper thread" daemon [_thread_blocked, id=18060, stack(0x000000a9f9300000,0x000000a9f9400000)]
  0x000001dd9d8e6000 JavaThread "Common-Cleaner" daemon [_thread_blocked, id=20220, stack(0x000000a9f9500000,0x000000a9f9600000)]

Other Threads:
  0x000001dd9cdbe800 VMThread "VM Thread" [stack: 0x000000a9f8b00000,0x000000a9f8c00000] [id=17592]
  0x000001dd9d8cd800 WatcherThread [stack: 0x000000a9f9400000,0x000000a9f9500000] [id=20892]
  0x000001dd81bda800 GCTaskThread "GC Thread#0" [stack: 0x000000a9f8600000,0x000000a9f8700000] [id=18748]
  0x000001dd9defa800 GCTaskThread "GC Thread#1" [stack: 0x000000a9f9600000,0x000000a9f9700000] [id=11664]
  0x000001dd83cfb800 ConcurrentGCThread "G1 Main Marker" [stack: 0x000000a9f8700000,0x000000a9f8800000] [id=15924]
  0x000001dd83cfc800 ConcurrentGCThread "G1 Conc#0" [stack: 0x000000a9f8800000,0x000000a9f8900000] [id=20552]
  0x000001dd9ee11800 ConcurrentGCThread "G1 Conc#1" [stack: 0x000000a9f9700000,0x000000a9f9800000] [id=2488]
  0x000001dd83d9e800 ConcurrentGCThread "G1 Refine#0" [stack: 0x000000a9f8900000,0x000000a9f8a00000] [id=20860]
  0x000001dd9cc26800 ConcurrentGCThread "G1 Young RemSet Sampling" [stack: 0x000000a9f8a00000,0x000000a9f8b00000] [id=17400]

Threads with active compile tasks:
C2 CompilerThread0  21732 4823       4       org.jetbrains.kotlin.com.intellij.lang.impl.PsiBuilderImpl::createLeaf (155 bytes)

VM state:not at safepoint (normal execution)

VM Mutex/Monitor currently owned by a thread:  ([mutex/lock_event])
[0x000001dd83cbe770] SymbolTable_lock - owner thread: 0x000001dd83cc3800

Heap address: 0x00000000a0e00000, size: 1522 MB, Compressed Oops mode: 32-bit
Narrow klass base: 0x0000000000000000, Narrow klass shift: 3
Compressed class space size: 1073741824 Address: 0x0000000100000000

Heap:
 garbage-first heap   total 98304K, used 40426K [0x00000000a0e00000, 0x0000000100000000)
  region size 1024K, 9 young (9216K), 3 survivors (3072K)
 Metaspace       used 49660K, capacity 50289K, committed 50384K, reserved 1093632K
  class space    used 5710K, capacity 5973K, committed 6016K, reserved 1048576K
Heap Regions: E=young(eden), S=young(survivor), O=old, HS=humongous(starts), HC=humongous(continues), CS=collection set, F=free, A=archive, TAMS=top-at-mark-start (previous, next)
|   0|0x00000000a0e00000, 0x00000000a0f00000, 0x00000000a0f00000|100%|HS|  |TAMS 0x00000000a0f00000, 0x00000000a0e00000| Complete 
|   1|0x00000000a0f00000, 0x00000000a1000000, 0x00000000a1000000|100%|HC|  |TAMS 0x00000000a1000000, 0x00000000a0f00000| Complete 
|   2|0x00000000a1000000, 0x00000000a1100000, 0x00000000a1100000|100%|HC|  |TAMS 0x00000000a1100000, 0x00000000a1000000| Complete 
|   3|0x00000000a1100000, 0x00000000a1200000, 0x00000000a1200000|100%|HS|  |TAMS 0x00000000a1200000, 0x00000000a1100000| Complete 
|   4|0x00000000a1200000, 0x00000000a1300000, 0x00000000a1300000|100%|HC|  |TAMS 0x00000000a1300000, 0x00000000a1200000| Complete 
|   5|0x00000000a1300000, 0x00000000a1400000, 0x00000000a1400000|100%|HC|  |TAMS 0x00000000a1400000, 0x00000000a1300000| Complete 
|   6|0x00000000a1400000, 0x00000000a1500000, 0x00000000a1500000|100%| O|  |TAMS 0x00000000a1400000, 0x00000000a1400000| Untracked 
|   7|0x00000000a1500000, 0x00000000a1600000, 0x00000000a1600000|100%| O|  |TAMS 0x00000000a1500000, 0x00000000a1500000| Untracked 
|   8|0x00000000a1600000, 0x00000000a1700000, 0x00000000a1700000|100%| O|  |TAMS 0x00000000a1700000, 0x00000000a1600000| Untracked 
|   9|0x00000000a1700000, 0x00000000a1800000, 0x00000000a1800000|100%| O|  |TAMS 0x00000000a1800000, 0x00000000a1700000| Untracked 
|  10|0x00000000a1800000, 0x00000000a1900000, 0x00000000a1900000|100%| O|  |TAMS 0x00000000a1900000, 0x00000000a1800000| Untracked 
|  11|0x00000000a1900000, 0x00000000a1a00000, 0x00000000a1a00000|100%| O|  |TAMS 0x00000000a1a00000, 0x00000000a1900000| Untracked 
|  12|0x00000000a1a00000, 0x00000000a1b00000, 0x00000000a1b00000|100%| O|  |TAMS 0x00000000a1b00000, 0x00000000a1a00000| Untracked 
|  13|0x00000000a1b00000, 0x00000000a1c00000, 0x00000000a1c00000|100%| O|  |TAMS 0x00000000a1c00000, 0x00000000a1b00000| Untracked 
|  14|0x00000000a1c00000, 0x00000000a1d00000, 0x00000000a1d00000|100%| O|  |TAMS 0x00000000a1d00000, 0x00000000a1c00000| Untracked 
|  15|0x00000000a1d00000, 0x00000000a1e00000, 0x00000000a1e00000|100%| O|  |TAMS 0x00000000a1e00000, 0x00000000a1d00000| Untracked 
|  16|0x00000000a1e00000, 0x00000000a1f00000, 0x00000000a1f00000|100%| O|  |TAMS 0x00000000a1f00000, 0x00000000a1e00000| Untracked 
|  17|0x00000000a1f00000, 0x00000000a2000000, 0x00000000a2000000|100%| O|  |TAMS 0x00000000a2000000, 0x00000000a1f00000| Untracked 
|  18|0x00000000a2000000, 0x00000000a2100000, 0x00000000a2100000|100%| O|  |TAMS 0x00000000a2100000, 0x00000000a2000000| Untracked 
|  19|0x00000000a2100000, 0x00000000a2200000, 0x00000000a2200000|100%| O|  |TAMS 0x00000000a21b5c00, 0x00000000a2100000| Untracked 
|  20|0x00000000a2200000, 0x00000000a2300000, 0x00000000a2300000|100%| O|  |TAMS 0x00000000a2200000, 0x00000000a2200000| Untracked 
|  21|0x00000000a2300000, 0x00000000a2400000, 0x00000000a2400000|100%| O|  |TAMS 0x00000000a2300000, 0x00000000a2300000| Untracked 
|  22|0x00000000a2400000, 0x00000000a2500000, 0x00000000a2500000|100%| O|  |TAMS 0x00000000a2400000, 0x00000000a2400000| Untracked 
|  23|0x00000000a2500000, 0x00000000a2600000, 0x00000000a2600000|100%| O|  |TAMS 0x00000000a2500000, 0x00000000a2500000| Untracked 
|  24|0x00000000a2600000, 0x00000000a2700000, 0x00000000a2700000|100%| O|  |TAMS 0x00000000a2600000, 0x00000000a2600000| Untracked 
|  25|0x00000000a2700000, 0x00000000a2800000, 0x00000000a2800000|100%| O|  |TAMS 0x00000000a2700000, 0x00000000a2700000| Untracked 
|  26|0x00000000a2800000, 0x00000000a2900000, 0x00000000a2900000|100%| O|  |TAMS 0x00000000a2800000, 0x00000000a2800000| Untracked 
|  27|0x00000000a2900000, 0x00000000a2a00000, 0x00000000a2a00000|100%| O|  |TAMS 0x00000000a2900000, 0x00000000a2900000| Untracked 
|  28|0x00000000a2a00000, 0x00000000a2b00000, 0x00000000a2b00000|100%| O|  |TAMS 0x00000000a2a00000, 0x00000000a2a00000| Untracked 
|  29|0x00000000a2b00000, 0x00000000a2c00000, 0x00000000a2c00000|100%| O|  |TAMS 0x00000000a2b00000, 0x00000000a2b00000| Untracked 
|  30|0x00000000a2c00000, 0x00000000a2d00000, 0x00000000a2d00000|100%|HS|  |TAMS 0x00000000a2c00000, 0x00000000a2c00000| Complete 
|  31|0x00000000a2d00000, 0x00000000a2e00000, 0x00000000a2e00000|100%|HC|  |TAMS 0x00000000a2d00000, 0x00000000a2d00000| Complete 
|  32|0x00000000a2e00000, 0x00000000a2e00000, 0x00000000a2f00000|  0%| F|  |TAMS 0x00000000a2e00000, 0x00000000a2e00000| Untracked 
|  33|0x00000000a2f00000, 0x00000000a2f00000, 0x00000000a3000000|  0%| F|  |TAMS 0x00000000a2f00000, 0x00000000a2f00000| Untracked 
|  34|0x00000000a3000000, 0x00000000a3000000, 0x00000000a3100000|  0%| F|  |TAMS 0x00000000a3000000, 0x00000000a3000000| Untracked 
|  35|0x00000000a3100000, 0x00000000a3100000, 0x00000000a3200000|  0%| F|  |TAMS 0x00000000a3100000, 0x00000000a3100000| Untracked 
|  36|0x00000000a3200000, 0x00000000a3200000, 0x00000000a3300000|  0%| F|  |TAMS 0x00000000a3200000, 0x00000000a3200000| Untracked 
|  37|0x00000000a3300000, 0x00000000a3300000, 0x00000000a3400000|  0%| F|  |TAMS 0x00000000a3300000, 0x00000000a3300000| Untracked 
|  38|0x00000000a3400000, 0x00000000a3400000, 0x00000000a3500000|  0%| F|  |TAMS 0x00000000a3400000, 0x00000000a3400000| Untracked 
|  39|0x00000000a3500000, 0x00000000a3500000, 0x00000000a3600000|  0%| F|  |TAMS 0x00000000a3500000, 0x00000000a3500000| Untracked 
|  40|0x00000000a3600000, 0x00000000a3600000, 0x00000000a3700000|  0%| F|  |TAMS 0x00000000a3600000, 0x00000000a3600000| Untracked 
|  41|0x00000000a3700000, 0x00000000a3700000, 0x00000000a3800000|  0%| F|  |TAMS 0x00000000a3700000, 0x00000000a3700000| Untracked 
|  42|0x00000000a3800000, 0x00000000a3800000, 0x00000000a3900000|  0%| F|  |TAMS 0x00000000a3800000, 0x00000000a3800000| Untracked 
|  43|0x00000000a3900000, 0x00000000a3900000, 0x00000000a3a00000|  0%| F|  |TAMS 0x00000000a3900000, 0x00000000a3900000| Untracked 
|  44|0x00000000a3a00000, 0x00000000a3a00000, 0x00000000a3b00000|  0%| F|  |TAMS 0x00000000a3a00000, 0x00000000a3a00000| Untracked 
|  45|0x00000000a3b00000, 0x00000000a3b00000, 0x00000000a3c00000|  0%| F|  |TAMS 0x00000000a3b00000, 0x00000000a3b00000| Untracked 
|  46|0x00000000a3c00000, 0x00000000a3c00000, 0x00000000a3d00000|  0%| F|  |TAMS 0x00000000a3c00000, 0x00000000a3c00000| Untracked 
|  47|0x00000000a3d00000, 0x00000000a3d00000, 0x00000000a3e00000|  0%| F|  |TAMS 0x00000000a3d00000, 0x00000000a3d00000| Untracked 
|  48|0x00000000a3e00000, 0x00000000a3e00000, 0x00000000a3f00000|  0%| F|  |TAMS 0x00000000a3e00000, 0x00000000a3e00000| Untracked 
|  49|0x00000000a3f00000, 0x00000000a3f00000, 0x00000000a4000000|  0%| F|  |TAMS 0x00000000a3f00000, 0x00000000a3f00000| Untracked 
|  50|0x00000000a4000000, 0x00000000a4000000, 0x00000000a4100000|  0%| F|  |TAMS 0x00000000a4000000, 0x00000000a4000000| Untracked 
|  51|0x00000000a4100000, 0x00000000a4100000, 0x00000000a4200000|  0%| F|  |TAMS 0x00000000a4100000, 0x00000000a4100000| Untracked 
|  52|0x00000000a4200000, 0x00000000a4200000, 0x00000000a4300000|  0%| F|  |TAMS 0x00000000a4200000, 0x00000000a4200000| Untracked 
|  53|0x00000000a4300000, 0x00000000a4300000, 0x00000000a4400000|  0%| F|  |TAMS 0x00000000a4300000, 0x00000000a4300000| Untracked 
|  54|0x00000000a4400000, 0x00000000a4400000, 0x00000000a4500000|  0%| F|  |TAMS 0x00000000a4400000, 0x00000000a4400000| Untracked 
|  55|0x00000000a4500000, 0x00000000a4500000, 0x00000000a4600000|  0%| F|  |TAMS 0x00000000a4500000, 0x00000000a4500000| Untracked 
|  56|0x00000000a4600000, 0x00000000a4600000, 0x00000000a4700000|  0%| F|  |TAMS 0x00000000a4600000, 0x00000000a4600000| Untracked 
|  57|0x00000000a4700000, 0x00000000a477a9b0, 0x00000000a4800000| 47%| S|CS|TAMS 0x00000000a4700000, 0x00000000a4700000| Complete 
|  58|0x00000000a4800000, 0x00000000a4800000, 0x00000000a4900000|  0%| F|  |TAMS 0x00000000a4800000, 0x00000000a4800000| Untracked 
|  59|0x00000000a4900000, 0x00000000a4900000, 0x00000000a4a00000|  0%| F|  |TAMS 0x00000000a4900000, 0x00000000a4900000| Untracked 
|  60|0x00000000a4a00000, 0x00000000a4b00000, 0x00000000a4b00000|100%| S|CS|TAMS 0x00000000a4a00000, 0x00000000a4a00000| Complete 
|  61|0x00000000a4b00000, 0x00000000a4c00000, 0x00000000a4c00000|100%| S|CS|TAMS 0x00000000a4b00000, 0x00000000a4b00000| Complete 
|  62|0x00000000a4c00000, 0x00000000a4c00000, 0x00000000a4d00000|  0%| F|  |TAMS 0x00000000a4c00000, 0x00000000a4c00000| Untracked 
|  63|0x00000000a4d00000, 0x00000000a4d00000, 0x00000000a4e00000|  0%| F|  |TAMS 0x00000000a4d00000, 0x00000000a4d00000| Untracked 
|  64|0x00000000a4e00000, 0x00000000a4e00000, 0x00000000a4f00000|  0%| F|  |TAMS 0x00000000a4e00000, 0x00000000a4e00000| Untracked 
|  65|0x00000000a4f00000, 0x00000000a4f00000, 0x00000000a5000000|  0%| F|  |TAMS 0x00000000a4f00000, 0x00000000a4f00000| Untracked 
|  66|0x00000000a5000000, 0x00000000a5000000, 0x00000000a5100000|  0%| F|  |TAMS 0x00000000a5000000, 0x00000000a5000000| Untracked 
|  67|0x00000000a5100000, 0x00000000a5100000, 0x00000000a5200000|  0%| F|  |TAMS 0x00000000a5100000, 0x00000000a5100000| Untracked 
|  68|0x00000000a5200000, 0x00000000a5200000, 0x00000000a5300000|  0%| F|  |TAMS 0x00000000a5200000, 0x00000000a5200000| Untracked 
|  69|0x00000000a5300000, 0x00000000a5300000, 0x00000000a5400000|  0%| F|  |TAMS 0x00000000a5300000, 0x00000000a5300000| Untracked 
|  70|0x00000000a5400000, 0x00000000a5400000, 0x00000000a5500000|  0%| F|  |TAMS 0x00000000a5400000, 0x00000000a5400000| Untracked 
|  71|0x00000000a5500000, 0x00000000a5500000, 0x00000000a5600000|  0%| F|  |TAMS 0x00000000a5500000, 0x00000000a5500000| Untracked 
|  72|0x00000000a5600000, 0x00000000a5600000, 0x00000000a5700000|  0%| F|  |TAMS 0x00000000a5600000, 0x00000000a5600000| Untracked 
|  73|0x00000000a5700000, 0x00000000a5700000, 0x00000000a5800000|  0%| F|  |TAMS 0x00000000a5700000, 0x00000000a5700000| Untracked 
|  74|0x00000000a5800000, 0x00000000a5800000, 0x00000000a5900000|  0%| F|  |TAMS 0x00000000a5800000, 0x00000000a5800000| Untracked 
|  75|0x00000000a5900000, 0x00000000a5900000, 0x00000000a5a00000|  0%| F|  |TAMS 0x00000000a5900000, 0x00000000a5900000| Untracked 
|  76|0x00000000a5a00000, 0x00000000a5a00000, 0x00000000a5b00000|  0%| F|  |TAMS 0x00000000a5a00000, 0x00000000a5a00000| Untracked 
|  77|0x00000000a5b00000, 0x00000000a5b00000, 0x00000000a5c00000|  0%| F|  |TAMS 0x00000000a5b00000, 0x00000000a5b00000| Untracked 
|  78|0x00000000a5c00000, 0x00000000a5c00000, 0x00000000a5d00000|  0%| F|  |TAMS 0x00000000a5c00000, 0x00000000a5c00000| Untracked 
|  79|0x00000000a5d00000, 0x00000000a5d00000, 0x00000000a5e00000|  0%| F|  |TAMS 0x00000000a5d00000, 0x00000000a5d00000| Untracked 
|  80|0x00000000a5e00000, 0x00000000a5e00000, 0x00000000a5f00000|  0%| F|  |TAMS 0x00000000a5e00000, 0x00000000a5e00000| Untracked 
|  81|0x00000000a5f00000, 0x00000000a5f00000, 0x00000000a6000000|  0%| F|  |TAMS 0x00000000a5f00000, 0x00000000a5f00000| Untracked 
|  82|0x00000000a6000000, 0x00000000a6000000, 0x00000000a6100000|  0%| F|  |TAMS 0x00000000a6000000, 0x00000000a6000000| Untracked 
|  83|0x00000000a6100000, 0x00000000a6100000, 0x00000000a6200000|  0%| F|  |TAMS 0x00000000a6100000, 0x00000000a6100000| Untracked 
|  84|0x00000000a6200000, 0x00000000a6200000, 0x00000000a6300000|  0%| F|  |TAMS 0x00000000a6200000, 0x00000000a6200000| Untracked 
|  85|0x00000000a6300000, 0x00000000a6300000, 0x00000000a6400000|  0%| F|  |TAMS 0x00000000a6300000, 0x00000000a6300000| Untracked 
|  86|0x00000000a6400000, 0x00000000a6400000, 0x00000000a6500000|  0%| F|  |TAMS 0x00000000a6400000, 0x00000000a6400000| Untracked 
|  87|0x00000000a6500000, 0x00000000a6500000, 0x00000000a6600000|  0%| F|  |TAMS 0x00000000a6500000, 0x00000000a6500000| Untracked 
|  88|0x00000000a6600000, 0x00000000a6600000, 0x00000000a6700000|  0%| F|  |TAMS 0x00000000a6600000, 0x00000000a6600000| Untracked 
|  89|0x00000000a6700000, 0x00000000a6700000, 0x00000000a6800000|  0%| F|  |TAMS 0x00000000a6700000, 0x00000000a6700000| Untracked 
|  90|0x00000000a6800000, 0x00000000a6880608, 0x00000000a6900000| 50%| E|  |TAMS 0x00000000a6800000, 0x00000000a6800000| Complete 
|  91|0x00000000a6900000, 0x00000000a6a00000, 0x00000000a6a00000|100%| E|CS|TAMS 0x00000000a6900000, 0x00000000a6900000| Complete 
|  92|0x00000000a6a00000, 0x00000000a6b00000, 0x00000000a6b00000|100%| E|CS|TAMS 0x00000000a6a00000, 0x00000000a6a00000| Complete 
|  93|0x00000000a6b00000, 0x00000000a6c00000, 0x00000000a6c00000|100%| E|CS|TAMS 0x00000000a6b00000, 0x00000000a6b00000| Complete 
|  94|0x00000000a6c00000, 0x00000000a6d00000, 0x00000000a6d00000|100%| E|CS|TAMS 0x00000000a6c00000, 0x00000000a6c00000| Complete 
|  95|0x00000000a6d00000, 0x00000000a6e00000, 0x00000000a6e00000|100%| E|CS|TAMS 0x00000000a6d00000, 0x00000000a6d00000| Complete 

Card table byte_map: [0x000001dd96df0000,0x000001dd970f0000] _byte_map_base: 0x000001dd968e9000

Marking Bits (Prev, Next): (CMBitMap*) 0x000001dd83cf4b78, (CMBitMap*) 0x000001dd83cf4bb0
 Prev Bits: [0x000001dd973f0000, 0x000001dd98bb8000)
 Next Bits: [0x000001dd98bc0000, 0x000001dd9a388000)

Polling page: 0x000001dd81c20000

Metaspace:

Usage:
  Non-class:     43.28 MB capacity,    42.95 MB (>99%) used,   262.26 KB ( <1%) free+waste,    75.81 KB ( <1%) overhead. 
      Class:      5.83 MB capacity,     5.58 MB ( 96%) used,   226.70 KB (  4%) free+waste,    32.56 KB ( <1%) overhead. 
       Both:     49.11 MB capacity,    48.53 MB ( 99%) used,   488.96 KB ( <1%) free+waste,   108.38 KB ( <1%) overhead. 

Virtual space:
  Non-class space:       44.00 MB reserved,      43.33 MB ( 98%) committed 
      Class space:        1.00 GB reserved,       5.88 MB ( <1%) committed 
             Both:        1.04 GB reserved,      49.20 MB (  5%) committed 

Chunk freelists:
   Non-Class:  52.00 KB
       Class:  11.00 KB
        Both:  63.00 KB

MaxMetaspaceSize: 17179869184.00 GB
CompressedClassSpaceSize: 1.00 GB

CodeHeap 'non-profiled nmethods': size=120000Kb used=2023Kb max_used=2023Kb free=117976Kb
 bounds [0x000001dd8f290000, 0x000001dd8f500000, 0x000001dd967c0000]
CodeHeap 'profiled nmethods': size=120000Kb used=10562Kb max_used=10562Kb free=109437Kb
 bounds [0x000001dd87d60000, 0x000001dd887c0000, 0x000001dd8f290000]
CodeHeap 'non-nmethods': size=5760Kb used=1196Kb max_used=1240Kb free=4563Kb
 bounds [0x000001dd877c0000, 0x000001dd87a30000, 0x000001dd87d60000]
 total_blobs=5529 nmethods=4978 adapters=460
 compilation: enabled
              stopped_count=0, restarted_count=0
 full_count=0

Compilation events (20 events):
Event: 21.593 Thread 0x000001dd9d772000 5109       2       org.jetbrains.kotlin.parsing.KotlinExpressionParsing::parseOneTokenExpression (17 bytes)
Event: 21.594 Thread 0x000001dd9d772000 nmethod 5109 0x000001dd8879c990 code [0x000001dd8879cb60, 0x000001dd8879cd28]
Event: 21.595 Thread 0x000001dd9d772000 5110       2       org.jetbrains.kotlin.parsing.PrecedingDocCommentsBinder::getEdgePosition (79 bytes)
Event: 21.597 Thread 0x000001dd9d772000 nmethod 5110 0x000001dd8879ce90 code [0x000001dd8879d120, 0x000001dd8879d708]
Event: 21.598 Thread 0x000001dd9d772000 5111 %     3       org.jetbrains.kotlin.com.intellij.util.keyFMap.ArrayBackedFMap::indexOf @ 2 (50 bytes)
Event: 21.599 Thread 0x000001dd9d772000 nmethod 5111% 0x000001dd8879db10 code [0x000001dd8879dce0, 0x000001dd8879dfb8]
Event: 21.599 Thread 0x000001dd9d772000 5112       3       org.jetbrains.kotlin.com.intellij.util.keyFMap.ArrayBackedFMap::indexOf (50 bytes)
Event: 21.600 Thread 0x000001dd9d772000 nmethod 5112 0x000001dd8879e110 code [0x000001dd8879e2e0, 0x000001dd8879e538]
Event: 21.606 Thread 0x000001dd9d772000 5113       2       kotlin.collections.CollectionsKt___CollectionsKt::firstOrNull (65 bytes)
Event: 21.607 Thread 0x000001dd9d772000 nmethod 5113 0x000001dd8879e610 code [0x000001dd8879e860, 0x000001dd8879ed08]
Event: 21.612 Thread 0x000001dd9d772000 5114       2       org.jetbrains.kotlin.resolve.DescriptorResolver::resolveValueParameterDescriptor (334 bytes)
Event: 21.622 Thread 0x000001dd9d772000 nmethod 5114 0x000001dd8879ef90 code [0x000001dd8879f500, 0x000001dd887a0c18]
Event: 21.622 Thread 0x000001dd9d772000 5117 %     3       org.jetbrains.kotlin.com.intellij.lang.impl.TokenSequence$Builder::performLexing @ 15 (149 bytes)
Event: 21.624 Thread 0x000001dd9d772000 nmethod 5117% 0x000001dd887a1b10 code [0x000001dd887a1e00, 0x000001dd887a2e78]
Event: 21.624 Thread 0x000001dd9d772000 5115       2       org.jetbrains.kotlin.resolve.DescriptorResolver::resolveValueParameterAnnotations (151 bytes)
Event: 21.628 Thread 0x000001dd9d772000 nmethod 5115 0x000001dd887a3410 code [0x000001dd887a3860, 0x000001dd887a4d48]
Event: 21.628 Thread 0x000001dd9d772000 5119       2       org.jetbrains.kotlin.descriptors.impl.AbstractTypeParameterDescriptor$TypeParameterTypeConstructor::getDeclarationDescriptor (13 bytes)
Event: 21.628 Thread 0x000001dd9d772000 nmethod 5119 0x000001dd887a5890 code [0x000001dd887a5a40, 0x000001dd887a5b68]
Event: 21.628 Thread 0x000001dd9d772000 5116       2       org.jetbrains.kotlin.psi.KtParameter::hasDefaultValue (32 bytes)
Event: 21.629 Thread 0x000001dd9d772000 nmethod 5116 0x000001dd887a5c10 code [0x000001dd887a5e00, 0x000001dd887a6078]

GC Heap History (14 events):
Event: 1.421 GC heap before
{Heap before GC invocations=0 (full 0):
 garbage-first heap   total 98304K, used 27648K [0x00000000a0e00000, 0x0000000100000000)
  region size 1024K, 24 young (24576K), 0 survivors (0K)
 Metaspace       used 12335K, capacity 12504K, committed 12800K, reserved 1060864K
  class space    used 1162K, capacity 1207K, committed 1280K, reserved 1048576K
}
Event: 1.427 GC heap after
{Heap after GC invocations=1 (full 0):
 garbage-first heap   total 98304K, used 5848K [0x00000000a0e00000, 0x0000000100000000)
  region size 1024K, 3 young (3072K), 3 survivors (3072K)
 Metaspace       used 12335K, capacity 12504K, committed 12800K, reserved 1060864K
  class space    used 1162K, capacity 1207K, committed 1280K, reserved 1048576K
}
Event: 3.671 GC heap before
{Heap before GC invocations=1 (full 0):
 garbage-first heap   total 98304K, used 42712K [0x00000000a0e00000, 0x0000000100000000)
  region size 1024K, 40 young (40960K), 3 survivors (3072K)
 Metaspace       used 20901K, capacity 21152K, committed 21296K, reserved 1069056K
  class space    used 2218K, capacity 2355K, committed 2432K, reserved 1048576K
}
Event: 3.698 GC heap after
{Heap after GC invocations=2 (full 0):
 garbage-first heap   total 98304K, used 9195K [0x00000000a0e00000, 0x0000000100000000)
  region size 1024K, 6 young (6144K), 6 survivors (6144K)
 Metaspace       used 20901K, capacity 21152K, committed 21296K, reserved 1069056K
  class space    used 2218K, capacity 2355K, committed 2432K, reserved 1048576K
}
Event: 10.403 GC heap before
{Heap before GC invocations=3 (full 0):
 garbage-first heap   total 98304K, used 59371K [0x00000000a0e00000, 0x0000000100000000)
  region size 1024K, 50 young (51200K), 6 survivors (6144K)
 Metaspace       used 31321K, capacity 31802K, committed 32048K, reserved 1077248K
  class space    used 3739K, capacity 3937K, committed 3968K, reserved 1048576K
}
Event: 10.441 GC heap after
{Heap after GC invocations=4 (full 0):
 garbage-first heap   total 98304K, used 19852K [0x00000000a0e00000, 0x0000000100000000)
  region size 1024K, 7 young (7168K), 7 survivors (7168K)
 Metaspace       used 31321K, capacity 31802K, committed 32048K, reserved 1077248K
  class space    used 3739K, capacity 3937K, committed 3968K, reserved 1048576K
}
Event: 13.348 GC heap before
{Heap before GC invocations=4 (full 0):
 garbage-first heap   total 98304K, used 39308K [0x00000000a0e00000, 0x0000000100000000)
  region size 1024K, 27 young (27648K), 7 survivors (7168K)
 Metaspace       used 35340K, capacity 35779K, committed 35920K, reserved 1081344K
  class space    used 4382K, capacity 4579K, committed 4608K, reserved 1048576K
}
Event: 13.381 GC heap after
{Heap after GC invocations=5 (full 0):
 garbage-first heap   total 98304K, used 23255K [0x00000000a0e00000, 0x0000000100000000)
  region size 1024K, 3 young (3072K), 3 survivors (3072K)
 Metaspace       used 35340K, capacity 35779K, committed 35920K, reserved 1081344K
  class space    used 4382K, capacity 4579K, committed 4608K, reserved 1048576K
}
Event: 15.818 GC heap before
{Heap before GC invocations=6 (full 0):
 garbage-first heap   total 98304K, used 59095K [0x00000000a0e00000, 0x0000000100000000)
  region size 1024K, 38 young (38912K), 3 survivors (3072K)
 Metaspace       used 41080K, capacity 41618K, committed 41936K, reserved 1085440K
  class space    used 4921K, capacity 5136K, committed 5248K, reserved 1048576K
}
Event: 15.841 GC heap after
{Heap after GC invocations=7 (full 0):
 garbage-first heap   total 98304K, used 25963K [0x00000000a0e00000, 0x0000000100000000)
  region size 1024K, 5 young (5120K), 5 survivors (5120K)
 Metaspace       used 41080K, capacity 41618K, committed 41936K, reserved 1085440K
  class space    used 4921K, capacity 5136K, committed 5248K, reserved 1048576K
}
Event: 20.366 GC heap before
{Heap before GC invocations=7 (full 0):
 garbage-first heap   total 98304K, used 63851K [0x00000000a0e00000, 0x0000000100000000)
  region size 1024K, 41 young (41984K), 5 survivors (5120K)
 Metaspace       used 47912K, capacity 48541K, committed 48720K, reserved 1091584K
  class space    used 5623K, capacity 5855K, committed 5888K, reserved 1048576K
}
Event: 20.386 GC heap after
{Heap after GC invocations=8 (full 0):
 garbage-first heap   total 98304K, used 31239K [0x00000000a0e00000, 0x0000000100000000)
  region size 1024K, 6 young (6144K), 6 survivors (6144K)
 Metaspace       used 47912K, capacity 48541K, committed 48720K, reserved 1091584K
  class space    used 5623K, capacity 5855K, committed 5888K, reserved 1048576K
}
Event: 21.154 GC heap before
{Heap before GC invocations=8 (full 0):
 garbage-first heap   total 98304K, used 66055K [0x00000000a0e00000, 0x0000000100000000)
  region size 1024K, 40 young (40960K), 6 survivors (6144K)
 Metaspace       used 49063K, capacity 49635K, committed 49872K, reserved 1093632K
  class space    used 5689K, capacity 5934K, committed 6016K, reserved 1048576K
}
Event: 21.182 GC heap after
{Heap after GC invocations=9 (full 0):
 garbage-first heap   total 98304K, used 33258K [0x00000000a0e00000, 0x0000000100000000)
  region size 1024K, 3 young (3072K), 3 survivors (3072K)
 Metaspace       used 49063K, capacity 49635K, committed 49872K, reserved 1093632K
  class space    used 5689K, capacity 5934K, committed 6016K, reserved 1048576K
}

Deoptimization events (20 events):
Event: 21.153 Thread 0x000001dd83cc3800 DEOPT PACKING pc=0x000001dd8f400108 sp=0x000000a9f85fcdb0
Event: 21.153 Thread 0x000001dd83cc3800 DEOPT UNPACKING pc=0x000001dd877e662f sp=0x000000a9f85fcd50 mode 2
Event: 21.209 Thread 0x000001dd83cc3800 Uncommon trap: trap_request=0xffffffde fr.pc=0x000001dd8f400108 relative=0x0000000000000508
Event: 21.209 Thread 0x000001dd83cc3800 Uncommon trap: reason=class_check action=maybe_recompile pc=0x000001dd8f400108 method=org.jetbrains.kotlin.com.intellij.psi.impl.source.tree.TreeElement.rawRemoveUpToWithoutNotifications(Lorg/jetbrains/kotlin/com/intellij/psi/impl/source/tree/TreeElement;
Event: 21.209 Thread 0x000001dd83cc3800 DEOPT PACKING pc=0x000001dd8f400108 sp=0x000000a9f85fcdb0
Event: 21.209 Thread 0x000001dd83cc3800 DEOPT UNPACKING pc=0x000001dd877e662f sp=0x000000a9f85fcd50 mode 2
Event: 21.232 Thread 0x000001dd83cc3800 Uncommon trap: trap_request=0xffffffde fr.pc=0x000001dd8f400108 relative=0x0000000000000508
Event: 21.232 Thread 0x000001dd83cc3800 Uncommon trap: reason=class_check action=maybe_recompile pc=0x000001dd8f400108 method=org.jetbrains.kotlin.com.intellij.psi.impl.source.tree.TreeElement.rawRemoveUpToWithoutNotifications(Lorg/jetbrains/kotlin/com/intellij/psi/impl/source/tree/TreeElement;
Event: 21.232 Thread 0x000001dd83cc3800 DEOPT PACKING pc=0x000001dd8f400108 sp=0x000000a9f85fcdb0
Event: 21.232 Thread 0x000001dd83cc3800 DEOPT UNPACKING pc=0x000001dd877e662f sp=0x000000a9f85fcd50 mode 2
Event: 21.310 Thread 0x000001dd83cc3800 Uncommon trap: trap_request=0xffffff4d fr.pc=0x000001dd8f41c424 relative=0x0000000000003fa4
Event: 21.310 Thread 0x000001dd83cc3800 Uncommon trap: reason=unstable_if action=reinterpret pc=0x000001dd8f41c424 method=org.jetbrains.kotlin.parsing.AbstractKotlinParsing.tokenMatches(Lorg/jetbrains/kotlin/com/intellij/psi/tree/IElementType;Lorg/jetbrains/kotlin/com/intellij/psi/tree/IElement
Event: 21.310 Thread 0x000001dd83cc3800 DEOPT PACKING pc=0x000001dd8f41c424 sp=0x000000a9f85fba90
Event: 21.310 Thread 0x000001dd83cc3800 DEOPT UNPACKING pc=0x000001dd877e662f sp=0x000000a9f85fb9b8 mode 2
Event: 21.326 Thread 0x000001dd83cc3800 Uncommon trap: trap_request=0xffffff4d fr.pc=0x000001dd8f3ee194 relative=0x0000000000000074
Event: 21.326 Thread 0x000001dd83cc3800 Uncommon trap: reason=unstable_if action=reinterpret pc=0x000001dd8f3ee194 method=org.jetbrains.kotlin.parsing.AbstractKotlinParsing.tokenMatches(Lorg/jetbrains/kotlin/com/intellij/psi/tree/IElementType;Lorg/jetbrains/kotlin/com/intellij/psi/tree/IElement
Event: 21.326 Thread 0x000001dd83cc3800 DEOPT PACKING pc=0x000001dd8f3ee194 sp=0x000000a9f85fba90
Event: 21.326 Thread 0x000001dd83cc3800 DEOPT UNPACKING pc=0x000001dd877e662f sp=0x000000a9f85fba10 mode 2
Event: 21.485 Thread 0x000001dd83cc3800 DEOPT PACKING pc=0x000001dd884a1dd0 sp=0x000000a9f85fd000
Event: 21.485 Thread 0x000001dd83cc3800 DEOPT UNPACKING pc=0x000001dd877e6dde sp=0x000000a9f85fc4c8 mode 0

Classes redefined (0 events):
No events

Internal exceptions (20 events):
Event: 4.614 Thread 0x000001dd83cc3800 Exception <a 'java/lang/NoSuchMethodError'{0x00000000a60cfb18}: 'java.lang.Object java.lang.invoke.DirectMethodHandle$Holder.invokeSpecial(java.lang.Object, java.lang.Object, int, int, java.lang.Object, java.lang.Object, java.lang.Object)'> (0x00000000a60cfb18) thrown at [./src/hotspot/share/interpreter/linkResolver.cpp, line 773]
Event: 4.615 Thread 0x000001dd83cc3800 Exception <a 'java/lang/NoSuchMethodError'{0x00000000a60d3350}: 'java.lang.Object java.lang.invoke.DelegatingMethodHandle$Holder.reinvoke_L(java.lang.Object, int, int, java.lang.Object, java.lang.Object, java.lang.Object)'> (0x00000000a60d3350) thrown at [./src/hotspot/share/interpreter/linkResolver.cpp, line 773]
Event: 4.616 Thread 0x000001dd83cc3800 Exception <a 'java/lang/NoSuchMethodError'{0x00000000a60d76d8}: 'java.lang.Object java.lang.invoke.DirectMethodHandle$Holder.invokeStatic(java.lang.Object, java.lang.Object, java.lang.Object, java.lang.Object, int)'> (0x00000000a60d76d8) thrown at [./src/hotspot/share/interpreter/linkResolver.cpp, line 773]
Event: 4.721 Thread 0x000001dd83cc3800 Exception <a 'sun/nio/fs/WindowsException'{0x00000000a5e175f8}> (0x00000000a5e175f8) thrown at [./src/hotspot/share/prims/jni.cpp, line 615]
Event: 4.722 Thread 0x000001dd83cc3800 Exception <a 'sun/nio/fs/WindowsException'{0x00000000a5e17e70}> (0x00000000a5e17e70) thrown at [./src/hotspot/share/prims/jni.cpp, line 615]
Event: 4.724 Thread 0x000001dd83cc3800 Exception <a 'sun/nio/fs/WindowsException'{0x00000000a5e186f8}> (0x00000000a5e186f8) thrown at [./src/hotspot/share/prims/jni.cpp, line 615]
Event: 4.724 Thread 0x000001dd83cc3800 Exception <a 'sun/nio/fs/WindowsException'{0x00000000a5e190f0}> (0x00000000a5e190f0) thrown at [./src/hotspot/share/prims/jni.cpp, line 615]
Event: 4.724 Thread 0x000001dd83cc3800 Exception <a 'sun/nio/fs/WindowsException'{0x00000000a5e199f8}> (0x00000000a5e199f8) thrown at [./src/hotspot/share/prims/jni.cpp, line 615]
Event: 4.724 Thread 0x000001dd83cc3800 Exception <a 'sun/nio/fs/WindowsException'{0x00000000a5e1a330}> (0x00000000a5e1a330) thrown at [./src/hotspot/share/prims/jni.cpp, line 615]
Event: 4.727 Thread 0x000001dd83cc3800 Exception <a 'java/lang/NoSuchMethodError'{0x00000000a5e20b40}: 'void java.lang.invoke.DirectMethodHandle$Holder.invokeStatic(java.lang.Object, java.lang.Object, java.lang.Object, java.lang.Object)'> (0x00000000a5e20b40) thrown at [./src/hotspot/share/interpreter/linkResolver.cpp, line 773]
Event: 4.946 Thread 0x000001dd83cc3800 Exception <a 'java/lang/NoSuchMethodError'{0x00000000a5bfc438}: 'void java.lang.invoke.DirectMethodHandle$Holder.invokeStaticInit(java.lang.Object, java.lang.Object)'> (0x00000000a5bfc438) thrown at [./src/hotspot/share/interpreter/linkResolver.cpp, line 773]
Event: 6.132 Thread 0x000001dd83cc3800 Exception <a 'java/lang/NoSuchMethodError'{0x00000000a54f1a90}: 'void java.lang.invoke.DirectMethodHandle$Holder.invokeVirtual(java.lang.Object, java.lang.Object)'> (0x00000000a54f1a90) thrown at [./src/hotspot/share/interpreter/linkResolver.cpp, line 773]
Event: 6.244 Thread 0x000001dd83cc3800 Exception <a 'java/lang/NoSuchMethodError'{0x00000000a5364ea0}: 'int java.lang.invoke.DirectMethodHandle$Holder.invokeVirtual(java.lang.Object, java.lang.Object)'> (0x00000000a5364ea0) thrown at [./src/hotspot/share/interpreter/linkResolver.cpp, line 773]
Event: 13.537 Thread 0x000001dd83cc3800 Exception <a 'java/lang/NoSuchMethodError'{0x00000000a6c8c2d8}: 'java.lang.Object java.lang.invoke.DirectMethodHandle$Holder.invokeVirtual(java.lang.Object, java.lang.Object, java.lang.Object)'> (0x00000000a6c8c2d8) thrown at [./src/hotspot/share/interpreter/linkResolver.cpp, line 773]
Event: 16.527 Thread 0x000001dd83cc3800 Exception <a 'java/lang/NoSuchMethodError'{0x00000000a641ee70}: 'java.lang.Object java.lang.invoke.Invokers$Holder.linkToTargetMethod(java.lang.Object, int, java.lang.Object)'> (0x00000000a641ee70) thrown at [./src/hotspot/share/interpreter/linkResolver.cpp, line 773]
Event: 16.714 Thread 0x000001dd83cc3800 Implicit null exception at 0x000001dd8f3e4df0 to 0x000001dd8f3e4eb0
Event: 17.460 Thread 0x000001dd83cc3800 Implicit null exception at 0x000001dd8f3e28cc to 0x000001dd8f3e29a8
Event: 17.745 Thread 0x000001dd83cc3800 Exception <a 'java/lang/NoSuchMethodError'{0x00000000a5a760b8}: 'java.lang.Object java.lang.invoke.DirectMethodHandle$Holder.invokeStatic(java.lang.Object, java.lang.Object, java.lang.Object, int)'> (0x00000000a5a760b8) thrown at [./src/hotspot/share/interpreter/linkResolver.cpp, line 773]
Event: 17.748 Thread 0x000001dd83cc3800 Exception <a 'java/lang/NoSuchMethodError'{0x00000000a5a79d28}: 'java.lang.Object java.lang.invoke.DirectMethodHandle$Holder.invokeSpecial(java.lang.Object, java.lang.Object, java.lang.Object, java.lang.Object, int)'> (0x00000000a5a79d28) thrown at [./src/hotspot/share/interpreter/linkResolver.cpp, line 773]
Event: 17.749 Thread 0x000001dd83cc3800 Exception <a 'java/lang/NoSuchMethodError'{0x00000000a5a7d038}: 'java.lang.Object java.lang.invoke.Invokers$Holder.linkToTargetMethod(java.lang.Object, java.lang.Object, int, java.lang.Object)'> (0x00000000a5a7d038) thrown at [./src/hotspot/share/interpreter/linkResolver.cpp, line 773]

Events (20 events):
Event: 21.139 loading class org/jetbrains/kotlin/resolve/DataClassDescriptorResolver
Event: 21.139 loading class org/jetbrains/kotlin/resolve/DataClassDescriptorResolver done
Event: 21.141 loading class org/jetbrains/kotlin/resolve/FunctionsFromAny
Event: 21.141 loading class org/jetbrains/kotlin/resolve/FunctionsFromAny done
Event: 21.153 loading class org/jetbrains/kotlin/com/intellij/psi/impl/source/tree/AstBufferUtil
Event: 21.153 loading class org/jetbrains/kotlin/com/intellij/psi/impl/source/tree/AstBufferUtil done
Event: 21.153 loading class org/jetbrains/kotlin/com/intellij/psi/impl/source/tree/AstBufferUtil$BufferVisitor
Event: 21.153 loading class org/jetbrains/kotlin/com/intellij/psi/impl/source/tree/AstBufferUtil$BufferVisitor done
Event: 21.154 loading class org/jetbrains/kotlin/com/intellij/util/WalkingState
Event: 21.154 loading class org/jetbrains/kotlin/com/intellij/util/WalkingState done
Event: 21.154 Executing VM operation: G1CollectForAllocation
Event: 21.182 Executing VM operation: G1CollectForAllocation done
Event: 21.184 loading class org/jetbrains/kotlin/com/intellij/psi/impl/source/tree/RecursiveTreeElementWalkingVisitor$1
Event: 21.184 loading class org/jetbrains/kotlin/com/intellij/psi/impl/source/tree/RecursiveTreeElementWalkingVisitor$1 done
Event: 21.186 loading class org/jetbrains/kotlin/com/intellij/psi/impl/source/tree/RecursiveTreeElementWalkingVisitor$ASTTreeGuide
Event: 21.186 loading class org/jetbrains/kotlin/com/intellij/psi/impl/source/tree/RecursiveTreeElementWalkingVisitor$ASTTreeGuide done
Event: 21.187 loading class org/jetbrains/kotlin/com/intellij/psi/impl/source/tree/ForeignLeafPsiElement
Event: 21.187 loading class org/jetbrains/kotlin/com/intellij/psi/impl/source/tree/ForeignLeafPsiElement done
Event: 21.188 Executing VM operation: Deoptimize
Event: 21.189 Executing VM operation: Deoptimize done


Dynamic libraries:
0x00007ff704e20000 - 0x00007ff704e2a000 	C:\Program Files\Android\Android Studio1\jre\bin\java.exe
0x00007ff8fcc50000 - 0x00007ff8fce48000 	C:\WINDOWS\SYSTEM32\ntdll.dll
0x00007ff8fc3a0000 - 0x00007ff8fc45f000 	C:\WINDOWS\System32\KERNEL32.DLL
0x00007ff8fa7e0000 - 0x00007ff8faab2000 	C:\WINDOWS\System32\KERNELBASE.dll
0x00007ff8fa6b0000 - 0x00007ff8fa7b0000 	C:\WINDOWS\System32\ucrtbase.dll
0x00007ff8e8100000 - 0x00007ff8e8119000 	C:\Program Files\Android\Android Studio1\jre\bin\jli.dll
0x00007ff8f2010000 - 0x00007ff8f2027000 	C:\Program Files\Android\Android Studio1\jre\bin\VCRUNTIME140.dll
0x00007ff8fbd00000 - 0x00007ff8fbea1000 	C:\WINDOWS\System32\USER32.dll
0x00007ff8fa590000 - 0x00007ff8fa5b2000 	C:\WINDOWS\System32\win32u.dll
0x00007ff8fbcd0000 - 0x00007ff8fbcfb000 	C:\WINDOWS\System32\GDI32.dll
0x00007ff8fa340000 - 0x00007ff8fa44f000 	C:\WINDOWS\System32\gdi32full.dll
0x00007ff8fa5c0000 - 0x00007ff8fa65d000 	C:\WINDOWS\System32\msvcp_win.dll
0x00007ff8ea990000 - 0x00007ff8eac2a000 	C:\WINDOWS\WinSxS\amd64_microsoft.windows.common-controls_6595b64144ccf1df_6.0.19041.1110_none_60b5254171f9507e\COMCTL32.dll
0x00007ff8fc4e0000 - 0x00007ff8fc57e000 	C:\WINDOWS\System32\msvcrt.dll
0x00007ff8fc6c0000 - 0x00007ff8fc6f2000 	C:\WINDOWS\System32\IMM32.DLL
0x00007ff8d6b50000 - 0x00007ff8d6bed000 	C:\Program Files\Android\Android Studio1\jre\bin\msvcp140.dll
0x00007ff88c010000 - 0x00007ff88cae5000 	C:\Program Files\Android\Android Studio1\jre\bin\server\jvm.dll
0x00007ff8fbeb0000 - 0x00007ff8fbf5e000 	C:\WINDOWS\System32\ADVAPI32.dll
0x00007ff8fcb70000 - 0x00007ff8fcc0c000 	C:\WINDOWS\System32\sechost.dll
0x00007ff8fc590000 - 0x00007ff8fc6b5000 	C:\WINDOWS\System32\RPCRT4.dll
0x00007ff8fbab0000 - 0x00007ff8fbab8000 	C:\WINDOWS\System32\PSAPI.DLL
0x00007ff8e60b0000 - 0x00007ff8e60b9000 	C:\WINDOWS\SYSTEM32\WSOCK32.dll
0x00007ff8e4bd0000 - 0x00007ff8e4bf7000 	C:\WINDOWS\SYSTEM32\WINMM.dll
0x00007ff8fbc60000 - 0x00007ff8fbccb000 	C:\WINDOWS\System32\WS2_32.dll
0x00007ff8effb0000 - 0x00007ff8effba000 	C:\WINDOWS\SYSTEM32\VERSION.dll
0x00007ff8f8120000 - 0x00007ff8f8132000 	C:\WINDOWS\SYSTEM32\kernel.appcore.dll
0x00007ff8da560000 - 0x00007ff8da571000 	C:\Program Files\Android\Android Studio1\jre\bin\verify.dll
0x00007ff8f26e0000 - 0x00007ff8f28c4000 	C:\WINDOWS\SYSTEM32\DBGHELP.DLL
0x00007ff8f2640000 - 0x00007ff8f2675000 	C:\WINDOWS\SYSTEM32\dbgcore.DLL
0x00007ff8fa450000 - 0x00007ff8fa4d2000 	C:\WINDOWS\System32\bcryptPrimitives.dll
0x00007ff8d76b0000 - 0x00007ff8d76d9000 	C:\Program Files\Android\Android Studio1\jre\bin\java.dll
0x00007ff8e2220000 - 0x00007ff8e222b000 	C:\Program Files\Android\Android Studio1\jre\bin\jimage.dll
0x00007ff8cfa50000 - 0x00007ff8cfa68000 	C:\Program Files\Android\Android Studio1\jre\bin\zip.dll
0x00007ff8fb0f0000 - 0x00007ff8fb835000 	C:\WINDOWS\System32\SHELL32.dll
0x00007ff8f8400000 - 0x00007ff8f8b92000 	C:\WINDOWS\SYSTEM32\windows.storage.dll
0x00007ff8fbf60000 - 0x00007ff8fc2b5000 	C:\WINDOWS\System32\combase.dll
0x00007ff8f9cc0000 - 0x00007ff8f9cf0000 	C:\WINDOWS\SYSTEM32\Wldp.dll
0x00007ff8fbbb0000 - 0x00007ff8fbc5d000 	C:\WINDOWS\System32\SHCORE.dll
0x00007ff8fb850000 - 0x00007ff8fb8a5000 	C:\WINDOWS\System32\shlwapi.dll
0x00007ff8fa280000 - 0x00007ff8fa29f000 	C:\WINDOWS\SYSTEM32\profapi.dll
0x00007ff8cf930000 - 0x00007ff8cf94a000 	C:\Program Files\Android\Android Studio1\jre\bin\net.dll
0x00007ff8f4db0000 - 0x00007ff8f4ebc000 	C:\WINDOWS\SYSTEM32\WINHTTP.dll
0x00007ff8f9a20000 - 0x00007ff8f9a8a000 	C:\WINDOWS\system32\mswsock.dll
0x00007ff8cf910000 - 0x00007ff8cf924000 	C:\Program Files\Android\Android Studio1\jre\bin\nio.dll

dbghelp: loaded successfully - version: 4.0.5 - missing functions: none
symbol engine: initialized successfully - sym options: 0x614 - pdb path: .;C:\Program Files\Android\Android Studio1\jre\bin;C:\WINDOWS\SYSTEM32;C:\WINDOWS\WinSxS\amd64_microsoft.windows.common-controls_6595b64144ccf1df_6.0.19041.1110_none_60b5254171f9507e;C:\Program Files\Android\Android Studio1\jre\bin\server

VM Arguments:
java_command: org.jetbrains.kotlin.cli.jvm.K2JVMCompiler @C:\Users\tatry\Desktop\android-projects\1446_3\app\build\20230222_14168621325222165279.compiler.options
java_class_path (initial): C:\Users\tatry\.gradle\caches\modules-2\files-2.1\org.jetbrains.kotlin\kotlin-compiler-embeddable\1.6.10\88f2073f4020cdb83132cfe940ceb9a60aba54ea\kotlin-compiler-embeddable-1.6.10.jar;C:\Users\tatry\.gradle\caches\modules-2\files-2.1\org.jetbrains.kotlin\kotlin-reflect\1.6.10\1cbe9c92c12a94eea200d23c2bbaedaf3daf5132\kotlin-reflect-1.6.10.jar;C:\Users\tatry\.gradle\caches\modules-2\files-2.1\org.jetbrains.kotlin\kotlin-stdlib\1.6.10\b8af3fe6f1ca88526914929add63cf5e7c5049af\kotlin-stdlib-1.6.10.jar;C:\Users\tatry\.gradle\caches\modules-2\files-2.1\org.jetbrains.kotlin\kotlin-script-runtime\1.6.10\d0a7ff2e2500ef497ed0214ae40ad3c8387a6164\kotlin-script-runtime-1.6.10.jar;C:\Users\tatry\.gradle\caches\modules-2\files-2.1\org.jetbrains.kotlin\kotlin-daemon-embeddable\1.6.10\a56d79bcbea411fa6058e4ecffc2de73e742bd2a\kotlin-daemon-embeddable-1.6.10.jar;C:\Users\tatry\.gradle\caches\modules-2\files-2.1\org.jetbrains.intellij.deps\trove4j\1.0.20181211\216c2e14b070f334479d800987affe4054cd563f\trove4j-1.0.20181211.jar;C:\Users\tatry\.gradle\caches\modules-2\files-2.1\net.java.dev.jna\jna\5.6.0\330f2244e9030119ab3030fc3fededc86713d9cc\jna-5.6.0.jar;C:\Users\tatry\.gradle\caches\modules-2\files-2.1\org.jetbrains\annotations\13.0\919f0dfe192fb4e063e7dacadee7f8bb9a2672a9\annotations-13.0.jar;C:\Users\tatry\.gradle\caches\modules-2\files-2.1\org.jetbrains.kotlin\kotlin-stdlib-common\1.6.10\c118700e3a33c8a0d9adc920e9dec0831171925\kotlin-stdlib-common-1.6.10.jar
Launcher Type: SUN_STANDARD

[Global flags]
     intx CICompilerCount                          = 4                                         {product} {ergonomic}
     uint ConcGCThreads                            = 2                                         {product} {ergonomic}
     uint G1ConcRefinementThreads                  = 8                                         {product} {ergonomic}
   size_t G1HeapRegionSize                         = 1048576                                   {product} {ergonomic}
    uintx GCDrainStackTargetSize                   = 64                                        {product} {ergonomic}
   size_t InitialHeapSize                          = 100663296                                 {product} {ergonomic}
   size_t MarkStackSize                            = 4194304                                   {product} {ergonomic}
   size_t MaxHeapSize                              = 1595932672                                {product} {ergonomic}
   size_t MaxNewSize                               = 957349888                                 {product} {ergonomic}
   size_t MinHeapDeltaBytes                        = 1048576                                   {product} {ergonomic}
    uintx NonNMethodCodeHeapSize                   = 5836300                                {pd product} {ergonomic}
    uintx NonProfiledCodeHeapSize                  = 122910970                              {pd product} {ergonomic}
    uintx ProfiledCodeHeapSize                     = 122910970                              {pd product} {ergonomic}
    uintx ReservedCodeCacheSize                    = 251658240                              {pd product} {ergonomic}
     bool SegmentedCodeCache                       = true                                      {product} {ergonomic}
     bool UseCompressedClassPointers               = true                                 {lp64_product} {ergonomic}
     bool UseCompressedOops                        = true                                 {lp64_product} {ergonomic}
     bool UseG1GC                                  = true                                      {product} {ergonomic}
     bool UseLargePagesIndividualAllocation        = false                                  {pd product} {ergonomic}

Logging:
Log output configuration:
 #0: stdout all=warning uptime,level,tags
 #1: stderr all=off uptime,level,tags

Environment Variables:
PATH=C:\Program Files\Common Files\Oracle\Java\javapath;C:\Program Files (x86)\Common Files\Oracle\Java\javapath;C:\WINDOWS\system32;C:\WINDOWS;C:\WINDOWS\System32\Wbem;C:\WINDOWS\System32\WindowsPowerShell\v1.0\;C:\WINDOWS\System32\OpenSSH\;C:\Program Files\Common Files\Autodesk Shared\;C:\Program Files\Microsoft SQL Server\120\Tools\Binn\;C:\Program Files\Microsoft SQL Server\130\Tools\Binn\;C:\Program Files (x86)\Windows Kits\10\Windows Performance Toolkit\;C:\Program Files\dotnet\;C:\Program Files\Microsoft SQL Server\Client SDK\ODBC\170\Tools\Binn\;C:\Program Files\MATLAB\R2021b\runtime\win64;C:\Program Files\MATLAB\R2021b\bin;C:\Program Files\nodejs\;C:\Program Files (x86)\dotnet\;C:\Program Files\Git\cmd;C:\Program Files\PowerShell\7\;C:\Program Files\MySQL\MySQL Shell 8.0\bin\;C:\Users\tatry\AppData\Local\Programs\Python\Python39\Scripts\;C:\Users\tatry\AppData\Local\Programs\Python\Python39\;C:\Users\tatry\AppData\Local\Microsoft\WindowsApps;C:\Users\tatry\AppData\Local\Programs\Microsoft VS Code\bin;C:\intelFPGA\20.1\modelsim_ase\win32aloem;C:\intelFPGA\17.1\modelsim_ase\win32aloem;C:\intelFPGA_lite\17.1\modelsim_ase\win32aloem;C:\Program Files\JetBrains\PyCharm Community Edition 2020.3.2\bin;;C:\Program Files\JetBrains\JetBrains Rider 2020.3.2\bin;;C:\Users\tatry\.dotnet\tools;C:\Users\tatry\AppData\Local\GitHubDesktop\bin;;C:\Users\tatry\AppData\Local\JetBrains\Toolbox\scripts;C:\Users\tatry\AppData\Roaming\npm
USERNAME=tatry
OS=Windows_NT
PROCESSOR_IDENTIFIER=AMD64 Family 23 Model 24 Stepping 1, AuthenticAMD



---------------  S Y S T E M  ---------------

OS: Windows 10 , 64 bit Build 19041 (10.0.19041.2546)
OS uptime: 7 days 1:24 hours

CPU:total 8 (initial active 8) (8 cores per cpu, 2 threads per core) family 23 model 24 stepping 1 microcode 0x0, cmov, cx8, fxsr, mmx, sse, sse2, sse3, ssse3, sse4.1, sse4.2, popcnt, avx, avx2, aes, clmul, mmxext, 3dnowpref, lzcnt, sse4a, ht, tsc, tscinvbit, tscinv, bmi1, bmi2, adx, s

Memory: 4k page, system-wide physical 6082M (60M free)
TotalPageFile size 24514M (AvailPageFile size 6M)
current process WorkingSet (physical memory assigned to process): 225M, peak: 225M
current process commit charge ("private bytes"): 270M, peak: 271M

vm_info: OpenJDK 64-Bit Server VM (11.0.11+9-b60-7590822) for windows-amd64 JRE (11.0.11+9-b60-7590822), built on Jul 29 2021 21:43:44 by "builder" with MS VC++ 14.0 (VS2015)

END.
