#
# There is insufficient memory for the Java Runtime Environment to continue.
# Native memory allocation (mmap) failed to map 29360128 bytes for Failed to commit area from 0x0000000088c00000 to 0x000000008a800000 of length 29360128.
# Possible reasons:
#   The system is out of physical RAM or swap space
#   The process is running with CompressedOops enabled, and the Java Heap may be blocking the growth of the native heap
# Possible solutions:
#   Reduce memory load on the system
#   Increase physical memory or swap space
#   Check if swap backing store is full
#   Decrease Java heap size (-Xmx/-Xms)
#   Decrease number of Java threads
#   Decrease Java thread stack sizes (-Xss)
#   Set larger code cache with -XX:ReservedCodeCacheSize=
#   JVM is running with Unscaled Compressed Oops mode in which the Java heap is
#     placed in the first 4GB address space. The Java Heap base address is the
#     maximum limit for the native heap growth. Please use -XX:HeapBaseMinAddress
#     to set the Java Heap base and to place the Java Heap above 4GB virtual address.
# This output file may be truncated or incomplete.
#
#  Out of Memory Error (./src/hotspot/os/windows/os_windows.cpp:3301), pid=13796, tid=20228
#
# JRE version: OpenJDK Runtime Environment (11.0.11+9) (build 11.0.11+9-b60-7590822)
# Java VM: OpenJDK 64-Bit Server VM (11.0.11+9-b60-7590822, mixed mode, tiered, compressed oops, g1 gc, windows-amd64)
# No core dump will be written. Minidumps are not enabled by default on client versions of Windows
#

---------------  S U M M A R Y ------------

Command Line: --add-opens=java.base/java.util=ALL-UNNAMED --add-opens=java.base/java.lang=ALL-UNNAMED --add-opens=java.base/java.lang.invoke=ALL-UNNAMED --add-opens=java.base/java.util=ALL-UNNAMED --add-opens=java.prefs/java.util.prefs=ALL-UNNAMED --add-opens=java.prefs/java.util.prefs=ALL-UNNAMED --add-opens=java.base/java.nio.charset=ALL-UNNAMED --add-opens=java.base/java.net=ALL-UNNAMED --add-opens=java.base/java.util.concurrent.atomic=ALL-UNNAMED -Xmx2048m -Dfile.encoding=UTF-8 -Duser.country=RU -Duser.language=ru -Duser.variant org.gradle.launcher.daemon.bootstrap.GradleDaemon 7.4

Host: AMD Ryzen 5 3500U with Radeon Vega Mobile Gfx  , 8 cores, 5G,  Windows 10 , 64 bit Build 19041 (10.0.19041.2546)
Time: Mon Apr 10 23:12:45 2023 RTZ 2 (зима) elapsed time: 42.494145 seconds (0d 0h 0m 42s)

---------------  T H R E A D  ---------------

Current thread (0x0000020cbaee5000):  VMThread "VM Thread" [stack: 0x0000003137300000,0x0000003137400000] [id=20228]

Stack: [0x0000003137300000,0x0000003137400000]
[error occurred during error reporting (printing stack bounds), id 0xc0000005, EXCEPTION_ACCESS_VIOLATION (0xc0000005) at pc=0x0000020ca4590f2d]

Native frames: (J=compiled Java code, j=interpreted, Vv=VM code, C=native code)
V  [jvm.dll+0x5f214a]
V  [jvm.dll+0x726fb5]
V  [jvm.dll+0x7285cd]
V  [jvm.dll+0x728be5]
V  [jvm.dll+0x728b9b]
V  [jvm.dll+0x5f14e8]
V  [jvm.dll+0x5f1c78]
C  [ntdll.dll+0xa241f]
C  [ntdll.dll+0x514a4]
C  [ntdll.dll+0xa0f4e]
C  0x0000020ca4590f2d

VM_Operation (0x000000313effc4b0): G1CollectForAllocation, mode: safepoint, requested by thread 0x0000020cbd9ff000


---------------  P R O C E S S  ---------------

Threads class SMR info:
_java_thread_list=0x0000020cc3e31970, length=135, elements={
0x0000020ca0a90000, 0x0000020cbaee7000, 0x0000020cbaeea000, 0x0000020cbaf0a000,
0x0000020cbaf0b000, 0x0000020cbaf0c000, 0x0000020cbaf1a000, 0x0000020cbaf1e800,
0x0000020cbaf21800, 0x0000020cbb9e2800, 0x0000020cbd02a800, 0x0000020cbd3e4000,
0x0000020cbd9e7800, 0x0000020cbdd08800, 0x0000020cbdd09000, 0x0000020cbb95c000,
0x0000020cbdcef000, 0x0000020cbd921000, 0x0000020cbd922000, 0x0000020cbbe76800,
0x0000020cbbe74000, 0x0000020cbbe73800, 0x0000020cbbe77800, 0x0000020cbbe72800,
0x0000020cbbe79000, 0x0000020cbbe75000, 0x0000020cbbe75800, 0x0000020cbbe78000,
0x0000020cbfab3800, 0x0000020cbfab4000, 0x0000020cbfab6800, 0x0000020cbfab1000,
0x0000020cbfab5000, 0x0000020cbfab6000, 0x0000020cbfab2800, 0x0000020cbfab8800,
0x0000020cbfabb800, 0x0000020cbfabc800, 0x0000020cbfabe000, 0x0000020cbfabd000,
0x0000020cbfabf000, 0x0000020cbfab9000, 0x0000020cbfabf800, 0x0000020cbfaba000,
0x0000020cbfaba800, 0x0000020cbde70800, 0x0000020cbde6e000, 0x0000020cbde6f000,
0x0000020cbde6d800, 0x0000020cbde70000, 0x0000020cbde71800, 0x0000020cbde6c000,
0x0000020cbde72800, 0x0000020cbde6c800, 0x0000020cbde78000, 0x0000020cbde79000,
0x0000020cbde75000, 0x0000020cbde73000, 0x0000020cbde74000, 0x0000020cbde76800,
0x0000020cbde77000, 0x0000020cbde75800, 0x0000020cbde79800, 0x0000020cbde7a800,
0x0000020cbbb93800, 0x0000020cbbb94800, 0x0000020cbbb97000, 0x0000020cbbb95800,
0x0000020cbbb98000, 0x0000020cbbb92000, 0x0000020cbbb96000, 0x0000020cbbb98800,
0x0000020cbbb93000, 0x0000020cbbb9d800, 0x0000020cbbb9e800, 0x0000020cbbb9c800,
0x0000020cbbb9f000, 0x0000020cbbb9c000, 0x0000020cbbb99800, 0x0000020cbbba0000,
0x0000020cbbb9a000, 0x0000020cbbba0800, 0x0000020cbbb9b000, 0x0000020cbe21c800,
0x0000020cbe21b800, 0x0000020cbe221800, 0x0000020cbe220800, 0x0000020cbe21f000,
0x0000020cbe21d800, 0x0000020cbe222800, 0x0000020cbe21e000, 0x0000020cbe225800,
0x0000020cbe223000, 0x0000020cbe224000, 0x0000020cbe224800, 0x0000020cbe220000,
0x0000020cbe227000, 0x0000020cbe228000, 0x0000020cbe229800, 0x0000020cbe229000,
0x0000020cbe226800, 0x0000020cbe22a800, 0x0000020cbd9f0800, 0x0000020cbd9f4000,
0x0000020cbd9f3000, 0x0000020cbd9f4800, 0x0000020cbd9f1800, 0x0000020cbd9f5800,
0x0000020cbd9f6000, 0x0000020cbd9f7000, 0x0000020cbd9f8000, 0x0000020cbd9f2000,
0x0000020cbd9f8800, 0x0000020cbd9fd800, 0x0000020cbd9fe800, 0x0000020cbd9ff000,
0x0000020cbd9f9800, 0x0000020cbd9fa800, 0x0000020cbd9fb000, 0x0000020cbd9fc000,
0x0000020cbd9fc800, 0x0000020cbe13a800, 0x0000020cbe137800, 0x0000020cbe13b800,
0x0000020cbe138000, 0x0000020cbe13c000, 0x0000020cbe139000, 0x0000020cbe13d000,
0x0000020cbe13f800, 0x0000020cbe139800, 0x0000020cbe142800, 0x0000020cbe142000,
0x0000020cbe143800, 0x0000020cbe13e000, 0x0000020cbe140800
}

Java Threads: ( => current thread )
  0x0000020ca0a90000 JavaThread "main" [_thread_blocked, id=14420, stack(0x0000003136d00000,0x0000003136e00000)]
  0x0000020cbaee7000 JavaThread "Reference Handler" daemon [_thread_blocked, id=13128, stack(0x0000003137400000,0x0000003137500000)]
  0x0000020cbaeea000 JavaThread "Finalizer" daemon [_thread_blocked, id=20868, stack(0x0000003137500000,0x0000003137600000)]
  0x0000020cbaf0a000 JavaThread "Signal Dispatcher" daemon [_thread_blocked, id=22592, stack(0x0000003137600000,0x0000003137700000)]
  0x0000020cbaf0b000 JavaThread "Attach Listener" daemon [_thread_blocked, id=14932, stack(0x0000003137700000,0x0000003137800000)]
  0x0000020cbaf0c000 JavaThread "Service Thread" daemon [_thread_blocked, id=5520, stack(0x0000003137800000,0x0000003137900000)]
  0x0000020cbaf1a000 JavaThread "C2 CompilerThread0" daemon [_thread_blocked, id=22496, stack(0x0000003137900000,0x0000003137a00000)]
  0x0000020cbaf1e800 JavaThread "C1 CompilerThread0" daemon [_thread_blocked, id=21668, stack(0x0000003137a00000,0x0000003137b00000)]
  0x0000020cbaf21800 JavaThread "Sweeper thread" daemon [_thread_blocked, id=22764, stack(0x0000003137b00000,0x0000003137c00000)]
  0x0000020cbb9e2800 JavaThread "Common-Cleaner" daemon [_thread_blocked, id=9932, stack(0x0000003137c00000,0x0000003137d00000)]
  0x0000020cbd02a800 JavaThread "Daemon health stats" [_thread_blocked, id=22724, stack(0x0000003137f00000,0x0000003138000000)]
  0x0000020cbd3e4000 JavaThread "Incoming local TCP Connector on port 58617" [_thread_in_native, id=14352, stack(0x0000003138000000,0x0000003138100000)]
  0x0000020cbd9e7800 JavaThread "Daemon periodic checks" [_thread_blocked, id=23012, stack(0x0000003138100000,0x0000003138200000)]
  0x0000020cbdd08800 JavaThread "Daemon" [_thread_blocked, id=8112, stack(0x0000003138200000,0x0000003138300000)]
  0x0000020cbdd09000 JavaThread "Handler for socket connection from /127.0.0.1:58617 to /127.0.0.1:58618" [_thread_in_native, id=21444, stack(0x0000003138300000,0x0000003138400000)]
  0x0000020cbb95c000 JavaThread "Cancel handler" [_thread_blocked, id=21792, stack(0x0000003138400000,0x0000003138500000)]
  0x0000020cbdcef000 JavaThread "Daemon worker" [_thread_blocked, id=22700, stack(0x0000003138500000,0x0000003138600000)]
  0x0000020cbd921000 JavaThread "Asynchronous log dispatcher for DefaultDaemonConnection: socket connection from /127.0.0.1:58617 to /127.0.0.1:58618" [_thread_blocked, id=23240, stack(0x0000003138600000,0x0000003138700000)]
  0x0000020cbd922000 JavaThread "Stdin handler" [_thread_blocked, id=24236, stack(0x0000003138700000,0x0000003138800000)]
  0x0000020cbbe76800 JavaThread "Daemon client event forwarder" [_thread_blocked, id=21704, stack(0x0000003138800000,0x0000003138900000)]
  0x0000020cbbe74000 JavaThread "Cache worker for journal cache (C:\Users\tatry\.gradle\caches\journal-1)" [_thread_blocked, id=23872, stack(0x0000003138f00000,0x0000003139000000)]
  0x0000020cbbe73800 JavaThread "File lock request listener" [_thread_in_native, id=1724, stack(0x0000003139000000,0x0000003139100000)]
  0x0000020cbbe77800 JavaThread "Cache worker for file hash cache (C:\Users\tatry\.gradle\caches\7.4\fileHashes)" [_thread_blocked, id=16320, stack(0x0000003139100000,0x0000003139200000)]
  0x0000020cbbe72800 JavaThread "File watcher server" daemon [_thread_blocked, id=21508, stack(0x0000003139300000,0x0000003139400000)]
  0x0000020cbbe79000 JavaThread "File watcher consumer" daemon [_thread_blocked, id=252, stack(0x0000003139400000,0x0000003139500000)]
  0x0000020cbbe75000 JavaThread "Cache worker for checksums cache (C:\Users\tatry\Desktop\android-projects\1446_3\.gradle\7.4\checksums)" [_thread_blocked, id=21844, stack(0x0000003139500000,0x0000003139600000)]
  0x0000020cbbe75800 JavaThread "Cache worker for cache directory md-rule (C:\Users\tatry\.gradle\caches\7.4\md-rule)" [_thread_blocked, id=23092, stack(0x0000003139600000,0x0000003139700000)]
  0x0000020cbbe78000 JavaThread "Cache worker for file hash cache (C:\Users\tatry\Desktop\android-projects\1446_3\.gradle\7.4\fileHashes)" [_thread_blocked, id=15112, stack(0x0000003139700000,0x0000003139800000)]
  0x0000020cbfab3800 JavaThread "Cache worker for cache directory md-supplier (C:\Users\tatry\.gradle\caches\7.4\md-supplier)" [_thread_blocked, id=23164, stack(0x0000003139800000,0x0000003139900000)]
  0x0000020cbfab4000 JavaThread "Cache worker for execution history cache (C:\Users\tatry\.gradle\caches\7.4\executionHistory)" [_thread_blocked, id=18700, stack(0x0000003139900000,0x0000003139a00000)]
  0x0000020cbfab6800 JavaThread "jar transforms" [_thread_blocked, id=11684, stack(0x0000003139a00000,0x0000003139b00000)]
  0x0000020cbfab1000 JavaThread "Cache worker for file content cache (C:\Users\tatry\.gradle\caches\7.4\fileContent)" [_thread_blocked, id=18332, stack(0x0000003139b00000,0x0000003139c00000)]
  0x0000020cbfab5000 JavaThread "jar transforms Thread 2" [_thread_blocked, id=23548, stack(0x0000003139c00000,0x0000003139d00000)]
  0x0000020cbfab6000 JavaThread "Cache worker for dependencies-accessors (C:\Users\tatry\Desktop\android-projects\1446_3\.gradle\7.4\dependencies-accessors)" [_thread_blocked, id=16696, stack(0x0000003139d00000,0x0000003139e00000)]
  0x0000020cbfab2800 JavaThread "jar transforms Thread 3" [_thread_blocked, id=19012, stack(0x0000003139e00000,0x0000003139f00000)]
  0x0000020cbfab8800 JavaThread "Cache worker for Build Output Cleanup Cache (C:\Users\tatry\Desktop\android-projects\1446_3\.gradle\buildOutputCleanup)" [_thread_blocked, id=22928, stack(0x0000003139f00000,0x000000313a000000)]
  0x0000020cbfabb800 JavaThread "Unconstrained build operations" [_thread_blocked, id=2592, stack(0x000000313a000000,0x000000313a100000)]
  0x0000020cbfabc800 JavaThread "Unconstrained build operations Thread 2" [_thread_blocked, id=22136, stack(0x000000313a100000,0x000000313a200000)]
  0x0000020cbfabe000 JavaThread "Unconstrained build operations Thread 3" [_thread_blocked, id=24196, stack(0x000000313a200000,0x000000313a300000)]
  0x0000020cbfabd000 JavaThread "Unconstrained build operations Thread 4" [_thread_blocked, id=15016, stack(0x000000313a300000,0x000000313a400000)]
  0x0000020cbfabf000 JavaThread "Unconstrained build operations Thread 5" [_thread_blocked, id=21868, stack(0x000000313a400000,0x000000313a500000)]
  0x0000020cbfab9000 JavaThread "Unconstrained build operations Thread 6" [_thread_blocked, id=15988, stack(0x000000313a500000,0x000000313a600000)]
  0x0000020cbfabf800 JavaThread "Unconstrained build operations Thread 7" [_thread_blocked, id=20032, stack(0x000000313a600000,0x000000313a700000)]
  0x0000020cbfaba000 JavaThread "Unconstrained build operations Thread 8" [_thread_blocked, id=9476, stack(0x000000313a700000,0x000000313a800000)]
  0x0000020cbfaba800 JavaThread "Unconstrained build operations Thread 9" [_thread_blocked, id=3972, stack(0x000000313a800000,0x000000313a900000)]
  0x0000020cbde70800 JavaThread "Unconstrained build operations Thread 10" [_thread_blocked, id=14428, stack(0x000000313a900000,0x000000313aa00000)]
  0x0000020cbde6e000 JavaThread "Unconstrained build operations Thread 11" [_thread_blocked, id=18412, stack(0x000000313aa00000,0x000000313ab00000)]
  0x0000020cbde6f000 JavaThread "Unconstrained build operations Thread 12" [_thread_blocked, id=23044, stack(0x000000313ab00000,0x000000313ac00000)]
  0x0000020cbde6d800 JavaThread "Unconstrained build operations Thread 13" [_thread_blocked, id=476, stack(0x000000313ac00000,0x000000313ad00000)]
  0x0000020cbde70000 JavaThread "Unconstrained build operations Thread 14" [_thread_blocked, id=15864, stack(0x000000313ad00000,0x000000313ae00000)]
  0x0000020cbde71800 JavaThread "Unconstrained build operations Thread 15" [_thread_blocked, id=19256, stack(0x000000313ae00000,0x000000313af00000)]
  0x0000020cbde6c000 JavaThread "Unconstrained build operations Thread 16" [_thread_blocked, id=15852, stack(0x000000313af00000,0x000000313b000000)]
  0x0000020cbde72800 JavaThread "Unconstrained build operations Thread 17" [_thread_blocked, id=16824, stack(0x000000313b000000,0x000000313b100000)]
  0x0000020cbde6c800 JavaThread "Unconstrained build operations Thread 18" [_thread_blocked, id=18284, stack(0x000000313b100000,0x000000313b200000)]
  0x0000020cbde78000 JavaThread "Unconstrained build operations Thread 19" [_thread_blocked, id=10456, stack(0x000000313b200000,0x000000313b300000)]
  0x0000020cbde79000 JavaThread "Unconstrained build operations Thread 20" [_thread_blocked, id=22456, stack(0x000000313b300000,0x000000313b400000)]
  0x0000020cbde75000 JavaThread "Unconstrained build operations Thread 21" [_thread_blocked, id=18756, stack(0x000000313b400000,0x000000313b500000)]
  0x0000020cbde73000 JavaThread "Unconstrained build operations Thread 22" [_thread_blocked, id=21956, stack(0x000000313b500000,0x000000313b600000)]
  0x0000020cbde74000 JavaThread "Unconstrained build operations Thread 23" [_thread_blocked, id=20984, stack(0x000000313b600000,0x000000313b700000)]
  0x0000020cbde76800 JavaThread "Unconstrained build operations Thread 24" [_thread_blocked, id=14648, stack(0x000000313b700000,0x000000313b800000)]
  0x0000020cbde77000 JavaThread "Unconstrained build operations Thread 25" [_thread_blocked, id=13024, stack(0x000000313b800000,0x000000313b900000)]
  0x0000020cbde75800 JavaThread "Unconstrained build operations Thread 26" [_thread_blocked, id=22940, stack(0x000000313b900000,0x000000313ba00000)]
  0x0000020cbde79800 JavaThread "Unconstrained build operations Thread 27" [_thread_blocked, id=14000, stack(0x000000313ba00000,0x000000313bb00000)]
  0x0000020cbde7a800 JavaThread "Unconstrained build operations Thread 28" [_thread_blocked, id=1680, stack(0x000000313bb00000,0x000000313bc00000)]
  0x0000020cbbb93800 JavaThread "Unconstrained build operations Thread 29" [_thread_blocked, id=18560, stack(0x000000313bc00000,0x000000313bd00000)]
  0x0000020cbbb94800 JavaThread "Unconstrained build operations Thread 30" [_thread_blocked, id=20596, stack(0x000000313bd00000,0x000000313be00000)]
  0x0000020cbbb97000 JavaThread "Unconstrained build operations Thread 31" [_thread_blocked, id=17288, stack(0x000000313be00000,0x000000313bf00000)]
  0x0000020cbbb95800 JavaThread "Unconstrained build operations Thread 32" [_thread_blocked, id=14484, stack(0x000000313bf00000,0x000000313c000000)]
  0x0000020cbbb98000 JavaThread "Unconstrained build operations Thread 33" [_thread_blocked, id=15148, stack(0x000000313c000000,0x000000313c100000)]
  0x0000020cbbb92000 JavaThread "Unconstrained build operations Thread 34" [_thread_blocked, id=22704, stack(0x000000313c100000,0x000000313c200000)]
  0x0000020cbbb96000 JavaThread "Unconstrained build operations Thread 35" [_thread_blocked, id=13044, stack(0x000000313c200000,0x000000313c300000)]
  0x0000020cbbb98800 JavaThread "Unconstrained build operations Thread 36" [_thread_blocked, id=22320, stack(0x000000313c300000,0x000000313c400000)]
  0x0000020cbbb93000 JavaThread "Unconstrained build operations Thread 37" [_thread_blocked, id=24252, stack(0x000000313c400000,0x000000313c500000)]
  0x0000020cbbb9d800 JavaThread "Unconstrained build operations Thread 38" [_thread_blocked, id=23816, stack(0x000000313c500000,0x000000313c600000)]
  0x0000020cbbb9e800 JavaThread "Unconstrained build operations Thread 39" [_thread_blocked, id=8072, stack(0x000000313c600000,0x000000313c700000)]
  0x0000020cbbb9c800 JavaThread "Unconstrained build operations Thread 40" [_thread_blocked, id=24288, stack(0x000000313c700000,0x000000313c800000)]
  0x0000020cbbb9f000 JavaThread "Unconstrained build operations Thread 41" [_thread_blocked, id=22448, stack(0x000000313c800000,0x000000313c900000)]
  0x0000020cbbb9c000 JavaThread "Unconstrained build operations Thread 42" [_thread_blocked, id=23580, stack(0x000000313c900000,0x000000313ca00000)]
  0x0000020cbbb99800 JavaThread "Unconstrained build operations Thread 43" [_thread_blocked, id=912, stack(0x000000313ca00000,0x000000313cb00000)]
  0x0000020cbbba0000 JavaThread "Unconstrained build operations Thread 44" [_thread_blocked, id=22576, stack(0x000000313cb00000,0x000000313cc00000)]
  0x0000020cbbb9a000 JavaThread "Unconstrained build operations Thread 45" [_thread_blocked, id=6624, stack(0x000000313cc00000,0x000000313cd00000)]
  0x0000020cbbba0800 JavaThread "Unconstrained build operations Thread 46" [_thread_blocked, id=22068, stack(0x000000313cd00000,0x000000313ce00000)]
  0x0000020cbbb9b000 JavaThread "Unconstrained build operations Thread 47" [_thread_blocked, id=7704, stack(0x000000313ce00000,0x000000313cf00000)]
  0x0000020cbe21c800 JavaThread "Unconstrained build operations Thread 48" [_thread_blocked, id=16988, stack(0x000000313cf00000,0x000000313d000000)]
  0x0000020cbe21b800 JavaThread "Unconstrained build operations Thread 49" [_thread_blocked, id=13036, stack(0x000000313d000000,0x000000313d100000)]
  0x0000020cbe221800 JavaThread "Unconstrained build operations Thread 50" [_thread_blocked, id=2808, stack(0x000000313d100000,0x000000313d200000)]
  0x0000020cbe220800 JavaThread "Unconstrained build operations Thread 51" [_thread_blocked, id=19128, stack(0x000000313d200000,0x000000313d300000)]
  0x0000020cbe21f000 JavaThread "Unconstrained build operations Thread 52" [_thread_blocked, id=1892, stack(0x000000313d300000,0x000000313d400000)]
  0x0000020cbe21d800 JavaThread "Unconstrained build operations Thread 53" [_thread_blocked, id=7392, stack(0x000000313d400000,0x000000313d500000)]
  0x0000020cbe222800 JavaThread "Unconstrained build operations Thread 54" [_thread_blocked, id=24308, stack(0x000000313d500000,0x000000313d600000)]
  0x0000020cbe21e000 JavaThread "Unconstrained build operations Thread 55" [_thread_blocked, id=21972, stack(0x000000313d600000,0x000000313d700000)]
  0x0000020cbe225800 JavaThread "Unconstrained build operations Thread 56" [_thread_blocked, id=1220, stack(0x000000313d700000,0x000000313d800000)]
  0x0000020cbe223000 JavaThread "Unconstrained build operations Thread 57" [_thread_blocked, id=21176, stack(0x000000313d800000,0x000000313d900000)]
  0x0000020cbe224000 JavaThread "Unconstrained build operations Thread 58" [_thread_blocked, id=11444, stack(0x000000313d900000,0x000000313da00000)]
  0x0000020cbe224800 JavaThread "Unconstrained build operations Thread 59" [_thread_blocked, id=16876, stack(0x000000313da00000,0x000000313db00000)]
  0x0000020cbe220000 JavaThread "Unconstrained build operations Thread 60" [_thread_blocked, id=23780, stack(0x000000313db00000,0x000000313dc00000)]
  0x0000020cbe227000 JavaThread "Unconstrained build operations Thread 61" [_thread_blocked, id=23344, stack(0x000000313dc00000,0x000000313dd00000)]
  0x0000020cbe228000 JavaThread "Unconstrained build operations Thread 62" [_thread_blocked, id=24432, stack(0x000000313dd00000,0x000000313de00000)]
  0x0000020cbe229800 JavaThread "Unconstrained build operations Thread 63" [_thread_blocked, id=11316, stack(0x000000313de00000,0x000000313df00000)]
  0x0000020cbe229000 JavaThread "Unconstrained build operations Thread 64" [_thread_blocked, id=17372, stack(0x000000313df00000,0x000000313e000000)]
  0x0000020cbe226800 JavaThread "Unconstrained build operations Thread 65" [_thread_blocked, id=21268, stack(0x000000313e000000,0x000000313e100000)]
  0x0000020cbe22a800 JavaThread "Unconstrained build operations Thread 66" [_thread_blocked, id=9448, stack(0x000000313e100000,0x000000313e200000)]
  0x0000020cbd9f0800 JavaThread "Unconstrained build operations Thread 67" [_thread_blocked, id=24400, stack(0x000000313e200000,0x000000313e300000)]
  0x0000020cbd9f4000 JavaThread "Unconstrained build operations Thread 68" [_thread_blocked, id=21632, stack(0x000000313e300000,0x000000313e400000)]
  0x0000020cbd9f3000 JavaThread "Unconstrained build operations Thread 69" [_thread_blocked, id=608, stack(0x000000313e400000,0x000000313e500000)]
  0x0000020cbd9f4800 JavaThread "Unconstrained build operations Thread 70" [_thread_blocked, id=21548, stack(0x000000313e500000,0x000000313e600000)]
  0x0000020cbd9f1800 JavaThread "Unconstrained build operations Thread 71" [_thread_blocked, id=17524, stack(0x000000313e600000,0x000000313e700000)]
  0x0000020cbd9f5800 JavaThread "Unconstrained build operations Thread 72" [_thread_blocked, id=20100, stack(0x000000313e700000,0x000000313e800000)]
  0x0000020cbd9f6000 JavaThread "Unconstrained build operations Thread 73" [_thread_blocked, id=3688, stack(0x000000313e800000,0x000000313e900000)]
  0x0000020cbd9f7000 JavaThread "Unconstrained build operations Thread 74" [_thread_blocked, id=19024, stack(0x000000313e900000,0x000000313ea00000)]
  0x0000020cbd9f8000 JavaThread "Unconstrained build operations Thread 75" [_thread_blocked, id=18448, stack(0x000000313ea00000,0x000000313eb00000)]
  0x0000020cbd9f2000 JavaThread "Unconstrained build operations Thread 76" [_thread_blocked, id=24352, stack(0x000000313eb00000,0x000000313ec00000)]
  0x0000020cbd9f8800 JavaThread "Unconstrained build operations Thread 77" [_thread_blocked, id=5236, stack(0x000000313ec00000,0x000000313ed00000)]
  0x0000020cbd9fd800 JavaThread "Unconstrained build operations Thread 78" [_thread_blocked, id=18368, stack(0x000000313ed00000,0x000000313ee00000)]
  0x0000020cbd9fe800 JavaThread "Unconstrained build operations Thread 79" [_thread_blocked, id=22040, stack(0x000000313ee00000,0x000000313ef00000)]
  0x0000020cbd9ff000 JavaThread "Unconstrained build operations Thread 80" [_thread_blocked, id=23852, stack(0x000000313ef00000,0x000000313f000000)]
  0x0000020cbd9f9800 JavaThread "jar transforms Thread 4" [_thread_blocked, id=21748, stack(0x000000313f000000,0x000000313f100000)]
  0x0000020cbd9fa800 JavaThread "jar transforms Thread 5" [_thread_blocked, id=10452, stack(0x000000313f100000,0x000000313f200000)]
  0x0000020cbd9fb000 JavaThread "jar transforms Thread 6" [_thread_blocked, id=16792, stack(0x000000313f200000,0x000000313f300000)]
  0x0000020cbd9fc000 JavaThread "jar transforms Thread 7" [_thread_blocked, id=21828, stack(0x000000313f300000,0x000000313f400000)]
  0x0000020cbd9fc800 JavaThread "jar transforms Thread 8" [_thread_blocked, id=18224, stack(0x000000313f400000,0x000000313f500000)]
  0x0000020cbe13a800 JavaThread "Memory manager" [_thread_blocked, id=23392, stack(0x000000313f500000,0x000000313f600000)]
  0x0000020cbe137800 JavaThread "build event listener" [_thread_blocked, id=20404, stack(0x000000313f600000,0x000000313f700000)]
  0x0000020cbe13b800 JavaThread "build event listener" [_thread_blocked, id=23028, stack(0x000000313f900000,0x000000313fa00000)]
  0x0000020cbe138000 JavaThread "pool-3-thread-1" [_thread_blocked, id=20324, stack(0x000000313fa00000,0x000000313fb00000)]
  0x0000020cbe13c000 JavaThread "build event listener" [_thread_blocked, id=18800, stack(0x000000313fb00000,0x000000313fc00000)]
  0x0000020cbe139000 JavaThread "included builds" [_thread_blocked, id=14612, stack(0x000000313fc00000,0x000000313fd00000)]
  0x0000020cbe13d000 JavaThread "Execution worker for ':'" [_thread_blocked, id=23328, stack(0x000000313fd00000,0x000000313fe00000)]
  0x0000020cbe13f800 JavaThread "Execution worker for ':' Thread 2" [_thread_blocked, id=19296, stack(0x000000313fe00000,0x000000313ff00000)]
  0x0000020cbe139800 JavaThread "Execution worker for ':' Thread 3" [_thread_blocked, id=6184, stack(0x000000313ff00000,0x0000003140000000)]
  0x0000020cbe142800 JavaThread "Execution worker for ':' Thread 4" [_thread_blocked, id=23380, stack(0x0000003140000000,0x0000003140100000)]
  0x0000020cbe142000 JavaThread "Execution worker for ':' Thread 5" [_thread_blocked, id=22012, stack(0x0000003140100000,0x0000003140200000)]
  0x0000020cbe143800 JavaThread "Execution worker for ':' Thread 6" [_thread_blocked, id=21840, stack(0x0000003140200000,0x0000003140300000)]
  0x0000020cbe13e000 JavaThread "Execution worker for ':' Thread 7" [_thread_blocked, id=1752, stack(0x0000003140300000,0x0000003140400000)]
  0x0000020cbe140800 JavaThread "Cache worker for execution history cache (C:\Users\tatry\Desktop\android-projects\1446_3\.gradle\7.4\executionHistory)" [_thread_blocked, id=16544, stack(0x0000003140400000,0x0000003140500000)]

Other Threads:
=>0x0000020cbaee5000 VMThread "VM Thread" [stack: 0x0000003137300000,0x0000003137400000] [id=20228]
  0x0000020cbb9fe000 WatcherThread [stack: 0x0000003137d00000,0x0000003137e00000] [id=2236]
  0x0000020ca0aa8800 GCTaskThread "GC Thread#0" [stack: 0x0000003136e00000,0x0000003136f00000] [id=18840]
  0x0000020cbc3b0000 GCTaskThread "GC Thread#1" [stack: 0x0000003137e00000,0x0000003137f00000] [id=8160]
  0x0000020cbb959000 GCTaskThread "GC Thread#2" [stack: 0x0000003138900000,0x0000003138a00000] [id=17424]
  0x0000020cbcb0e000 GCTaskThread "GC Thread#3" [stack: 0x0000003138a00000,0x0000003138b00000] [id=2444]
  0x0000020cbc6f8800 GCTaskThread "GC Thread#4" [stack: 0x0000003138b00000,0x0000003138c00000] [id=4696]
  0x0000020cbc6f9000 GCTaskThread "GC Thread#5" [stack: 0x0000003138c00000,0x0000003138d00000] [id=11336]
  0x0000020cbbe46800 GCTaskThread "GC Thread#6" [stack: 0x0000003138d00000,0x0000003138e00000] [id=18740]
  0x0000020cbbe47000 GCTaskThread "GC Thread#7" [stack: 0x0000003138e00000,0x0000003138f00000] [id=16556]
  0x0000020ca0adb800 ConcurrentGCThread "G1 Main Marker" [stack: 0x0000003136f00000,0x0000003137000000] [id=15024]
  0x0000020ca0adc800 ConcurrentGCThread "G1 Conc#0" [stack: 0x0000003137000000,0x0000003137100000] [id=17480]
  0x0000020cbc6a2800 ConcurrentGCThread "G1 Conc#1" [stack: 0x0000003139200000,0x0000003139300000] [id=14544]
  0x0000020ca0b66800 ConcurrentGCThread "G1 Refine#0" [stack: 0x0000003137100000,0x0000003137200000] [id=24112]
  0x0000020ca0b67800 ConcurrentGCThread "G1 Young RemSet Sampling" [stack: 0x0000003137200000,0x0000003137300000] [id=18860]

Threads with active compile tasks:
C2 CompilerThread0  42567 10995       4       com.google.common.collect.ImmutableSortedMap$Builder::put (9 bytes)

VM state:at safepoint (normal execution)

VM Mutex/Monitor currently owned by a thread:  ([mutex/lock_event])
[0x0000020ca0a8d280] Threads_lock - owner thread: 0x0000020cbaee5000
[0x0000020ca0a8cc50] Heap_lock - owner thread: 0x0000020cbd9ff000

Heap address: 0x0000000080000000, size: 2048 MB, Compressed Oops mode: 32-bit
Narrow klass base: 0x0000000000000000, Narrow klass shift: 3
Compressed class space size: 1073741824 Address: 0x0000000100000000

Heap:
 garbage-first heap   total 172032K, used 91119K [0x0000000080000000, 0x0000000100000000)
  region size 1024K, 4 young (4096K), 4 survivors (4096K)
 Metaspace       used 90778K, capacity 93084K, committed 93312K, reserved 1130496K
  class space    used 11691K, capacity 12597K, committed 12672K, reserved 1048576K
Heap Regions: E=young(eden), S=young(survivor), O=old, HS=humongous(starts), HC=humongous(continues), CS=collection set, F=free, A=archive, TAMS=top-at-mark-start (previous, next)
|   0|0x0000000080000000, 0x0000000080100000, 0x0000000080100000|100%| O|  |TAMS 0x0000000080100000, 0x0000000080100000| Untracked 
|   1|0x0000000080100000, 0x0000000080200000, 0x0000000080200000|100%| O|  |TAMS 0x0000000080200000, 0x0000000080200000| Untracked 
|   2|0x0000000080200000, 0x0000000080300000, 0x0000000080300000|100%| O|  |TAMS 0x0000000080300000, 0x0000000080300000| Untracked 
|   3|0x0000000080300000, 0x0000000080400000, 0x0000000080400000|100%|HS|  |TAMS 0x0000000080400000, 0x0000000080400000| Complete 
|   4|0x0000000080400000, 0x0000000080500000, 0x0000000080500000|100%|HC|  |TAMS 0x0000000080500000, 0x0000000080500000| Complete 
|   5|0x0000000080500000, 0x0000000080600000, 0x0000000080600000|100%|HC|  |TAMS 0x0000000080600000, 0x0000000080600000| Complete 
|   6|0x0000000080600000, 0x0000000080700000, 0x0000000080700000|100%| O|  |TAMS 0x0000000080700000, 0x0000000080700000| Untracked 
|   7|0x0000000080700000, 0x0000000080800000, 0x0000000080800000|100%| O|  |TAMS 0x0000000080800000, 0x0000000080800000| Untracked 
|   8|0x0000000080800000, 0x0000000080900000, 0x0000000080900000|100%| O|  |TAMS 0x0000000080900000, 0x0000000080900000| Untracked 
|   9|0x0000000080900000, 0x0000000080a00000, 0x0000000080a00000|100%| O|  |TAMS 0x0000000080a00000, 0x0000000080a00000| Untracked 
|  10|0x0000000080a00000, 0x0000000080b00000, 0x0000000080b00000|100%| O|  |TAMS 0x0000000080b00000, 0x0000000080b00000| Untracked 
|  11|0x0000000080b00000, 0x0000000080c00000, 0x0000000080c00000|100%| O|  |TAMS 0x0000000080c00000, 0x0000000080c00000| Untracked 
|  12|0x0000000080c00000, 0x0000000080d00000, 0x0000000080d00000|100%| O|  |TAMS 0x0000000080d00000, 0x0000000080d00000| Untracked 
|  13|0x0000000080d00000, 0x0000000080e00000, 0x0000000080e00000|100%| O|  |TAMS 0x0000000080e00000, 0x0000000080e00000| Untracked 
|  14|0x0000000080e00000, 0x0000000080f00000, 0x0000000080f00000|100%| O|  |TAMS 0x0000000080f00000, 0x0000000080f00000| Untracked 
|  15|0x0000000080f00000, 0x0000000081000000, 0x0000000081000000|100%| O|  |TAMS 0x0000000081000000, 0x0000000081000000| Untracked 
|  16|0x0000000081000000, 0x0000000081100000, 0x0000000081100000|100%| O|  |TAMS 0x0000000081100000, 0x0000000081100000| Untracked 
|  17|0x0000000081100000, 0x0000000081200000, 0x0000000081200000|100%| O|  |TAMS 0x0000000081200000, 0x0000000081200000| Untracked 
|  18|0x0000000081200000, 0x0000000081300000, 0x0000000081300000|100%| O|  |TAMS 0x0000000081300000, 0x0000000081300000| Untracked 
|  19|0x0000000081300000, 0x0000000081400000, 0x0000000081400000|100%| O|  |TAMS 0x0000000081400000, 0x0000000081400000| Untracked 
|  20|0x0000000081400000, 0x0000000081500000, 0x0000000081500000|100%| O|  |TAMS 0x0000000081500000, 0x0000000081500000| Untracked 
|  21|0x0000000081500000, 0x0000000081600000, 0x0000000081600000|100%| O|  |TAMS 0x0000000081600000, 0x0000000081600000| Untracked 
|  22|0x0000000081600000, 0x0000000081700000, 0x0000000081700000|100%| O|  |TAMS 0x0000000081700000, 0x0000000081700000| Untracked 
|  23|0x0000000081700000, 0x0000000081800000, 0x0000000081800000|100%| O|  |TAMS 0x0000000081800000, 0x0000000081800000| Untracked 
|  24|0x0000000081800000, 0x0000000081900000, 0x0000000081900000|100%| O|  |TAMS 0x0000000081900000, 0x0000000081900000| Untracked 
|  25|0x0000000081900000, 0x0000000081a00000, 0x0000000081a00000|100%| O|  |TAMS 0x0000000081a00000, 0x0000000081a00000| Untracked 
|  26|0x0000000081a00000, 0x0000000081b00000, 0x0000000081b00000|100%| O|  |TAMS 0x0000000081b00000, 0x0000000081b00000| Untracked 
|  27|0x0000000081b00000, 0x0000000081c00000, 0x0000000081c00000|100%| O|  |TAMS 0x0000000081c00000, 0x0000000081c00000| Untracked 
|  28|0x0000000081c00000, 0x0000000081d00000, 0x0000000081d00000|100%| O|  |TAMS 0x0000000081d00000, 0x0000000081d00000| Untracked 
|  29|0x0000000081d00000, 0x0000000081e00000, 0x0000000081e00000|100%| O|  |TAMS 0x0000000081e00000, 0x0000000081e00000| Untracked 
|  30|0x0000000081e00000, 0x0000000081f00000, 0x0000000081f00000|100%| O|  |TAMS 0x0000000081f00000, 0x0000000081f00000| Untracked 
|  31|0x0000000081f00000, 0x0000000082000000, 0x0000000082000000|100%|HS|  |TAMS 0x0000000082000000, 0x0000000082000000| Complete 
|  32|0x0000000082000000, 0x0000000082100000, 0x0000000082100000|100%|HS|  |TAMS 0x0000000082100000, 0x0000000082100000| Complete 
|  33|0x0000000082100000, 0x0000000082200000, 0x0000000082200000|100%|HS|  |TAMS 0x0000000082200000, 0x0000000082200000| Complete 
|  34|0x0000000082200000, 0x0000000082300000, 0x0000000082300000|100%|HS|  |TAMS 0x0000000082300000, 0x0000000082300000| Complete 
|  35|0x0000000082300000, 0x0000000082400000, 0x0000000082400000|100%|HS|  |TAMS 0x0000000082400000, 0x0000000082400000| Complete 
|  36|0x0000000082400000, 0x0000000082500000, 0x0000000082500000|100%|HC|  |TAMS 0x0000000082500000, 0x0000000082500000| Complete 
|  37|0x0000000082500000, 0x0000000082600000, 0x0000000082600000|100%|HC|  |TAMS 0x0000000082600000, 0x0000000082600000| Complete 
|  38|0x0000000082600000, 0x0000000082700000, 0x0000000082700000|100%|HS|  |TAMS 0x0000000082700000, 0x0000000082700000| Complete 
|  39|0x0000000082700000, 0x0000000082800000, 0x0000000082800000|100%|HC|  |TAMS 0x0000000082800000, 0x0000000082800000| Complete 
|  40|0x0000000082800000, 0x0000000082900000, 0x0000000082900000|100%| O|  |TAMS 0x0000000082900000, 0x0000000082900000| Untracked 
|  41|0x0000000082900000, 0x0000000082a00000, 0x0000000082a00000|100%| O|  |TAMS 0x0000000082a00000, 0x0000000082a00000| Untracked 
|  42|0x0000000082a00000, 0x0000000082b00000, 0x0000000082b00000|100%| O|  |TAMS 0x0000000082b00000, 0x0000000082b00000| Untracked 
|  43|0x0000000082b00000, 0x0000000082c00000, 0x0000000082c00000|100%| O|  |TAMS 0x0000000082c00000, 0x0000000082c00000| Untracked 
|  44|0x0000000082c00000, 0x0000000082d00000, 0x0000000082d00000|100%| O|  |TAMS 0x0000000082d00000, 0x0000000082d00000| Untracked 
|  45|0x0000000082d00000, 0x0000000082e00000, 0x0000000082e00000|100%| O|  |TAMS 0x0000000082e00000, 0x0000000082e00000| Untracked 
|  46|0x0000000082e00000, 0x0000000082f00000, 0x0000000082f00000|100%| O|  |TAMS 0x0000000082f00000, 0x0000000082f00000| Untracked 
|  47|0x0000000082f00000, 0x0000000083000000, 0x0000000083000000|100%| O|  |TAMS 0x0000000083000000, 0x0000000083000000| Untracked 
|  48|0x0000000083000000, 0x0000000083100000, 0x0000000083100000|100%| O|  |TAMS 0x0000000083100000, 0x0000000083100000| Untracked 
|  49|0x0000000083100000, 0x0000000083200000, 0x0000000083200000|100%| O|  |TAMS 0x0000000083200000, 0x0000000083200000| Untracked 
|  50|0x0000000083200000, 0x0000000083300000, 0x0000000083300000|100%| O|  |TAMS 0x0000000083300000, 0x0000000083300000| Untracked 
|  51|0x0000000083300000, 0x0000000083400000, 0x0000000083400000|100%| O|  |TAMS 0x0000000083400000, 0x0000000083400000| Untracked 
|  52|0x0000000083400000, 0x0000000083500000, 0x0000000083500000|100%| O|  |TAMS 0x0000000083500000, 0x0000000083500000| Untracked 
|  53|0x0000000083500000, 0x0000000083600000, 0x0000000083600000|100%| O|  |TAMS 0x0000000083600000, 0x0000000083600000| Untracked 
|  54|0x0000000083600000, 0x0000000083700000, 0x0000000083700000|100%| O|  |TAMS 0x0000000083700000, 0x0000000083700000| Untracked 
|  55|0x0000000083700000, 0x0000000083800000, 0x0000000083800000|100%| O|  |TAMS 0x0000000083800000, 0x0000000083800000| Untracked 
|  56|0x0000000083800000, 0x0000000083900000, 0x0000000083900000|100%| O|  |TAMS 0x0000000083900000, 0x0000000083900000| Untracked 
|  57|0x0000000083900000, 0x0000000083a00000, 0x0000000083a00000|100%| O|  |TAMS 0x0000000083a00000, 0x0000000083a00000| Untracked 
|  58|0x0000000083a00000, 0x0000000083b00000, 0x0000000083b00000|100%| O|  |TAMS 0x0000000083b00000, 0x0000000083b00000| Untracked 
|  59|0x0000000083b00000, 0x0000000083c00000, 0x0000000083c00000|100%| O|  |TAMS 0x0000000083c00000, 0x0000000083c00000| Untracked 
|  60|0x0000000083c00000, 0x0000000083d00000, 0x0000000083d00000|100%| O|  |TAMS 0x0000000083d00000, 0x0000000083d00000| Untracked 
|  61|0x0000000083d00000, 0x0000000083e00000, 0x0000000083e00000|100%| O|  |TAMS 0x0000000083e00000, 0x0000000083e00000| Untracked 
|  62|0x0000000083e00000, 0x0000000083f00000, 0x0000000083f00000|100%| O|  |TAMS 0x0000000083f00000, 0x0000000083f00000| Untracked 
|  63|0x0000000083f00000, 0x0000000084000000, 0x0000000084000000|100%| O|  |TAMS 0x0000000084000000, 0x0000000084000000| Untracked 
|  64|0x0000000084000000, 0x0000000084100000, 0x0000000084100000|100%| O|  |TAMS 0x0000000084100000, 0x0000000084100000| Untracked 
|  65|0x0000000084100000, 0x0000000084200000, 0x0000000084200000|100%| O|  |TAMS 0x0000000084200000, 0x0000000084200000| Untracked 
|  66|0x0000000084200000, 0x0000000084300000, 0x0000000084300000|100%| O|  |TAMS 0x0000000084300000, 0x0000000084300000| Untracked 
|  67|0x0000000084300000, 0x0000000084400000, 0x0000000084400000|100%| O|  |TAMS 0x0000000084400000, 0x0000000084400000| Untracked 
|  68|0x0000000084400000, 0x0000000084500000, 0x0000000084500000|100%| O|  |TAMS 0x0000000084500000, 0x0000000084500000| Untracked 
|  69|0x0000000084500000, 0x0000000084600000, 0x0000000084600000|100%| O|  |TAMS 0x0000000084600000, 0x0000000084600000| Untracked 
|  70|0x0000000084600000, 0x0000000084700000, 0x0000000084700000|100%| O|  |TAMS 0x0000000084700000, 0x0000000084700000| Untracked 
|  71|0x0000000084700000, 0x0000000084800000, 0x0000000084800000|100%| O|  |TAMS 0x0000000084800000, 0x0000000084800000| Untracked 
|  72|0x0000000084800000, 0x0000000084900000, 0x0000000084900000|100%| O|  |TAMS 0x0000000084900000, 0x0000000084900000| Untracked 
|  73|0x0000000084900000, 0x0000000084a00000, 0x0000000084a00000|100%| O|  |TAMS 0x0000000084a00000, 0x0000000084a00000| Untracked 
|  74|0x0000000084a00000, 0x0000000084b00000, 0x0000000084b00000|100%| O|  |TAMS 0x0000000084b00000, 0x0000000084b00000| Untracked 
|  75|0x0000000084b00000, 0x0000000084c00000, 0x0000000084c00000|100%| O|  |TAMS 0x0000000084c00000, 0x0000000084c00000| Untracked 
|  76|0x0000000084c00000, 0x0000000084d00000, 0x0000000084d00000|100%| O|  |TAMS 0x0000000084d00000, 0x0000000084d00000| Untracked 
|  77|0x0000000084d00000, 0x0000000084e00000, 0x0000000084e00000|100%| O|  |TAMS 0x0000000084e00000, 0x0000000084e00000| Untracked 
|  78|0x0000000084e00000, 0x0000000084f00000, 0x0000000084f00000|100%| O|  |TAMS 0x0000000084f00000, 0x0000000084f00000| Untracked 
|  79|0x0000000084f00000, 0x0000000085000000, 0x0000000085000000|100%| O|  |TAMS 0x0000000085000000, 0x0000000085000000| Untracked 
|  80|0x0000000085000000, 0x0000000085100000, 0x0000000085100000|100%| O|  |TAMS 0x0000000085100000, 0x0000000085100000| Untracked 
|  81|0x0000000085100000, 0x0000000085200000, 0x0000000085200000|100%| O|  |TAMS 0x00000000851c4400, 0x0000000085200000| Untracked 
|  82|0x0000000085200000, 0x0000000085300000, 0x0000000085300000|100%| O|  |TAMS 0x0000000085200000, 0x0000000085300000| Untracked 
|  83|0x0000000085300000, 0x0000000085400000, 0x0000000085400000|100%| O|  |TAMS 0x0000000085300000, 0x0000000085400000| Untracked 
|  84|0x0000000085400000, 0x00000000854fbe00, 0x0000000085500000| 98%| O|  |TAMS 0x0000000085400000, 0x00000000854fbe00| Untracked 
|  85|0x0000000085500000, 0x0000000085500000, 0x0000000085600000|  0%| F|  |TAMS 0x0000000085500000, 0x0000000085500000| Untracked 
|  86|0x0000000085600000, 0x0000000085600000, 0x0000000085700000|  0%| F|  |TAMS 0x0000000085600000, 0x0000000085600000| Untracked 
|  87|0x0000000085700000, 0x0000000085700000, 0x0000000085800000|  0%| F|  |TAMS 0x0000000085700000, 0x0000000085700000| Untracked 
|  88|0x0000000085800000, 0x0000000085800000, 0x0000000085900000|  0%| F|  |TAMS 0x0000000085800000, 0x0000000085800000| Untracked 
|  89|0x0000000085900000, 0x0000000085900000, 0x0000000085a00000|  0%| F|  |TAMS 0x0000000085900000, 0x0000000085900000| Untracked 
|  90|0x0000000085a00000, 0x0000000085a00000, 0x0000000085b00000|  0%| F|  |TAMS 0x0000000085a00000, 0x0000000085a00000| Untracked 
|  91|0x0000000085b00000, 0x0000000085b00000, 0x0000000085c00000|  0%| F|  |TAMS 0x0000000085b00000, 0x0000000085b00000| Untracked 
|  92|0x0000000085c00000, 0x0000000085c00000, 0x0000000085d00000|  0%| F|  |TAMS 0x0000000085c00000, 0x0000000085c00000| Untracked 
|  93|0x0000000085d00000, 0x0000000085d00000, 0x0000000085e00000|  0%| F|  |TAMS 0x0000000085d00000, 0x0000000085d00000| Untracked 
|  94|0x0000000085e00000, 0x0000000085e00000, 0x0000000085f00000|  0%| F|  |TAMS 0x0000000085e00000, 0x0000000085e00000| Untracked 
|  95|0x0000000085f00000, 0x0000000085f00000, 0x0000000086000000|  0%| F|  |TAMS 0x0000000085f00000, 0x0000000085f00000| Untracked 
|  96|0x0000000086000000, 0x0000000086000000, 0x0000000086100000|  0%| F|  |TAMS 0x0000000086000000, 0x0000000086000000| Untracked 
|  97|0x0000000086100000, 0x0000000086100000, 0x0000000086200000|  0%| F|  |TAMS 0x0000000086100000, 0x0000000086100000| Untracked 
|  98|0x0000000086200000, 0x0000000086200000, 0x0000000086300000|  0%| F|  |TAMS 0x0000000086200000, 0x0000000086200000| Untracked 
|  99|0x0000000086300000, 0x0000000086300000, 0x0000000086400000|  0%| F|  |TAMS 0x0000000086300000, 0x0000000086300000| Untracked 
| 100|0x0000000086400000, 0x0000000086400000, 0x0000000086500000|  0%| F|  |TAMS 0x0000000086400000, 0x0000000086400000| Untracked 
| 101|0x0000000086500000, 0x0000000086500000, 0x0000000086600000|  0%| F|  |TAMS 0x0000000086500000, 0x0000000086500000| Untracked 
| 102|0x0000000086600000, 0x0000000086600000, 0x0000000086700000|  0%| F|  |TAMS 0x0000000086600000, 0x0000000086600000| Untracked 
| 103|0x0000000086700000, 0x0000000086700000, 0x0000000086800000|  0%| F|  |TAMS 0x0000000086700000, 0x0000000086700000| Untracked 
| 104|0x0000000086800000, 0x0000000086800000, 0x0000000086900000|  0%| F|  |TAMS 0x0000000086800000, 0x0000000086800000| Untracked 
| 105|0x0000000086900000, 0x0000000086900000, 0x0000000086a00000|  0%| F|  |TAMS 0x0000000086900000, 0x0000000086900000| Untracked 
| 106|0x0000000086a00000, 0x0000000086a00000, 0x0000000086b00000|  0%| F|  |TAMS 0x0000000086a00000, 0x0000000086a00000| Untracked 
| 107|0x0000000086b00000, 0x0000000086c00000, 0x0000000086c00000|100%| S|CS|TAMS 0x0000000086b00000, 0x0000000086b00000| Complete 
| 108|0x0000000086c00000, 0x0000000086d00000, 0x0000000086d00000|100%| S|CS|TAMS 0x0000000086c00000, 0x0000000086c00000| Complete 
| 109|0x0000000086d00000, 0x0000000086e00000, 0x0000000086e00000|100%| S|CS|TAMS 0x0000000086d00000, 0x0000000086d00000| Complete 
| 110|0x0000000086e00000, 0x0000000086f00000, 0x0000000086f00000|100%| S|CS|TAMS 0x0000000086e00000, 0x0000000086e00000| Complete 
| 111|0x0000000086f00000, 0x0000000086f00000, 0x0000000087000000|  0%| F|  |TAMS 0x0000000086f00000, 0x0000000086f00000| Untracked 
| 112|0x0000000087000000, 0x0000000087000000, 0x0000000087100000|  0%| F|  |TAMS 0x0000000087000000, 0x0000000087000000| Untracked 
| 113|0x0000000087100000, 0x0000000087100000, 0x0000000087200000|  0%| F|  |TAMS 0x0000000087100000, 0x0000000087100000| Untracked 
| 114|0x0000000087200000, 0x0000000087200000, 0x0000000087300000|  0%| F|  |TAMS 0x0000000087200000, 0x0000000087200000| Untracked 
| 115|0x0000000087300000, 0x0000000087300000, 0x0000000087400000|  0%| F|  |TAMS 0x0000000087300000, 0x0000000087300000| Untracked 
| 116|0x0000000087400000, 0x0000000087400000, 0x0000000087500000|  0%| F|  |TAMS 0x0000000087400000, 0x0000000087400000| Untracked 
| 117|0x0000000087500000, 0x0000000087500000, 0x0000000087600000|  0%| F|  |TAMS 0x0000000087500000, 0x0000000087500000| Untracked 
| 118|0x0000000087600000, 0x0000000087600000, 0x0000000087700000|  0%| F|  |TAMS 0x0000000087600000, 0x0000000087600000| Untracked 
| 119|0x0000000087700000, 0x0000000087700000, 0x0000000087800000|  0%| F|  |TAMS 0x0000000087700000, 0x0000000087700000| Untracked 
| 120|0x0000000087800000, 0x0000000087800000, 0x0000000087900000|  0%| F|  |TAMS 0x0000000087800000, 0x0000000087800000| Untracked 
| 121|0x0000000087900000, 0x0000000087900000, 0x0000000087a00000|  0%| F|  |TAMS 0x0000000087900000, 0x0000000087900000| Untracked 
| 122|0x0000000087a00000, 0x0000000087a00000, 0x0000000087b00000|  0%| F|  |TAMS 0x0000000087a00000, 0x0000000087a00000| Untracked 
| 123|0x0000000087b00000, 0x0000000087b00000, 0x0000000087c00000|  0%| F|  |TAMS 0x0000000087b00000, 0x0000000087b00000| Untracked 
| 124|0x0000000087c00000, 0x0000000087c00000, 0x0000000087d00000|  0%| F|  |TAMS 0x0000000087c00000, 0x0000000087c00000| Untracked 
| 125|0x0000000087d00000, 0x0000000087d00000, 0x0000000087e00000|  0%| F|  |TAMS 0x0000000087d00000, 0x0000000087d00000| Untracked 
| 126|0x0000000087e00000, 0x0000000087e00000, 0x0000000087f00000|  0%| F|  |TAMS 0x0000000087e00000, 0x0000000087e00000| Untracked 
| 127|0x0000000087f00000, 0x0000000087f00000, 0x0000000088000000|  0%| F|  |TAMS 0x0000000087f00000, 0x0000000087f00000| Untracked 
| 128|0x0000000088000000, 0x0000000088000000, 0x0000000088100000|  0%| F|  |TAMS 0x0000000088000000, 0x0000000088000000| Untracked 
| 129|0x0000000088100000, 0x0000000088100000, 0x0000000088200000|  0%| F|  |TAMS 0x0000000088100000, 0x0000000088100000| Untracked 
| 130|0x0000000088200000, 0x0000000088200000, 0x0000000088300000|  0%| F|  |TAMS 0x0000000088200000, 0x0000000088200000| Untracked 
| 131|0x0000000088300000, 0x0000000088300000, 0x0000000088400000|  0%| F|  |TAMS 0x0000000088300000, 0x0000000088300000| Untracked 
| 132|0x0000000088400000, 0x0000000088400000, 0x0000000088500000|  0%| F|  |TAMS 0x0000000088400000, 0x0000000088400000| Untracked 
| 133|0x0000000088500000, 0x0000000088500000, 0x0000000088600000|  0%| F|  |TAMS 0x0000000088500000, 0x0000000088500000| Untracked 
| 134|0x0000000088600000, 0x0000000088600000, 0x0000000088700000|  0%| F|  |TAMS 0x0000000088600000, 0x0000000088600000| Untracked 
| 135|0x0000000088700000, 0x0000000088700000, 0x0000000088800000|  0%| F|  |TAMS 0x0000000088700000, 0x0000000088700000| Untracked 
| 136|0x0000000088800000, 0x0000000088800000, 0x0000000088900000|  0%| F|  |TAMS 0x0000000088800000, 0x0000000088800000| Untracked 
| 137|0x0000000088900000, 0x0000000088900000, 0x0000000088a00000|  0%| F|  |TAMS 0x0000000088900000, 0x0000000088900000| Untracked 
| 138|0x0000000088a00000, 0x0000000088a00000, 0x0000000088b00000|  0%| F|  |TAMS 0x0000000088a00000, 0x0000000088a00000| Untracked 
| 139|0x0000000088b00000, 0x0000000088b00000, 0x0000000088c00000|  0%| F|  |TAMS 0x0000000088b00000, 0x0000000088b00000| Untracked 

Card table byte_map: [0x0000020cb3cc0000,0x0000020cb40c0000] _byte_map_base: 0x0000020cb38c0000

Marking Bits (Prev, Next): (CMBitMap*) 0x0000020ca0ad2ba0, (CMBitMap*) 0x0000020ca0ad2b68
 Prev Bits: [0x0000020cb64c0000, 0x0000020cb84c0000)
 Next Bits: [0x0000020cb44c0000, 0x0000020cb64c0000)

Polling page: 0x0000020c9ea60000

Metaspace:

Usage:
  Non-class:     78.60 MB capacity,    77.23 MB ( 98%) used,     1.11 MB (  1%) free+waste,   264.19 KB ( <1%) overhead. 
      Class:     12.30 MB capacity,    11.42 MB ( 93%) used,   786.70 KB (  6%) free+waste,   118.88 KB ( <1%) overhead. 
       Both:     90.90 MB capacity,    88.65 MB ( 98%) used,     1.88 MB (  2%) free+waste,   383.06 KB ( <1%) overhead. 

Virtual space:
  Non-class space:       80.00 MB reserved,      78.75 MB ( 98%) committed 
      Class space:        1.00 GB reserved,      12.38 MB (  1%) committed 
             Both:        1.08 GB reserved,      91.13 MB (  8%) committed 

Chunk freelists:
   Non-Class:  25.00 KB
       Class:  11.00 KB
        Both:  36.00 KB

MaxMetaspaceSize: 17179869184.00 GB
CompressedClassSpaceSize: 1.00 GB

CodeHeap 'non-profiled nmethods': size=120000Kb used=5354Kb max_used=5354Kb free=114645Kb
 bounds [0x0000020cac060000, 0x0000020cac5a0000, 0x0000020cb3590000]
CodeHeap 'profiled nmethods': size=120000Kb used=22096Kb max_used=22096Kb free=97903Kb
 bounds [0x0000020ca4b30000, 0x0000020ca60d0000, 0x0000020cac060000]
CodeHeap 'non-nmethods': size=5760Kb used=2292Kb max_used=2340Kb free=3467Kb
 bounds [0x0000020ca4590000, 0x0000020ca4800000, 0x0000020ca4b30000]
 total_blobs=11576 nmethods=10685 adapters=801
 compilation: enabled
              stopped_count=0, restarted_count=0
 full_count=0

Compilation events (20 events):
Event: 42.440 Thread 0x0000020cbaf1e800 11027       3       org.gradle.api.internal.artifacts.transform.CacheableInvocation$$Lambda$1083/0x0000000100c23c40::<init> (15 bytes)
Event: 42.440 Thread 0x0000020cbaf1e800 nmethod 11027 0x0000020ca60c1690 code [0x0000020ca60c1840, 0x0000020ca60c1a58]
Event: 42.440 Thread 0x0000020cbaf1e800 11024       3       org.gradle.api.internal.artifacts.transform.CacheableInvocation$$Lambda$1082/0x0000000100c24440::<init> (10 bytes)
Event: 42.440 Thread 0x0000020cbaf1e800 nmethod 11024 0x0000020ca60c1b10 code [0x0000020ca60c1cc0, 0x0000020ca60c1e78]
Event: 42.440 Thread 0x0000020cbaf1e800 11025       3       org.gradle.api.internal.artifacts.transform.TransformingAsyncArtifactListener$TransformedArtifact$$Lambda$1080/0x0000000100c24c40::apply (12 bytes)
Event: 42.441 Thread 0x0000020cbaf1e800 nmethod 11025 0x0000020ca60c1f10 code [0x0000020ca60c20e0, 0x0000020ca60c23a8]
Event: 42.441 Thread 0x0000020cbaf1e800 11032       3       org.gradle.api.internal.artifacts.transform.CacheableInvocation$$Lambda$1082/0x0000000100c24440::apply (12 bytes)
Event: 42.441 Thread 0x0000020cbaf1e800 nmethod 11032 0x0000020ca60c2510 code [0x0000020ca60c2720, 0x0000020ca60c2d38]
Event: 42.441 Thread 0x0000020cbaf1e800 11012       1       org.gradle.api.internal.file.collections.DefaultConfigurableFileCollection::access$800 (5 bytes)
Event: 42.441 Thread 0x0000020cbaf1e800 nmethod 11012 0x0000020cac597790 code [0x0000020cac597940, 0x0000020cac5979d8]
Event: 42.441 Thread 0x0000020cbaf1e800 11018       3       org.gradle.api.internal.provider.DefaultPropertyFactory::property (13 bytes)
Event: 42.442 Thread 0x0000020cbaf1e800 nmethod 11018 0x0000020ca60c2f10 code [0x0000020ca60c3180, 0x0000020ca60c3e08]
Event: 42.442 Thread 0x0000020cbaf1e800 11021       1       org.gradle.internal.fingerprint.classpath.impl.ClasspathFingerprintingStrategy::normalizePath (3 bytes)
Event: 42.442 Thread 0x0000020cbaf1e800 nmethod 11021 0x0000020cac597a90 code [0x0000020cac597c40, 0x0000020cac597cf8]
Event: 42.442 Thread 0x0000020cbaf1e800 11015       1       org.gradle.api.internal.artifacts.transform.DefaultTransformationRegistrationFactory$DefaultArtifactTransformRegistration::getFrom (5 bytes)
Event: 42.442 Thread 0x0000020cbaf1e800 nmethod 11015 0x0000020cac597d90 code [0x0000020cac597f40, 0x0000020cac597ff8]
Event: 42.448 Thread 0x0000020cbaf1a000 nmethod 10994 0x0000020cac598090 code [0x0000020cac598320, 0x0000020cac599240]
Event: 42.448 Thread 0x0000020cbaf1a000 11014       4       java.util.AbstractCollection::toArray (144 bytes)
Event: 42.455 Thread 0x0000020cbaf1a000 nmethod 11014 0x0000020cac599f90 code [0x0000020cac59a140, 0x0000020cac59a598]
Event: 42.455 Thread 0x0000020cbaf1a000 10995       4       com.google.common.collect.ImmutableSortedMap$Builder::put (9 bytes)

GC Heap History (20 events):
Event: 32.427 GC heap after
{Heap after GC invocations=39 (full 0):
 garbage-first heap   total 118784K, used 73423K [0x0000000080000000, 0x0000000100000000)
  region size 1024K, 2 young (2048K), 2 survivors (2048K)
 Metaspace       used 79400K, capacity 81304K, committed 81536K, reserved 1120256K
  class space    used 10293K, capacity 11028K, committed 11136K, reserved 1048576K
}
Event: 32.981 GC heap before
{Heap before GC invocations=40 (full 0):
 garbage-first heap   total 118784K, used 92879K [0x0000000080000000, 0x0000000100000000)
  region size 1024K, 21 young (21504K), 2 survivors (2048K)
 Metaspace       used 81248K, capacity 83095K, committed 83200K, reserved 1122304K
  class space    used 10541K, capacity 11259K, committed 11264K, reserved 1048576K
}
Event: 32.991 GC heap after
{Heap after GC invocations=41 (full 0):
 garbage-first heap   total 118784K, used 74434K [0x0000000080000000, 0x0000000100000000)
  region size 1024K, 2 young (2048K), 2 survivors (2048K)
 Metaspace       used 81248K, capacity 83095K, committed 83200K, reserved 1122304K
  class space    used 10541K, capacity 11259K, committed 11264K, reserved 1048576K
}
Event: 33.809 GC heap before
{Heap before GC invocations=41 (full 0):
 garbage-first heap   total 118784K, used 94914K [0x0000000080000000, 0x0000000100000000)
  region size 1024K, 22 young (22528K), 2 survivors (2048K)
 Metaspace       used 83912K, capacity 85882K, committed 86016K, reserved 1124352K
  class space    used 10906K, capacity 11664K, committed 11776K, reserved 1048576K
}
Event: 33.815 GC heap after
{Heap after GC invocations=42 (full 0):
 garbage-first heap   total 118784K, used 75591K [0x0000000080000000, 0x0000000100000000)
  region size 1024K, 3 young (3072K), 3 survivors (3072K)
 Metaspace       used 83912K, capacity 85882K, committed 86016K, reserved 1124352K
  class space    used 10906K, capacity 11664K, committed 11776K, reserved 1048576K
}
Event: 34.385 GC heap before
{Heap before GC invocations=43 (full 0):
 garbage-first heap   total 118784K, used 95047K [0x0000000080000000, 0x0000000100000000)
  region size 1024K, 22 young (22528K), 3 survivors (3072K)
 Metaspace       used 85338K, capacity 87305K, committed 87424K, reserved 1124352K
  class space    used 11086K, capacity 11838K, committed 11904K, reserved 1048576K
}
Event: 34.395 GC heap after
{Heap after GC invocations=44 (full 0):
 garbage-first heap   total 118784K, used 77182K [0x0000000080000000, 0x0000000100000000)
  region size 1024K, 3 young (3072K), 3 survivors (3072K)
 Metaspace       used 85338K, capacity 87305K, committed 87424K, reserved 1124352K
  class space    used 11086K, capacity 11838K, committed 11904K, reserved 1048576K
}
Event: 34.817 GC heap before
{Heap before GC invocations=44 (full 0):
 garbage-first heap   total 118784K, used 96638K [0x0000000080000000, 0x0000000100000000)
  region size 1024K, 22 young (22528K), 3 survivors (3072K)
 Metaspace       used 86774K, capacity 88718K, committed 88832K, reserved 1126400K
  class space    used 11246K, capacity 12003K, committed 12032K, reserved 1048576K
}
Event: 34.831 GC heap after
{Heap after GC invocations=45 (full 0):
 garbage-first heap   total 118784K, used 80681K [0x0000000080000000, 0x0000000100000000)
  region size 1024K, 3 young (3072K), 3 survivors (3072K)
 Metaspace       used 86774K, capacity 88718K, committed 88832K, reserved 1126400K
  class space    used 11246K, capacity 12003K, committed 12032K, reserved 1048576K
}
Event: 35.331 GC heap before
{Heap before GC invocations=46 (full 0):
 garbage-first heap   total 118784K, used 97065K [0x0000000080000000, 0x0000000100000000)
  region size 1024K, 20 young (20480K), 3 survivors (3072K)
 Metaspace       used 88877K, capacity 91073K, committed 91264K, reserved 1128448K
  class space    used 11547K, capacity 12362K, committed 12416K, reserved 1048576K
}
Event: 35.341 GC heap after
{Heap after GC invocations=47 (full 0):
 garbage-first heap   total 118784K, used 82155K [0x0000000080000000, 0x0000000100000000)
  region size 1024K, 2 young (2048K), 2 survivors (2048K)
 Metaspace       used 88877K, capacity 91073K, committed 91264K, reserved 1128448K
  class space    used 11547K, capacity 12362K, committed 12416K, reserved 1048576K
}
Event: 36.676 GC heap before
{Heap before GC invocations=47 (full 0):
 garbage-first heap   total 118784K, used 98539K [0x0000000080000000, 0x0000000100000000)
  region size 1024K, 18 young (18432K), 2 survivors (2048K)
 Metaspace       used 89523K, capacity 91733K, committed 91904K, reserved 1128448K
  class space    used 11596K, capacity 12424K, committed 12544K, reserved 1048576K
}
Event: 36.688 GC heap after
{Heap after GC invocations=48 (full 0):
 garbage-first heap   total 143360K, used 83710K [0x0000000080000000, 0x0000000100000000)
  region size 1024K, 3 young (3072K), 3 survivors (3072K)
 Metaspace       used 89523K, capacity 91733K, committed 91904K, reserved 1128448K
  class space    used 11596K, capacity 12424K, committed 12544K, reserved 1048576K
}
Event: 37.684 GC heap before
{Heap before GC invocations=49 (full 0):
 garbage-first heap   total 143360K, used 109310K [0x0000000080000000, 0x0000000100000000)
  region size 1024K, 28 young (28672K), 3 survivors (3072K)
 Metaspace       used 90031K, capacity 92263K, committed 92416K, reserved 1128448K
  class space    used 11650K, capacity 12509K, committed 12544K, reserved 1048576K
}
Event: 37.692 GC heap after
{Heap after GC invocations=50 (full 0):
 garbage-first heap   total 143360K, used 85690K [0x0000000080000000, 0x0000000100000000)
  region size 1024K, 4 young (4096K), 4 survivors (4096K)
 Metaspace       used 90031K, capacity 92263K, committed 92416K, reserved 1128448K
  class space    used 11650K, capacity 12509K, committed 12544K, reserved 1048576K
}
Event: 39.189 GC heap before
{Heap before GC invocations=50 (full 0):
 garbage-first heap   total 143360K, used 110266K [0x0000000080000000, 0x0000000100000000)
  region size 1024K, 29 young (29696K), 4 survivors (4096K)
 Metaspace       used 90192K, capacity 92465K, committed 92672K, reserved 1130496K
  class space    used 11650K, capacity 12509K, committed 12544K, reserved 1048576K
}
Event: 39.199 GC heap after
{Heap after GC invocations=51 (full 0):
 garbage-first heap   total 143360K, used 87045K [0x0000000080000000, 0x0000000100000000)
  region size 1024K, 4 young (4096K), 4 survivors (4096K)
 Metaspace       used 90192K, capacity 92465K, committed 92672K, reserved 1130496K
  class space    used 11650K, capacity 12509K, committed 12544K, reserved 1048576K
}
Event: 41.758 GC heap before
{Heap before GC invocations=52 (full 0):
 garbage-first heap   total 143360K, used 112645K [0x0000000080000000, 0x0000000100000000)
  region size 1024K, 30 young (30720K), 4 survivors (4096K)
 Metaspace       used 90573K, capacity 92876K, committed 92928K, reserved 1130496K
  class space    used 11681K, capacity 12523K, committed 12544K, reserved 1048576K
}
Event: 41.769 GC heap after
{Heap after GC invocations=53 (full 0):
 garbage-first heap   total 143360K, used 89108K [0x0000000080000000, 0x0000000100000000)
  region size 1024K, 4 young (4096K), 4 survivors (4096K)
 Metaspace       used 90573K, capacity 92876K, committed 92928K, reserved 1130496K
  class space    used 11681K, capacity 12523K, committed 12544K, reserved 1048576K
}
Event: 42.466 GC heap before
{Heap before GC invocations=53 (full 0):
 garbage-first heap   total 143360K, used 114708K [0x0000000080000000, 0x0000000100000000)
  region size 1024K, 30 young (30720K), 4 survivors (4096K)
 Metaspace       used 90778K, capacity 93084K, committed 93312K, reserved 1130496K
  class space    used 11691K, capacity 12597K, committed 12672K, reserved 1048576K
}

Deoptimization events (20 events):
Event: 42.260 Thread 0x0000020cbfabf000 Uncommon trap: trap_request=0xffffff4d fr.pc=0x0000020cac5746f4 relative=0x00000000000023b4
Event: 42.260 Thread 0x0000020cbfabf000 Uncommon trap: reason=unstable_if action=reinterpret pc=0x0000020cac5746f4 method=java.util.concurrent.ConcurrentHashMap.addCount(JI)V @ 168 c2
Event: 42.260 Thread 0x0000020cbfabf000 DEOPT PACKING pc=0x0000020cac5746f4 sp=0x000000313a4fe520
Event: 42.260 Thread 0x0000020cbfabf000 DEOPT UNPACKING pc=0x0000020ca45b662f sp=0x000000313a4fe410 mode 2
Event: 42.285 Thread 0x0000020cbbb9e800 Uncommon trap: trap_request=0xffffff4d fr.pc=0x0000020cac38ee6c relative=0x000000000000030c
Event: 42.285 Thread 0x0000020cbbb9e800 Uncommon trap: reason=unstable_if action=reinterpret pc=0x0000020cac38ee6c method=java.util.concurrent.ConcurrentHashMap.addCount(JI)V @ 168 c2
Event: 42.285 Thread 0x0000020cbbb9e800 DEOPT PACKING pc=0x0000020cac38ee6c sp=0x000000313c6fe550
Event: 42.285 Thread 0x0000020cbbb9e800 DEOPT UNPACKING pc=0x0000020ca45b662f sp=0x000000313c6fe4b0 mode 2
Event: 42.286 Thread 0x0000020cbfabf000 Uncommon trap: trap_request=0xffffff4d fr.pc=0x0000020cac518294 relative=0x00000000000016b4
Event: 42.286 Thread 0x0000020cbfabf000 Uncommon trap: reason=unstable_if action=reinterpret pc=0x0000020cac518294 method=java.util.concurrent.ConcurrentHashMap.putVal(Ljava/lang/Object;Ljava/lang/Object;Z)Ljava/lang/Object; @ 112 c2
Event: 42.286 Thread 0x0000020cbfabf000 DEOPT PACKING pc=0x0000020cac518294 sp=0x000000313a4fe510
Event: 42.286 Thread 0x0000020cbfabf000 DEOPT UNPACKING pc=0x0000020ca45b662f sp=0x000000313a4fe4b0 mode 2
Event: 42.288 Thread 0x0000020cbe224800 Uncommon trap: trap_request=0xffffff4d fr.pc=0x0000020cac158ca0 relative=0x00000000000012a0
Event: 42.288 Thread 0x0000020cbe224800 Uncommon trap: reason=unstable_if action=reinterpret pc=0x0000020cac158ca0 method=java.util.concurrent.ConcurrentHashMap.transfer([Ljava/util/concurrent/ConcurrentHashMap$Node;[Ljava/util/concurrent/ConcurrentHashMap$Node;)V @ 347 c2
Event: 42.288 Thread 0x0000020cbe224800 DEOPT PACKING pc=0x0000020cac158ca0 sp=0x000000313dafe250
Event: 42.288 Thread 0x0000020cbe224800 DEOPT UNPACKING pc=0x0000020ca45b662f sp=0x000000313dafe1e0 mode 2
Event: 42.288 Thread 0x0000020cbe224800 Uncommon trap: trap_request=0xffffff4d fr.pc=0x0000020cac5746f4 relative=0x00000000000023b4
Event: 42.288 Thread 0x0000020cbe224800 Uncommon trap: reason=unstable_if action=reinterpret pc=0x0000020cac5746f4 method=java.util.concurrent.ConcurrentHashMap.addCount(JI)V @ 168 c2
Event: 42.288 Thread 0x0000020cbe224800 DEOPT PACKING pc=0x0000020cac5746f4 sp=0x000000313dafe360
Event: 42.288 Thread 0x0000020cbe224800 DEOPT UNPACKING pc=0x0000020ca45b662f sp=0x000000313dafe250 mode 2

Classes redefined (0 events):
No events

Internal exceptions (20 events):
Event: 35.114 Thread 0x0000020cbbe76800 Exception <a 'java/lang/NoSuchMethodError'{0x0000000086c29fc8}: <clinit>> (0x0000000086c29fc8) thrown at [./src/hotspot/share/prims/jni.cpp, line 1362]
Event: 35.161 Thread 0x0000020cbe13b800 Exception <a 'java/lang/NoSuchMethodError'{0x00000000869052b8}: <clinit>> (0x00000000869052b8) thrown at [./src/hotspot/share/prims/jni.cpp, line 1362]
Event: 35.165 Thread 0x0000020cbe143800 Exception <a 'java/lang/IncompatibleClassChangeError'{0x000000008692b100}: Found class java.lang.Object, but interface was expected> (0x000000008692b100) thrown at [./src/hotspot/share/interpreter/linkResolver.cpp, line 839]
Event: 35.166 Thread 0x0000020cbe13b800 Exception <a 'java/lang/NoSuchMethodError'{0x000000008697fab0}: <clinit>> (0x000000008697fab0) thrown at [./src/hotspot/share/prims/jni.cpp, line 1362]
Event: 35.171 Thread 0x0000020cbe13b800 Exception <a 'java/lang/NoSuchMethodError'{0x00000000869cee18}: <clinit>> (0x00000000869cee18) thrown at [./src/hotspot/share/prims/jni.cpp, line 1362]
Event: 35.206 Thread 0x0000020cbbe76800 Exception <a 'java/lang/NoSuchMethodError'{0x0000000086783f20}: <clinit>> (0x0000000086783f20) thrown at [./src/hotspot/share/prims/jni.cpp, line 1362]
Event: 35.218 Thread 0x0000020cbe143800 Exception <a 'java/lang/NoSuchMethodError'{0x00000000867e4588}: 'int java.lang.invoke.DirectMethodHandle$Holder.invokeSpecial(java.lang.Object, java.lang.Object, java.lang.Object, java.lang.Object, java.lang.Object)'> (0x00000000867e4588) thrown at [./src/hotspot/share/interpreter/linkResolver.cpp, line 773]
Event: 35.277 Thread 0x0000020cbe143800 Implicit null exception at 0x0000020cac2be377 to 0x0000020cac2be514
Event: 35.294 Thread 0x0000020cbe143800 Exception <a 'java/lang/IncompatibleClassChangeError'{0x00000000865dcb40}: Found class java.lang.Object, but interface was expected> (0x00000000865dcb40) thrown at [./src/hotspot/share/interpreter/linkResolver.cpp, line 839]
Event: 35.346 Thread 0x0000020cbe143800 Exception <a 'java/lang/NoSuchMethodError'{0x000000008733b728}: 'int java.lang.invoke.DirectMethodHandle$Holder.invokeStaticInit(java.lang.Object, java.lang.Object, java.lang.Object, java.lang.Object, java.lang.Object)'> (0x000000008733b728) thrown at [./src/hotspot/share/interpreter/linkResolver.cpp, line 773]
Event: 36.710 Thread 0x0000020cbe143800 Exception <a 'java/lang/NoSuchMethodError'{0x0000000088bf7218}: 'void java.lang.invoke.DirectMethodHandle$Holder.invokeStatic(java.lang.Object, java.lang.Object, java.lang.Object, java.lang.Object, int, java.lang.Object, java.lang.Object)'> (0x0000000088bf7218) thrown at [./src/hotspot/share/interpreter/linkResolver.cpp, line 773]
Event: 36.778 Thread 0x0000020cbfabe000 Exception <a 'java/lang/NoSuchMethodError'{0x00000000886cb2a8}: 'java.lang.Object java.lang.invoke.DirectMethodHandle$Holder.invokeSpecialIFC(java.lang.Object, java.lang.Object, java.lang.Object)'> (0x00000000886cb2a8) thrown at [./src/hotspot/share/interpreter/linkResolver.cpp, line 773]
Event: 37.374 Thread 0x0000020cbe226800 Exception <a 'java/lang/NoSuchMethodError'{0x00000000888f8cb8}: 'void java.lang.invoke.DirectMethodHandle$Holder.invokeVirtual(java.lang.Object, java.lang.Object)'> (0x00000000888f8cb8) thrown at [./src/hotspot/share/interpreter/linkResolver.cpp, line 773]
Event: 37.528 Thread 0x0000020cbde78000 Implicit null exception at 0x0000020cac50c3d8 to 0x0000020cac50ccb4
Event: 42.009 Thread 0x0000020cbe142800 Exception <a 'java/lang/NoSuchMethodError'{0x00000000882473c0}: <clinit>> (0x00000000882473c0) thrown at [./src/hotspot/share/prims/jni.cpp, line 1362]
Event: 42.009 Thread 0x0000020cbe142800 Exception <a 'java/lang/NoSuchMethodError'{0x00000000882489c8}: <clinit>> (0x00000000882489c8) thrown at [./src/hotspot/share/prims/jni.cpp, line 1362]
Event: 42.009 Thread 0x0000020cbe142800 Exception <a 'java/lang/NoSuchMethodError'{0x000000008824ae40}: <clinit>> (0x000000008824ae40) thrown at [./src/hotspot/share/prims/jni.cpp, line 1362]
Event: 42.012 Thread 0x0000020cbe142800 Exception <a 'java/lang/NoSuchMethodError'{0x0000000088262c28}: <clinit>> (0x0000000088262c28) thrown at [./src/hotspot/share/prims/jni.cpp, line 1362]
Event: 42.012 Thread 0x0000020cbe142800 Exception <a 'java/lang/NoSuchMethodError'{0x0000000088263e60}: <clinit>> (0x0000000088263e60) thrown at [./src/hotspot/share/prims/jni.cpp, line 1362]
Event: 42.057 Thread 0x0000020cbe142800 Implicit null exception at 0x0000020cac4ec764 to 0x0000020cac4ece4c

Events (20 events):
Event: 42.017 loading class org/gradle/internal/snapshot/FileSystemLocationSnapshot done
Event: 42.017 loading class org/gradle/internal/fingerprint/impl/IgnoredPathFingerprintingStrategy
Event: 42.017 loading class org/gradle/internal/fingerprint/impl/IgnoredPathFingerprintingStrategy done
Event: 42.018 loading class org/gradle/internal/fingerprint/impl/IgnoredPathFingerprintingStrategy$1
Event: 42.018 loading class org/gradle/internal/fingerprint/impl/IgnoredPathFingerprintingStrategy$1 done
Event: 42.019 loading class org/gradle/internal/snapshot/FileSystemSnapshotHierarchyVisitor
Event: 42.019 loading class org/gradle/internal/snapshot/FileSystemSnapshotHierarchyVisitor done
Event: 42.019 loading class org/gradle/internal/snapshot/FileSystemSnapshotHierarchyVisitor
Event: 42.019 loading class org/gradle/internal/snapshot/FileSystemSnapshotHierarchyVisitor done
Event: 42.032 loading class org/gradle/api/internal/artifacts/ivyservice/clientmodule/ClientModuleResolver$ClientModuleComponentResolveMetadata
Event: 42.032 loading class org/gradle/api/internal/artifacts/ivyservice/clientmodule/ClientModuleResolver$ClientModuleComponentResolveMetadata done
Event: 42.034 loading class org/gradle/api/internal/artifacts/ivyservice/clientmodule/ClientModuleResolver$ClientModuleConfigurationMetadata
Event: 42.034 loading class org/gradle/api/internal/artifacts/ivyservice/clientmodule/ClientModuleResolver$ClientModuleConfigurationMetadata done
Event: 42.034 Executing VM operation: Deoptimize
Event: 42.036 Executing VM operation: Deoptimize done
Event: 42.285 Executing VM operation: RevokeBias
Event: 42.285 Executing VM operation: RevokeBias done
Event: 42.388 Executing VM operation: RevokeBias
Event: 42.388 Executing VM operation: RevokeBias done
Event: 42.466 Executing VM operation: G1CollectForAllocation


Dynamic libraries:
0x00007ff6c8640000 - 0x00007ff6c864a000 	C:\Program Files\Android\Android Studio1\jre\bin\java.exe
0x00007ffed30d0000 - 0x00007ffed32c8000 	C:\WINDOWS\SYSTEM32\ntdll.dll
0x00007ffed1e30000 - 0x00007ffed1eef000 	C:\WINDOWS\System32\KERNEL32.DLL
0x00007ffed0ae0000 - 0x00007ffed0db2000 	C:\WINDOWS\System32\KERNELBASE.dll
0x00007ffed0ec0000 - 0x00007ffed0fc0000 	C:\WINDOWS\System32\ucrtbase.dll
0x00007ffebf340000 - 0x00007ffebf359000 	C:\Program Files\Android\Android Studio1\jre\bin\jli.dll
0x00007ffebaa60000 - 0x00007ffebaa77000 	C:\Program Files\Android\Android Studio1\jre\bin\VCRUNTIME140.dll
0x00007ffed1ef0000 - 0x00007ffed2091000 	C:\WINDOWS\System32\USER32.dll
0x00007ffec01a0000 - 0x00007ffec043a000 	C:\WINDOWS\WinSxS\amd64_microsoft.windows.common-controls_6595b64144ccf1df_6.0.19041.1110_none_60b5254171f9507e\COMCTL32.dll
0x00007ffed0ab0000 - 0x00007ffed0ad2000 	C:\WINDOWS\System32\win32u.dll
0x00007ffed12f0000 - 0x00007ffed131b000 	C:\WINDOWS\System32\GDI32.dll
0x00007ffed0840000 - 0x00007ffed094f000 	C:\WINDOWS\System32\gdi32full.dll
0x00007ffed0980000 - 0x00007ffed0a1d000 	C:\WINDOWS\System32\msvcp_win.dll
0x00007ffed1120000 - 0x00007ffed11be000 	C:\WINDOWS\System32\msvcrt.dll
0x00007ffed1e00000 - 0x00007ffed1e30000 	C:\WINDOWS\System32\IMM32.DLL
0x00007ffe9f170000 - 0x00007ffe9f20d000 	C:\Program Files\Android\Android Studio1\jre\bin\msvcp140.dll
0x00007ffe70850000 - 0x00007ffe71325000 	C:\Program Files\Android\Android Studio1\jre\bin\server\jvm.dll
0x00007ffed1320000 - 0x00007ffed13ce000 	C:\WINDOWS\System32\ADVAPI32.dll
0x00007ffed27f0000 - 0x00007ffed288c000 	C:\WINDOWS\System32\sechost.dll
0x00007ffed1970000 - 0x00007ffed1a94000 	C:\WINDOWS\System32\RPCRT4.dll
0x00007ffed1730000 - 0x00007ffed1738000 	C:\WINDOWS\System32\PSAPI.DLL
0x00007ffec6630000 - 0x00007ffec6657000 	C:\WINDOWS\SYSTEM32\WINMM.dll
0x00007ffec8560000 - 0x00007ffec856a000 	C:\WINDOWS\SYSTEM32\VERSION.dll
0x00007ffebf000000 - 0x00007ffebf009000 	C:\WINDOWS\SYSTEM32\WSOCK32.dll
0x00007ffed2aa0000 - 0x00007ffed2b0b000 	C:\WINDOWS\System32\ws2_32.DLL
0x00007ffecf020000 - 0x00007ffecf032000 	C:\WINDOWS\SYSTEM32\kernel.appcore.dll
0x00007ffec9030000 - 0x00007ffec9041000 	C:\Program Files\Android\Android Studio1\jre\bin\verify.dll
0x00007ffebcf40000 - 0x00007ffebd124000 	C:\WINDOWS\SYSTEM32\DBGHELP.DLL
0x00007ffebcdf0000 - 0x00007ffebce25000 	C:\WINDOWS\SYSTEM32\dbgcore.DLL
0x00007ffed0a20000 - 0x00007ffed0aa2000 	C:\WINDOWS\System32\bcryptPrimitives.dll
0x00007ffec8cf0000 - 0x00007ffec8d19000 	C:\Program Files\Android\Android Studio1\jre\bin\java.dll
0x00007ffecc190000 - 0x00007ffecc19b000 	C:\Program Files\Android\Android Studio1\jre\bin\jimage.dll
0x00007ffec08d0000 - 0x00007ffec08e8000 	C:\Program Files\Android\Android Studio1\jre\bin\zip.dll
0x00007ffed20a0000 - 0x00007ffed27e5000 	C:\WINDOWS\System32\SHELL32.dll
0x00007ffece700000 - 0x00007ffecee92000 	C:\WINDOWS\SYSTEM32\windows.storage.dll
0x00007ffed13d0000 - 0x00007ffed1725000 	C:\WINDOWS\System32\combase.dll
0x00007ffed0150000 - 0x00007ffed0180000 	C:\WINDOWS\SYSTEM32\Wldp.dll
0x00007ffed18c0000 - 0x00007ffed196d000 	C:\WINDOWS\System32\SHCORE.dll
0x00007ffed2890000 - 0x00007ffed28e5000 	C:\WINDOWS\System32\shlwapi.dll
0x00007ffed0710000 - 0x00007ffed072f000 	C:\WINDOWS\SYSTEM32\profapi.dll
0x00007ffec06f0000 - 0x00007ffec070a000 	C:\Program Files\Android\Android Studio1\jre\bin\net.dll
0x00007ffec7a50000 - 0x00007ffec7b5a000 	C:\WINDOWS\SYSTEM32\WINHTTP.dll
0x00007ffecfeb0000 - 0x00007ffecff1a000 	C:\WINDOWS\system32\mswsock.dll
0x00007ffebf830000 - 0x00007ffebf844000 	C:\Program Files\Android\Android Studio1\jre\bin\nio.dll
0x00007ffea8bf0000 - 0x00007ffea8c17000 	C:\Users\tatry\.gradle\native\e1d6ef7f7dcc3fd88c89a11ec53ec762bb8ba0a96d01ffa2cd45eb1d1d8dd5c5\windows-amd64\native-platform.dll
0x00007ffe9ee40000 - 0x00007ffe9ef84000 	C:\Users\tatry\.gradle\native\0d407fdbe67a94daf76414ababcb853783967236a71b16ec16e742cd7a986fd3\windows-amd64\native-platform-file-events.dll
0x00007ffecc140000 - 0x00007ffecc14a000 	C:\Program Files\Android\Android Studio1\jre\bin\management.dll
0x00007ffec9020000 - 0x00007ffec902d000 	C:\Program Files\Android\Android Studio1\jre\bin\management_ext.dll
0x00007ffed00a0000 - 0x00007ffed00b8000 	C:\WINDOWS\SYSTEM32\CRYPTSP.dll
0x00007ffecf7d0000 - 0x00007ffecf804000 	C:\WINDOWS\system32\rsaenh.dll
0x00007ffed0950000 - 0x00007ffed0977000 	C:\WINDOWS\System32\bcrypt.dll
0x00007ffed0690000 - 0x00007ffed06be000 	C:\WINDOWS\SYSTEM32\USERENV.dll
0x00007ffed00c0000 - 0x00007ffed00cc000 	C:\WINDOWS\SYSTEM32\CRYPTBASE.dll
0x00007ffecfba0000 - 0x00007ffecfbdb000 	C:\WINDOWS\SYSTEM32\IPHLPAPI.DLL
0x00007ffed18a0000 - 0x00007ffed18a8000 	C:\WINDOWS\System32\NSI.dll
0x00007ffec89c0000 - 0x00007ffec89d7000 	C:\WINDOWS\SYSTEM32\dhcpcsvc6.DLL
0x00007ffec89a0000 - 0x00007ffec89bd000 	C:\WINDOWS\SYSTEM32\dhcpcsvc.DLL
0x00007ffecfbe0000 - 0x00007ffecfcab000 	C:\WINDOWS\SYSTEM32\DNSAPI.dll

dbghelp: loaded successfully - version: 4.0.5 - missing functions: none
symbol engine: initialized successfully - sym options: 0x614 - pdb path: .;C:\Program Files\Android\Android Studio1\jre\bin;C:\WINDOWS\SYSTEM32;C:\WINDOWS\WinSxS\amd64_microsoft.windows.common-controls_6595b64144ccf1df_6.0.19041.1110_none_60b5254171f9507e;C:\Program Files\Android\Android Studio1\jre\bin\server;C:\Users\tatry\.gradle\native\e1d6ef7f7dcc3fd88c89a11ec53ec762bb8ba0a96d01ffa2cd45eb1d1d8dd5c5\windows-amd64;C:\Users\tatry\.gradle\native\0d407fdbe67a94daf76414ababcb853783967236a71b16ec16e742cd7a986fd3\windows-amd64

VM Arguments:
jvm_args: --add-opens=java.base/java.util=ALL-UNNAMED --add-opens=java.base/java.lang=ALL-UNNAMED --add-opens=java.base/java.lang.invoke=ALL-UNNAMED --add-opens=java.base/java.util=ALL-UNNAMED --add-opens=java.prefs/java.util.prefs=ALL-UNNAMED --add-opens=java.prefs/java.util.prefs=ALL-UNNAMED --add-opens=java.base/java.nio.charset=ALL-UNNAMED --add-opens=java.base/java.net=ALL-UNNAMED --add-opens=java.base/java.util.concurrent.atomic=ALL-UNNAMED -Xmx2048m -Dfile.encoding=UTF-8 -Duser.country=RU -Duser.language=ru -Duser.variant 
java_command: org.gradle.launcher.daemon.bootstrap.GradleDaemon 7.4
java_class_path (initial): C:\Users\tatry\.gradle\wrapper\dists\gradle-7.4-bin\c0gwcg53nkjbqw7r0h0umtfvt\gradle-7.4\lib\gradle-launcher-7.4.jar
Launcher Type: SUN_STANDARD

[Global flags]
     intx CICompilerCount                          = 4                                         {product} {ergonomic}
     uint ConcGCThreads                            = 2                                         {product} {ergonomic}
     uint G1ConcRefinementThreads                  = 8                                         {product} {ergonomic}
   size_t G1HeapRegionSize                         = 1048576                                   {product} {ergonomic}
    uintx GCDrainStackTargetSize                   = 64                                        {product} {ergonomic}
   size_t InitialHeapSize                          = 100663296                                 {product} {ergonomic}
   size_t MarkStackSize                            = 4194304                                   {product} {ergonomic}
   size_t MaxHeapSize                              = 2147483648                                {product} {command line}
   size_t MaxNewSize                               = 1287651328                                {product} {ergonomic}
   size_t MinHeapDeltaBytes                        = 1048576                                   {product} {ergonomic}
    uintx NonNMethodCodeHeapSize                   = 5836300                                {pd product} {ergonomic}
    uintx NonProfiledCodeHeapSize                  = 122910970                              {pd product} {ergonomic}
    uintx ProfiledCodeHeapSize                     = 122910970                              {pd product} {ergonomic}
    uintx ReservedCodeCacheSize                    = 251658240                              {pd product} {ergonomic}
     bool SegmentedCodeCache                       = true                                      {product} {ergonomic}
     bool UseCompressedClassPointers               = true                                 {lp64_product} {ergonomic}
     bool UseCompressedOops                        = true                                 {lp64_product} {ergonomic}
     bool UseG1GC                                  = true                                      {product} {ergonomic}
     bool UseLargePagesIndividualAllocation        = false                                  {pd product} {ergonomic}

Logging:
Log output configuration:
 #0: stdout all=warning uptime,level,tags
 #1: stderr all=off uptime,level,tags

Environment Variables:
PATH=C:\Program Files\Common Files\Oracle\Java\javapath;C:\Program Files (x86)\Common Files\Oracle\Java\javapath;C:\WINDOWS\system32;C:\WINDOWS;C:\WINDOWS\System32\Wbem;C:\WINDOWS\System32\WindowsPowerShell\v1.0\;C:\WINDOWS\System32\OpenSSH\;C:\Program Files\Common Files\Autodesk Shared\;C:\Program Files\Microsoft SQL Server\120\Tools\Binn\;C:\Program Files\Microsoft SQL Server\130\Tools\Binn\;C:\Program Files (x86)\Windows Kits\10\Windows Performance Toolkit\;C:\Program Files\dotnet\;C:\Program Files\Microsoft SQL Server\Client SDK\ODBC\170\Tools\Binn\;C:\Program Files\MATLAB\R2021b\runtime\win64;C:\Program Files\MATLAB\R2021b\bin;C:\Program Files\nodejs\;C:\Program Files (x86)\dotnet\;C:\Program Files\Git\cmd;C:\Program Files\PowerShell\7\;C:\Program Files\MySQL\MySQL Shell 8.0\bin\;C:\Users\tatry\AppData\Local\Programs\Python\Python39\Scripts\;C:\Users\tatry\AppData\Local\Programs\Python\Python39\;C:\Users\tatry\AppData\Local\Microsoft\WindowsApps;C:\Users\tatry\AppData\Local\Programs\Microsoft VS Code\bin;C:\intelFPGA\20.1\modelsim_ase\win32aloem;C:\intelFPGA\17.1\modelsim_ase\win32aloem;C:\intelFPGA_lite\17.1\modelsim_ase\win32aloem;C:\Program Files\JetBrains\PyCharm Community Edition 2020.3.2\bin;;C:\Program Files\JetBrains\JetBrains Rider 2020.3.2\bin;;C:\Users\tatry\.dotnet\tools;C:\Users\tatry\AppData\Local\GitHubDesktop\bin;;C:\Users\tatry\AppData\Local\JetBrains\Toolbox\scripts;C:\Users\tatry\AppData\Roaming\npm
USERNAME=tatry
OS=Windows_NT
PROCESSOR_IDENTIFIER=AMD64 Family 23 Model 24 Stepping 1, AuthenticAMD



---------------  S Y S T E M  ---------------

OS: Windows 10 , 64 bit Build 19041 (10.0.19041.2546)
OS uptime: 1 days 14:22 hours

CPU:total 8 (initial active 8) (8 cores per cpu, 2 threads per core) family 23 model 24 stepping 1 microcode 0x0, cmov, cx8, fxsr, mmx, sse, sse2, sse3, ssse3, sse4.1, sse4.2, popcnt, avx, avx2, aes, clmul, mmxext, 3dnowpref, lzcnt, sse4a, ht, tsc, tscinvbit, tscinv, bmi1, bmi2, adx, s

Memory: 4k page, system-wide physical 6082M (168M free)
TotalPageFile size 24514M (AvailPageFile size 19M)
current process WorkingSet (physical memory assigned to process): 306M, peak: 353M
current process commit charge ("private bytes"): 430M, peak: 458M

vm_info: OpenJDK 64-Bit Server VM (11.0.11+9-b60-7590822) for windows-amd64 JRE (11.0.11+9-b60-7590822), built on Jul 29 2021 21:43:44 by "builder" with MS VC++ 14.0 (VS2015)

END.
