#
# There is insufficient memory for the Java Runtime Environment to continue.
# Native memory allocation (malloc) failed to allocate 1008096 bytes for Chunk::new
# Possible reasons:
#   The system is out of physical RAM or swap space
#   The process is running with CompressedOops enabled, and the Java Heap may be blocking the growth of the native heap
# Possible solutions:
#   Reduce memory load on the system
#   Increase physical memory or swap space
#   Check if swap backing store is full
#   Decrease Java heap size (-Xmx/-Xms)
#   Decrease number of Java threads
#   Decrease Java thread stack sizes (-Xss)
#   Set larger code cache with -XX:ReservedCodeCacheSize=
#   JVM is running with Unscaled Compressed Oops mode in which the Java heap is
#     placed in the first 4GB address space. The Java Heap base address is the
#     maximum limit for the native heap growth. Please use -XX:HeapBaseMinAddress
#     to set the Java Heap base and to place the Java Heap above 4GB virtual address.
# This output file may be truncated or incomplete.
#
#  Out of Memory Error (./src/hotspot/share/memory/arena.cpp:197), pid=22780, tid=8288
#
# JRE version: OpenJDK Runtime Environment (11.0.11+9) (build 11.0.11+9-b60-7590822)
# Java VM: OpenJDK 64-Bit Server VM (11.0.11+9-b60-7590822, mixed mode, tiered, compressed oops, g1 gc, windows-amd64)
# No core dump will be written. Minidumps are not enabled by default on client versions of Windows
#

---------------  S U M M A R Y ------------

Command Line: --add-opens=java.base/java.util=ALL-UNNAMED --add-opens=java.base/java.lang=ALL-UNNAMED --add-opens=java.base/java.lang.invoke=ALL-UNNAMED --add-opens=java.base/java.util=ALL-UNNAMED --add-opens=java.prefs/java.util.prefs=ALL-UNNAMED --add-opens=java.prefs/java.util.prefs=ALL-UNNAMED --add-opens=java.base/java.nio.charset=ALL-UNNAMED --add-opens=java.base/java.net=ALL-UNNAMED --add-opens=java.base/java.util.concurrent.atomic=ALL-UNNAMED -Xmx2048m -Dfile.encoding=UTF-8 -Duser.country=RU -Duser.language=ru -Duser.variant org.gradle.launcher.daemon.bootstrap.GradleDaemon 7.4

Host: AMD Ryzen 5 3500U with Radeon Vega Mobile Gfx  , 8 cores, 5G,  Windows 10 , 64 bit Build 19041 (10.0.19041.2546)
Time: Mon Apr 10 23:10:46 2023 RTZ 2 (зима) elapsed time: 14.013861 seconds (0d 0h 0m 14s)

---------------  T H R E A D  ---------------

Current thread (0x000001d661e8a000):  JavaThread "C2 CompilerThread0" daemon [_thread_in_native, id=8288, stack(0x0000002f5d300000,0x0000002f5d400000)]


Current CompileTask:
C2:  14013 5578       4       org.objectweb.asm.SymbolTable::addConstantMemberReference (147 bytes)

Stack: [0x0000002f5d300000,0x0000002f5d400000]
Native frames: (J=compiled Java code, j=interpreted, Vv=VM code, C=native code)
V  [jvm.dll+0x5f214a]
V  [jvm.dll+0x726fb5]
V  [jvm.dll+0x7285cd]
V  [jvm.dll+0x728c83]
V  [jvm.dll+0x243278]
V  [jvm.dll+0xbc53c]
V  [jvm.dll+0xbca3c]
V  [jvm.dll+0x2b5c34]
V  [jvm.dll+0x508488]
V  [jvm.dll+0x1fd826]
V  [jvm.dll+0x1fb35f]
V  [jvm.dll+0x183d6c]
V  [jvm.dll+0x209a57]
V  [jvm.dll+0x2082a1]
V  [jvm.dll+0x6ef58f]
V  [jvm.dll+0x6e80b5]
V  [jvm.dll+0x5f1036]
C  [ucrtbase.dll+0x21bb2]
C  [KERNEL32.DLL+0x17614]
C  [ntdll.dll+0x526a1]


---------------  P R O C E S S  ---------------

Threads class SMR info:
_java_thread_list=0x000001d663dc9140, length=121, elements={
0x000001d6479e0800, 0x000001d661e57800, 0x000001d661e5b000, 0x000001d661e7b000,
0x000001d661e7c000, 0x000001d661e7d000, 0x000001d661e8a000, 0x000001d661e8d800,
0x000001d661e91000, 0x000001d662966000, 0x000001d66391c800, 0x000001d663a2c800,
0x000001d664b8b800, 0x000001d664b2a000, 0x000001d663dd9000, 0x000001d664af0800,
0x000001d664b28800, 0x000001d664ab7800, 0x000001d664276800, 0x000001d664e2a000,
0x000001d664e26000, 0x000001d664e26800, 0x000001d664e27800, 0x000001d664e2b000,
0x000001d664e28800, 0x000001d664e29000, 0x000001d664e25000, 0x000001d664e2b800,
0x000001d664de8000, 0x000001d664de7000, 0x000001d664de9800, 0x000001d664de4800,
0x000001d664dea800, 0x000001d664de6000, 0x000001d664deb000, 0x000001d664de5800,
0x000001d664dee800, 0x000001d664ded000, 0x000001d664def000, 0x000001d664df0000,
0x000001d664df1800, 0x000001d664df1000, 0x000001d664dec000, 0x000001d664ded800,
0x000001d664df2800, 0x000001d663769000, 0x000001d663766000, 0x000001d663764000,
0x000001d66376a000, 0x000001d66376b000, 0x000001d663766800, 0x000001d663765000,
0x000001d66376b800, 0x000001d66376d000, 0x000001d66376c800, 0x000001d663767800,
0x000001d66376e000, 0x000001d663768800, 0x000001d663772000, 0x000001d66376f000,
0x000001d663771800, 0x000001d66376f800, 0x000001d663773000, 0x000001d663770800,
0x000001d667349000, 0x000001d667343000, 0x000001d667347800, 0x000001d667346800,
0x000001d66734a000, 0x000001d667348000, 0x000001d667344000, 0x000001d66734a800,
0x000001d667345000, 0x000001d66734b800, 0x000001d667345800, 0x000001d667352000,
0x000001d66734e000, 0x000001d667351000, 0x000001d66734e800, 0x000001d66734c000,
0x000001d66734f800, 0x000001d667350800, 0x000001d66734d000, 0x000001d664d31000,
0x000001d664d2e800, 0x000001d664d2d000, 0x000001d664d2b000, 0x000001d664d31800,
0x000001d664d2c000, 0x000001d664d32800, 0x000001d664d2d800, 0x000001d664d33800,
0x000001d664d34000, 0x000001d664d35000, 0x000001d664d2f000, 0x000001d664d36000,
0x000001d664d30000, 0x000001d664d36800, 0x000001d664d3a000, 0x000001d664d38000,
0x000001d664d37800, 0x000001d664d39000, 0x000001d663c35800, 0x000001d663c30800,
0x000001d663c31800, 0x000001d663c35000, 0x000001d663c34000, 0x000001d663c36800,
0x000001d663c37000, 0x000001d663c38000, 0x000001d663c32800, 0x000001d663c39000,
0x000001d663c33000, 0x000001d663c3d000, 0x000001d663c3f800, 0x000001d663c39800,
0x000001d663c3e800, 0x000001d663c3a800, 0x000001d663c3e000, 0x000001d663c3c000,
0x000001d663c3b800
}

Java Threads: ( => current thread )
  0x000001d6479e0800 JavaThread "main" [_thread_blocked, id=23648, stack(0x0000002f5c700000,0x0000002f5c800000)]
  0x000001d661e57800 JavaThread "Reference Handler" daemon [_thread_blocked, id=17708, stack(0x0000002f5ce00000,0x0000002f5cf00000)]
  0x000001d661e5b000 JavaThread "Finalizer" daemon [_thread_blocked, id=24448, stack(0x0000002f5cf00000,0x0000002f5d000000)]
  0x000001d661e7b000 JavaThread "Signal Dispatcher" daemon [_thread_blocked, id=2456, stack(0x0000002f5d000000,0x0000002f5d100000)]
  0x000001d661e7c000 JavaThread "Attach Listener" daemon [_thread_blocked, id=7604, stack(0x0000002f5d100000,0x0000002f5d200000)]
  0x000001d661e7d000 JavaThread "Service Thread" daemon [_thread_blocked, id=23580, stack(0x0000002f5d200000,0x0000002f5d300000)]
=>0x000001d661e8a000 JavaThread "C2 CompilerThread0" daemon [_thread_in_native, id=8288, stack(0x0000002f5d300000,0x0000002f5d400000)]
  0x000001d661e8d800 JavaThread "C1 CompilerThread0" daemon [_thread_blocked, id=8072, stack(0x0000002f5d400000,0x0000002f5d500000)]
  0x000001d661e91000 JavaThread "Sweeper thread" daemon [_thread_blocked, id=24288, stack(0x0000002f5d500000,0x0000002f5d600000)]
  0x000001d662966000 JavaThread "Common-Cleaner" daemon [_thread_blocked, id=22448, stack(0x0000002f5d600000,0x0000002f5d700000)]
  0x000001d66391c800 JavaThread "Daemon health stats" [_thread_blocked, id=18448, stack(0x0000002f5d900000,0x0000002f5da00000)]
  0x000001d663a2c800 JavaThread "Incoming local TCP Connector on port 58351" [_thread_in_native, id=21268, stack(0x0000002f5da00000,0x0000002f5db00000)]
  0x000001d664b8b800 JavaThread "Daemon periodic checks" [_thread_blocked, id=9448, stack(0x0000002f5db00000,0x0000002f5dc00000)]
  0x000001d664b2a000 JavaThread "Daemon" [_thread_blocked, id=17372, stack(0x0000002f5dc00000,0x0000002f5dd00000)]
  0x000001d663dd9000 JavaThread "Handler for socket connection from /127.0.0.1:58351 to /127.0.0.1:58361" [_thread_in_native, id=11444, stack(0x0000002f5dd00000,0x0000002f5de00000)]
  0x000001d664af0800 JavaThread "Cancel handler" [_thread_blocked, id=21176, stack(0x0000002f5de00000,0x0000002f5df00000)]
  0x000001d664b28800 JavaThread "Daemon worker" [_thread_in_vm, id=24400, stack(0x0000002f5df00000,0x0000002f5e000000)]
  0x000001d664ab7800 JavaThread "Asynchronous log dispatcher for DefaultDaemonConnection: socket connection from /127.0.0.1:58351 to /127.0.0.1:58361" [_thread_blocked, id=7392, stack(0x0000002f5e000000,0x0000002f5e100000)]
  0x000001d664276800 JavaThread "Stdin handler" [_thread_blocked, id=24308, stack(0x0000002f5e100000,0x0000002f5e200000)]
  0x000001d664e2a000 JavaThread "Daemon client event forwarder" [_thread_blocked, id=17524, stack(0x0000002f5e200000,0x0000002f5e300000)]
  0x000001d664e26000 JavaThread "Cache worker for journal cache (C:\Users\tatry\.gradle\caches\journal-1)" [_thread_blocked, id=1220, stack(0x0000002f5e300000,0x0000002f5e400000)]
  0x000001d664e26800 JavaThread "File lock request listener" [_thread_in_native, id=21632, stack(0x0000002f5e400000,0x0000002f5e500000)]
  0x000001d664e27800 JavaThread "Cache worker for file hash cache (C:\Users\tatry\.gradle\caches\7.4\fileHashes)" [_thread_blocked, id=21972, stack(0x0000002f5e500000,0x0000002f5e600000)]
  0x000001d664e2b000 JavaThread "File watcher server" daemon [_thread_in_native, id=912, stack(0x0000002f5ed00000,0x0000002f5ee00000)]
  0x000001d664e28800 JavaThread "File watcher consumer" daemon [_thread_blocked, id=22576, stack(0x0000002f5ee00000,0x0000002f5ef00000)]
  0x000001d664e29000 JavaThread "Cache worker for checksums cache (C:\Users\tatry\Desktop\android-projects\1446_3\.gradle\7.4\checksums)" [_thread_blocked, id=22040, stack(0x0000002f5ef00000,0x0000002f5f000000)]
  0x000001d664e25000 JavaThread "Cache worker for cache directory md-rule (C:\Users\tatry\.gradle\caches\7.4\md-rule)" [_thread_blocked, id=21748, stack(0x0000002f5f000000,0x0000002f5f100000)]
  0x000001d664e2b800 JavaThread "Cache worker for file hash cache (C:\Users\tatry\Desktop\android-projects\1446_3\.gradle\7.4\fileHashes)" [_thread_blocked, id=8188, stack(0x0000002f5f100000,0x0000002f5f200000)]
  0x000001d664de8000 JavaThread "Cache worker for cache directory md-supplier (C:\Users\tatry\.gradle\caches\7.4\md-supplier)" [_thread_blocked, id=21344, stack(0x0000002f5f200000,0x0000002f5f300000)]
  0x000001d664de7000 JavaThread "Cache worker for execution history cache (C:\Users\tatry\.gradle\caches\7.4\executionHistory)" [_thread_blocked, id=21604, stack(0x0000002f5f300000,0x0000002f5f400000)]
  0x000001d664de9800 JavaThread "jar transforms" [_thread_blocked, id=5236, stack(0x0000002f5f400000,0x0000002f5f500000)]
  0x000001d664de4800 JavaThread "Cache worker for file content cache (C:\Users\tatry\.gradle\caches\7.4\fileContent)" [_thread_blocked, id=19024, stack(0x0000002f5f500000,0x0000002f5f600000)]
  0x000001d664dea800 JavaThread "jar transforms Thread 2" [_thread_blocked, id=3688, stack(0x0000002f5f600000,0x0000002f5f700000)]
  0x000001d664de6000 JavaThread "Cache worker for dependencies-accessors (C:\Users\tatry\Desktop\android-projects\1446_3\.gradle\7.4\dependencies-accessors)" [_thread_blocked, id=21548, stack(0x0000002f5f700000,0x0000002f5f800000)]
  0x000001d664deb000 JavaThread "jar transforms Thread 3" [_thread_blocked, id=18368, stack(0x0000002f5f800000,0x0000002f5f900000)]
  0x000001d664de5800 JavaThread "Cache worker for Build Output Cleanup Cache (C:\Users\tatry\Desktop\android-projects\1446_3\.gradle\buildOutputCleanup)" [_thread_blocked, id=23780, stack(0x0000002f5f900000,0x0000002f5fa00000)]
  0x000001d664dee800 JavaThread "Unconstrained build operations" [_thread_blocked, id=16876, stack(0x0000002f5fa00000,0x0000002f5fb00000)]
  0x000001d664ded000 JavaThread "Unconstrained build operations Thread 2" [_thread_blocked, id=11316, stack(0x0000002f5fb00000,0x0000002f5fc00000)]
  0x000001d664def000 JavaThread "Unconstrained build operations Thread 3" [_thread_blocked, id=24432, stack(0x0000002f5fc00000,0x0000002f5fd00000)]
  0x000001d664df0000 JavaThread "Unconstrained build operations Thread 4" [_thread_blocked, id=1892, stack(0x0000002f5fd00000,0x0000002f5fe00000)]
  0x000001d664df1800 JavaThread "Unconstrained build operations Thread 5" [_thread_blocked, id=19128, stack(0x0000002f5fe00000,0x0000002f5ff00000)]
  0x000001d664df1000 JavaThread "Unconstrained build operations Thread 6" [_thread_blocked, id=2808, stack(0x0000002f5ff00000,0x0000002f60000000)]
  0x000001d664dec000 JavaThread "Unconstrained build operations Thread 7" [_thread_blocked, id=1752, stack(0x0000002f60000000,0x0000002f60100000)]
  0x000001d664ded800 JavaThread "Unconstrained build operations Thread 8" [_thread_blocked, id=21840, stack(0x0000002f60100000,0x0000002f60200000)]
  0x000001d664df2800 JavaThread "Unconstrained build operations Thread 9" [_thread_blocked, id=16544, stack(0x0000002f60200000,0x0000002f60300000)]
  0x000001d663769000 JavaThread "Unconstrained build operations Thread 10" [_thread_blocked, id=16216, stack(0x0000002f60300000,0x0000002f60400000)]
  0x000001d663766000 JavaThread "Unconstrained build operations Thread 11" [_thread_blocked, id=8344, stack(0x0000002f60400000,0x0000002f60500000)]
  0x000001d663764000 JavaThread "Unconstrained build operations Thread 12" [_thread_blocked, id=12324, stack(0x0000002f60500000,0x0000002f60600000)]
  0x000001d66376a000 JavaThread "Unconstrained build operations Thread 13" [_thread_blocked, id=24188, stack(0x0000002f60600000,0x0000002f60700000)]
  0x000001d66376b000 JavaThread "Unconstrained build operations Thread 14" [_thread_blocked, id=16392, stack(0x0000002f60700000,0x0000002f60800000)]
  0x000001d663766800 JavaThread "Unconstrained build operations Thread 15" [_thread_blocked, id=18508, stack(0x0000002f60800000,0x0000002f60900000)]
  0x000001d663765000 JavaThread "Unconstrained build operations Thread 16" [_thread_blocked, id=24124, stack(0x0000002f60900000,0x0000002f60a00000)]
  0x000001d66376b800 JavaThread "Unconstrained build operations Thread 17" [_thread_blocked, id=1320, stack(0x0000002f60a00000,0x0000002f60b00000)]
  0x000001d66376d000 JavaThread "Unconstrained build operations Thread 18" [_thread_blocked, id=17144, stack(0x0000002f60b00000,0x0000002f60c00000)]
  0x000001d66376c800 JavaThread "Unconstrained build operations Thread 19" [_thread_blocked, id=14432, stack(0x0000002f60c00000,0x0000002f60d00000)]
  0x000001d663767800 JavaThread "Unconstrained build operations Thread 20" [_thread_blocked, id=16428, stack(0x0000002f60d00000,0x0000002f60e00000)]
  0x000001d66376e000 JavaThread "Unconstrained build operations Thread 21" [_thread_blocked, id=22908, stack(0x0000002f60e00000,0x0000002f60f00000)]
  0x000001d663768800 JavaThread "Unconstrained build operations Thread 22" [_thread_blocked, id=7656, stack(0x0000002f60f00000,0x0000002f61000000)]
  0x000001d663772000 JavaThread "Unconstrained build operations Thread 23" [_thread_blocked, id=23248, stack(0x0000002f61000000,0x0000002f61100000)]
  0x000001d66376f000 JavaThread "Unconstrained build operations Thread 24" [_thread_blocked, id=23636, stack(0x0000002f61100000,0x0000002f61200000)]
  0x000001d663771800 JavaThread "Unconstrained build operations Thread 25" [_thread_blocked, id=15596, stack(0x0000002f61200000,0x0000002f61300000)]
  0x000001d66376f800 JavaThread "Unconstrained build operations Thread 26" [_thread_blocked, id=20400, stack(0x0000002f61300000,0x0000002f61400000)]
  0x000001d663773000 JavaThread "Unconstrained build operations Thread 27" [_thread_blocked, id=16536, stack(0x0000002f61400000,0x0000002f61500000)]
  0x000001d663770800 JavaThread "Unconstrained build operations Thread 28" [_thread_blocked, id=22352, stack(0x0000002f61500000,0x0000002f61600000)]
  0x000001d667349000 JavaThread "Unconstrained build operations Thread 29" [_thread_blocked, id=20496, stack(0x0000002f61600000,0x0000002f61700000)]
  0x000001d667343000 JavaThread "Unconstrained build operations Thread 30" [_thread_blocked, id=20404, stack(0x0000002f61700000,0x0000002f61800000)]
  0x000001d667347800 JavaThread "Unconstrained build operations Thread 31" [_thread_blocked, id=23392, stack(0x0000002f61800000,0x0000002f61900000)]
  0x000001d667346800 JavaThread "Unconstrained build operations Thread 32" [_thread_blocked, id=17244, stack(0x0000002f61900000,0x0000002f61a00000)]
  0x000001d66734a000 JavaThread "Unconstrained build operations Thread 33" [_thread_blocked, id=23088, stack(0x0000002f61a00000,0x0000002f61b00000)]
  0x000001d667348000 JavaThread "Unconstrained build operations Thread 34" [_thread_blocked, id=22568, stack(0x0000002f61b00000,0x0000002f61c00000)]
  0x000001d667344000 JavaThread "Unconstrained build operations Thread 35" [_thread_blocked, id=8528, stack(0x0000002f61c00000,0x0000002f61d00000)]
  0x000001d66734a800 JavaThread "Unconstrained build operations Thread 36" [_thread_blocked, id=24412, stack(0x0000002f61d00000,0x0000002f61e00000)]
  0x000001d667345000 JavaThread "Unconstrained build operations Thread 37" [_thread_blocked, id=2740, stack(0x0000002f61e00000,0x0000002f61f00000)]
  0x000001d66734b800 JavaThread "Unconstrained build operations Thread 38" [_thread_blocked, id=22296, stack(0x0000002f61f00000,0x0000002f62000000)]
  0x000001d667345800 JavaThread "Unconstrained build operations Thread 39" [_thread_blocked, id=22012, stack(0x0000002f62000000,0x0000002f62100000)]
  0x000001d667352000 JavaThread "Unconstrained build operations Thread 40" [_thread_blocked, id=14612, stack(0x0000002f62100000,0x0000002f62200000)]
  0x000001d66734e000 JavaThread "Unconstrained build operations Thread 41" [_thread_blocked, id=23380, stack(0x0000002f62200000,0x0000002f62300000)]
  0x000001d667351000 JavaThread "Unconstrained build operations Thread 42" [_thread_blocked, id=17732, stack(0x0000002f62300000,0x0000002f62400000)]
  0x000001d66734e800 JavaThread "Unconstrained build operations Thread 43" [_thread_blocked, id=20528, stack(0x0000002f62400000,0x0000002f62500000)]
  0x000001d66734c000 JavaThread "Unconstrained build operations Thread 44" [_thread_blocked, id=15556, stack(0x0000002f62500000,0x0000002f62600000)]
  0x000001d66734f800 JavaThread "Unconstrained build operations Thread 45" [_thread_blocked, id=24152, stack(0x0000002f62600000,0x0000002f62700000)]
  0x000001d667350800 JavaThread "Unconstrained build operations Thread 46" [_thread_blocked, id=18708, stack(0x0000002f62700000,0x0000002f62800000)]
  0x000001d66734d000 JavaThread "Unconstrained build operations Thread 47" [_thread_blocked, id=15912, stack(0x0000002f62800000,0x0000002f62900000)]
  0x000001d664d31000 JavaThread "Unconstrained build operations Thread 48" [_thread_blocked, id=18800, stack(0x0000002f62900000,0x0000002f62a00000)]
  0x000001d664d2e800 JavaThread "Unconstrained build operations Thread 49" [_thread_blocked, id=19296, stack(0x0000002f62a00000,0x0000002f62b00000)]
  0x000001d664d2d000 JavaThread "Unconstrained build operations Thread 50" [_thread_blocked, id=23328, stack(0x0000002f62b00000,0x0000002f62c00000)]
  0x000001d664d2b000 JavaThread "Unconstrained build operations Thread 51" [_thread_blocked, id=6184, stack(0x0000002f62c00000,0x0000002f62d00000)]
  0x000001d664d31800 JavaThread "Unconstrained build operations Thread 52" [_thread_blocked, id=14124, stack(0x0000002f62d00000,0x0000002f62e00000)]
  0x000001d664d2c000 JavaThread "Unconstrained build operations Thread 53" [_thread_blocked, id=23048, stack(0x0000002f62e00000,0x0000002f62f00000)]
  0x000001d664d32800 JavaThread "Unconstrained build operations Thread 54" [_thread_blocked, id=22304, stack(0x0000002f62f00000,0x0000002f63000000)]
  0x000001d664d2d800 JavaThread "Unconstrained build operations Thread 55" [_thread_blocked, id=11272, stack(0x0000002f63000000,0x0000002f63100000)]
  0x000001d664d33800 JavaThread "Unconstrained build operations Thread 56" [_thread_blocked, id=17324, stack(0x0000002f63100000,0x0000002f63200000)]
  0x000001d664d34000 JavaThread "Unconstrained build operations Thread 57" [_thread_blocked, id=23028, stack(0x0000002f63200000,0x0000002f63300000)]
  0x000001d664d35000 JavaThread "Unconstrained build operations Thread 58" [_thread_blocked, id=12404, stack(0x0000002f63300000,0x0000002f63400000)]
  0x000001d664d2f000 JavaThread "Unconstrained build operations Thread 59" [_thread_blocked, id=14076, stack(0x0000002f63400000,0x0000002f63500000)]
  0x000001d664d36000 JavaThread "Unconstrained build operations Thread 60" [_thread_blocked, id=24492, stack(0x0000002f63500000,0x0000002f63600000)]
  0x000001d664d30000 JavaThread "Unconstrained build operations Thread 61" [_thread_blocked, id=20324, stack(0x0000002f63600000,0x0000002f63700000)]
  0x000001d664d36800 JavaThread "Unconstrained build operations Thread 62" [_thread_blocked, id=23128, stack(0x0000002f63700000,0x0000002f63800000)]
  0x000001d664d3a000 JavaThread "Unconstrained build operations Thread 63" [_thread_blocked, id=13996, stack(0x0000002f63800000,0x0000002f63900000)]
  0x000001d664d38000 JavaThread "Unconstrained build operations Thread 64" [_thread_blocked, id=22888, stack(0x0000002f63900000,0x0000002f63a00000)]
  0x000001d664d37800 JavaThread "Unconstrained build operations Thread 65" [_thread_blocked, id=23436, stack(0x0000002f63a00000,0x0000002f63b00000)]
  0x000001d664d39000 JavaThread "Unconstrained build operations Thread 66" [_thread_blocked, id=15080, stack(0x0000002f63b00000,0x0000002f63c00000)]
  0x000001d663c35800 JavaThread "Unconstrained build operations Thread 67" [_thread_blocked, id=22968, stack(0x0000002f63c00000,0x0000002f63d00000)]
  0x000001d663c30800 JavaThread "Unconstrained build operations Thread 68" [_thread_blocked, id=17268, stack(0x0000002f63d00000,0x0000002f63e00000)]
  0x000001d663c31800 JavaThread "Unconstrained build operations Thread 69" [_thread_blocked, id=21628, stack(0x0000002f63e00000,0x0000002f63f00000)]
  0x000001d663c35000 JavaThread "Unconstrained build operations Thread 70" [_thread_blocked, id=23124, stack(0x0000002f63f00000,0x0000002f64000000)]
  0x000001d663c34000 JavaThread "Unconstrained build operations Thread 71" [_thread_blocked, id=15504, stack(0x0000002f64000000,0x0000002f64100000)]
  0x000001d663c36800 JavaThread "Unconstrained build operations Thread 72" [_thread_blocked, id=12592, stack(0x0000002f64100000,0x0000002f64200000)]
  0x000001d663c37000 JavaThread "Unconstrained build operations Thread 73" [_thread_blocked, id=15780, stack(0x0000002f64200000,0x0000002f64300000)]
  0x000001d663c38000 JavaThread "Unconstrained build operations Thread 74" [_thread_blocked, id=22164, stack(0x0000002f64300000,0x0000002f64400000)]
  0x000001d663c32800 JavaThread "Unconstrained build operations Thread 75" [_thread_blocked, id=8668, stack(0x0000002f64400000,0x0000002f64500000)]
  0x000001d663c39000 JavaThread "Unconstrained build operations Thread 76" [_thread_blocked, id=2980, stack(0x0000002f64500000,0x0000002f64600000)]
  0x000001d663c33000 JavaThread "Unconstrained build operations Thread 77" [_thread_blocked, id=15792, stack(0x0000002f64600000,0x0000002f64700000)]
  0x000001d663c3d000 JavaThread "Unconstrained build operations Thread 78" [_thread_blocked, id=19232, stack(0x0000002f64700000,0x0000002f64800000)]
  0x000001d663c3f800 JavaThread "Unconstrained build operations Thread 79" [_thread_blocked, id=22220, stack(0x0000002f64800000,0x0000002f64900000)]
  0x000001d663c39800 JavaThread "Unconstrained build operations Thread 80" [_thread_blocked, id=7488, stack(0x0000002f64900000,0x0000002f64a00000)]
  0x000001d663c3e800 JavaThread "jar transforms Thread 4" [_thread_blocked, id=22340, stack(0x0000002f64a00000,0x0000002f64b00000)]
  0x000001d663c3a800 JavaThread "jar transforms Thread 5" [_thread_blocked, id=18784, stack(0x0000002f64b00000,0x0000002f64c00000)]
  0x000001d663c3e000 JavaThread "jar transforms Thread 6" [_thread_blocked, id=24456, stack(0x0000002f64c00000,0x0000002f64d00000)]
  0x000001d663c3c000 JavaThread "jar transforms Thread 7" [_thread_blocked, id=23492, stack(0x0000002f64d00000,0x0000002f64e00000)]
  0x000001d663c3b800 JavaThread "jar transforms Thread 8" [_thread_blocked, id=23332, stack(0x0000002f64e00000,0x0000002f64f00000)]

Other Threads:
  0x000001d661e53800 VMThread "VM Thread" [stack: 0x0000002f5cd00000,0x0000002f5ce00000] [id=608]
  0x000001d662a02800 WatcherThread [stack: 0x0000002f5d700000,0x0000002f5d800000] [id=20100]
  0x000001d6479f9000 GCTaskThread "GC Thread#0" [stack: 0x0000002f5c800000,0x0000002f5c900000] [id=22320]
  0x000001d663257000 GCTaskThread "GC Thread#1" [stack: 0x0000002f5d800000,0x0000002f5d900000] [id=24352]
  0x000001d664db8800 GCTaskThread "GC Thread#2" [stack: 0x0000002f5e600000,0x0000002f5e700000] [id=16988]
  0x000001d664d90000 GCTaskThread "GC Thread#3" [stack: 0x0000002f5e700000,0x0000002f5e800000] [id=13036]
  0x000001d664ba7800 GCTaskThread "GC Thread#4" [stack: 0x0000002f5e800000,0x0000002f5e900000] [id=7704]
  0x000001d6641bb800 GCTaskThread "GC Thread#5" [stack: 0x0000002f5e900000,0x0000002f5ea00000] [id=18496]
  0x000001d6649da800 GCTaskThread "GC Thread#6" [stack: 0x0000002f5ea00000,0x0000002f5eb00000] [id=23852]
  0x000001d6649db000 GCTaskThread "GC Thread#7" [stack: 0x0000002f5eb00000,0x0000002f5ec00000] [id=10452]
  0x000001d647a2b800 ConcurrentGCThread "G1 Main Marker" [stack: 0x0000002f5c900000,0x0000002f5ca00000] [id=13024]
  0x000001d647a2c800 ConcurrentGCThread "G1 Conc#0" [stack: 0x0000002f5ca00000,0x0000002f5cb00000] [id=20984]
  0x000001d664a58000 ConcurrentGCThread "G1 Conc#1" [stack: 0x0000002f5ec00000,0x0000002f5ed00000] [id=6624]
  0x000001d647ab6800 ConcurrentGCThread "G1 Refine#0" [stack: 0x0000002f5cb00000,0x0000002f5cc00000] [id=21956]
  0x000001d647ab7800 ConcurrentGCThread "G1 Young RemSet Sampling" [stack: 0x0000002f5cc00000,0x0000002f5cd00000] [id=20392]

Threads with active compile tasks:
C2 CompilerThread0  14047 5578       4       org.objectweb.asm.SymbolTable::addConstantMemberReference (147 bytes)

VM state:not at safepoint (normal execution)

VM Mutex/Monitor currently owned by a thread: None

Heap address: 0x0000000080000000, size: 2048 MB, Compressed Oops mode: 32-bit
Narrow klass base: 0x0000000000000000, Narrow klass shift: 3
Compressed class space size: 1073741824 Address: 0x0000000100000000

Heap:
 garbage-first heap   total 118784K, used 72962K [0x0000000080000000, 0x0000000100000000)
  region size 1024K, 37 young (37888K), 7 survivors (7168K)
 Metaspace       used 51656K, capacity 53060K, committed 53248K, reserved 1095680K
  class space    used 6610K, capacity 7115K, committed 7168K, reserved 1048576K
Heap Regions: E=young(eden), S=young(survivor), O=old, HS=humongous(starts), HC=humongous(continues), CS=collection set, F=free, A=archive, TAMS=top-at-mark-start (previous, next)
|   0|0x0000000080000000, 0x0000000080100000, 0x0000000080100000|100%| O|  |TAMS 0x0000000080100000, 0x0000000080000000| Untracked 
|   1|0x0000000080100000, 0x0000000080200000, 0x0000000080200000|100%| O|  |TAMS 0x0000000080200000, 0x0000000080100000| Untracked 
|   2|0x0000000080200000, 0x0000000080300000, 0x0000000080300000|100%| O|  |TAMS 0x0000000080300000, 0x0000000080200000| Untracked 
|   3|0x0000000080300000, 0x0000000080400000, 0x0000000080400000|100%|HS|  |TAMS 0x0000000080400000, 0x0000000080300000| Complete 
|   4|0x0000000080400000, 0x0000000080500000, 0x0000000080500000|100%|HC|  |TAMS 0x0000000080500000, 0x0000000080400000| Complete 
|   5|0x0000000080500000, 0x0000000080600000, 0x0000000080600000|100%|HC|  |TAMS 0x0000000080600000, 0x0000000080500000| Complete 
|   6|0x0000000080600000, 0x0000000080700000, 0x0000000080700000|100%| O|  |TAMS 0x0000000080700000, 0x0000000080600000| Untracked 
|   7|0x0000000080700000, 0x0000000080800000, 0x0000000080800000|100%| O|  |TAMS 0x0000000080800000, 0x0000000080700000| Untracked 
|   8|0x0000000080800000, 0x0000000080900000, 0x0000000080900000|100%| O|  |TAMS 0x0000000080900000, 0x0000000080800000| Untracked 
|   9|0x0000000080900000, 0x0000000080a00000, 0x0000000080a00000|100%| O|  |TAMS 0x0000000080a00000, 0x0000000080900000| Untracked 
|  10|0x0000000080a00000, 0x0000000080b00000, 0x0000000080b00000|100%| O|  |TAMS 0x0000000080b00000, 0x0000000080a00000| Untracked 
|  11|0x0000000080b00000, 0x0000000080c00000, 0x0000000080c00000|100%| O|  |TAMS 0x0000000080c00000, 0x0000000080b00000| Untracked 
|  12|0x0000000080c00000, 0x0000000080d00000, 0x0000000080d00000|100%| O|  |TAMS 0x0000000080d00000, 0x0000000080c00000| Untracked 
|  13|0x0000000080d00000, 0x0000000080e00000, 0x0000000080e00000|100%| O|  |TAMS 0x0000000080e00000, 0x0000000080d00000| Untracked 
|  14|0x0000000080e00000, 0x0000000080f00000, 0x0000000080f00000|100%| O|  |TAMS 0x0000000080f00000, 0x0000000080e00000| Untracked 
|  15|0x0000000080f00000, 0x0000000081000000, 0x0000000081000000|100%| O|  |TAMS 0x0000000081000000, 0x0000000080f00000| Untracked 
|  16|0x0000000081000000, 0x0000000081100000, 0x0000000081100000|100%| O|  |TAMS 0x000000008107e200, 0x0000000081000000| Untracked 
|  17|0x0000000081100000, 0x0000000081200000, 0x0000000081200000|100%| O|  |TAMS 0x0000000081100000, 0x0000000081100000| Untracked 
|  18|0x0000000081200000, 0x0000000081300000, 0x0000000081300000|100%| O|  |TAMS 0x0000000081200000, 0x0000000081200000| Untracked 
|  19|0x0000000081300000, 0x0000000081400000, 0x0000000081400000|100%| O|  |TAMS 0x0000000081300000, 0x0000000081300000| Untracked 
|  20|0x0000000081400000, 0x0000000081500000, 0x0000000081500000|100%| O|  |TAMS 0x0000000081400000, 0x0000000081400000| Untracked 
|  21|0x0000000081500000, 0x0000000081600000, 0x0000000081600000|100%| O|  |TAMS 0x0000000081500000, 0x0000000081500000| Untracked 
|  22|0x0000000081600000, 0x0000000081700000, 0x0000000081700000|100%| O|  |TAMS 0x0000000081600000, 0x0000000081600000| Untracked 
|  23|0x0000000081700000, 0x0000000081800000, 0x0000000081800000|100%| O|  |TAMS 0x0000000081700000, 0x0000000081700000| Untracked 
|  24|0x0000000081800000, 0x0000000081900000, 0x0000000081900000|100%| O|  |TAMS 0x0000000081800000, 0x0000000081800000| Untracked 
|  25|0x0000000081900000, 0x0000000081a00000, 0x0000000081a00000|100%| O|  |TAMS 0x0000000081900000, 0x0000000081900000| Untracked 
|  26|0x0000000081a00000, 0x0000000081b00000, 0x0000000081b00000|100%| O|  |TAMS 0x0000000081a00000, 0x0000000081a00000| Untracked 
|  27|0x0000000081b00000, 0x0000000081c00000, 0x0000000081c00000|100%| O|  |TAMS 0x0000000081b00000, 0x0000000081b00000| Untracked 
|  28|0x0000000081c00000, 0x0000000081c25a00, 0x0000000081d00000| 14%| O|  |TAMS 0x0000000081c00000, 0x0000000081c00000| Untracked 
|  29|0x0000000081d00000, 0x0000000081e00000, 0x0000000081e00000|100%|HS|  |TAMS 0x0000000081d00000, 0x0000000081d00000| Complete 
|  30|0x0000000081e00000, 0x0000000081f00000, 0x0000000081f00000|100%|HS|  |TAMS 0x0000000081e00000, 0x0000000081e00000| Complete 
|  31|0x0000000081f00000, 0x0000000082000000, 0x0000000082000000|100%|HS|  |TAMS 0x0000000081f00000, 0x0000000081f00000| Complete 
|  32|0x0000000082000000, 0x0000000082100000, 0x0000000082100000|100%|HS|  |TAMS 0x0000000082000000, 0x0000000082000000| Complete 
|  33|0x0000000082100000, 0x0000000082200000, 0x0000000082200000|100%|HS|  |TAMS 0x0000000082100000, 0x0000000082100000| Complete 
|  34|0x0000000082200000, 0x0000000082300000, 0x0000000082300000|100%|HC|  |TAMS 0x0000000082200000, 0x0000000082200000| Complete 
|  35|0x0000000082300000, 0x0000000082400000, 0x0000000082400000|100%|HC|  |TAMS 0x0000000082300000, 0x0000000082300000| Complete 
|  36|0x0000000082400000, 0x0000000082500000, 0x0000000082500000|100%|HS|  |TAMS 0x0000000082400000, 0x0000000082400000| Complete 
|  37|0x0000000082500000, 0x0000000082600000, 0x0000000082600000|100%|HC|  |TAMS 0x0000000082500000, 0x0000000082500000| Complete 
|  38|0x0000000082600000, 0x0000000082600000, 0x0000000082700000|  0%| F|  |TAMS 0x0000000082600000, 0x0000000082600000| Untracked 
|  39|0x0000000082700000, 0x0000000082700000, 0x0000000082800000|  0%| F|  |TAMS 0x0000000082700000, 0x0000000082700000| Untracked 
|  40|0x0000000082800000, 0x0000000082800000, 0x0000000082900000|  0%| F|  |TAMS 0x0000000082800000, 0x0000000082800000| Untracked 
|  41|0x0000000082900000, 0x0000000082900000, 0x0000000082a00000|  0%| F|  |TAMS 0x0000000082900000, 0x0000000082900000| Untracked 
|  42|0x0000000082a00000, 0x0000000082a00000, 0x0000000082b00000|  0%| F|  |TAMS 0x0000000082a00000, 0x0000000082a00000| Untracked 
|  43|0x0000000082b00000, 0x0000000082b00000, 0x0000000082c00000|  0%| F|  |TAMS 0x0000000082b00000, 0x0000000082b00000| Untracked 
|  44|0x0000000082c00000, 0x0000000082c00000, 0x0000000082d00000|  0%| F|  |TAMS 0x0000000082c00000, 0x0000000082c00000| Untracked 
|  45|0x0000000082d00000, 0x0000000082d00000, 0x0000000082e00000|  0%| F|  |TAMS 0x0000000082d00000, 0x0000000082d00000| Untracked 
|  46|0x0000000082e00000, 0x0000000082e00000, 0x0000000082f00000|  0%| F|  |TAMS 0x0000000082e00000, 0x0000000082e00000| Untracked 
|  47|0x0000000082f00000, 0x0000000082f00000, 0x0000000083000000|  0%| F|  |TAMS 0x0000000082f00000, 0x0000000082f00000| Untracked 
|  48|0x0000000083000000, 0x0000000083000000, 0x0000000083100000|  0%| F|  |TAMS 0x0000000083000000, 0x0000000083000000| Untracked 
|  49|0x0000000083100000, 0x0000000083100000, 0x0000000083200000|  0%| F|  |TAMS 0x0000000083100000, 0x0000000083100000| Untracked 
|  50|0x0000000083200000, 0x000000008321b060, 0x0000000083300000| 10%| S|CS|TAMS 0x0000000083200000, 0x0000000083200000| Complete 
|  51|0x0000000083300000, 0x0000000083400000, 0x0000000083400000|100%| S|CS|TAMS 0x0000000083300000, 0x0000000083300000| Complete 
|  52|0x0000000083400000, 0x0000000083500000, 0x0000000083500000|100%| S|CS|TAMS 0x0000000083400000, 0x0000000083400000| Complete 
|  53|0x0000000083500000, 0x0000000083600000, 0x0000000083600000|100%| S|CS|TAMS 0x0000000083500000, 0x0000000083500000| Complete 
|  54|0x0000000083600000, 0x0000000083700000, 0x0000000083700000|100%| S|CS|TAMS 0x0000000083600000, 0x0000000083600000| Complete 
|  55|0x0000000083700000, 0x0000000083800000, 0x0000000083800000|100%| S|CS|TAMS 0x0000000083700000, 0x0000000083700000| Complete 
|  56|0x0000000083800000, 0x0000000083900000, 0x0000000083900000|100%| S|CS|TAMS 0x0000000083800000, 0x0000000083800000| Complete 
|  57|0x0000000083900000, 0x0000000083900000, 0x0000000083a00000|  0%| F|  |TAMS 0x0000000083900000, 0x0000000083900000| Untracked 
|  58|0x0000000083a00000, 0x0000000083a00000, 0x0000000083b00000|  0%| F|  |TAMS 0x0000000083a00000, 0x0000000083a00000| Untracked 
|  59|0x0000000083b00000, 0x0000000083b00000, 0x0000000083c00000|  0%| F|  |TAMS 0x0000000083b00000, 0x0000000083b00000| Untracked 
|  60|0x0000000083c00000, 0x0000000083c00000, 0x0000000083d00000|  0%| F|  |TAMS 0x0000000083c00000, 0x0000000083c00000| Untracked 
|  61|0x0000000083d00000, 0x0000000083d00000, 0x0000000083e00000|  0%| F|  |TAMS 0x0000000083d00000, 0x0000000083d00000| Untracked 
|  62|0x0000000083e00000, 0x0000000083e00000, 0x0000000083f00000|  0%| F|  |TAMS 0x0000000083e00000, 0x0000000083e00000| Untracked 
|  63|0x0000000083f00000, 0x0000000083f00000, 0x0000000084000000|  0%| F|  |TAMS 0x0000000083f00000, 0x0000000083f00000| Untracked 
|  64|0x0000000084000000, 0x0000000084000000, 0x0000000084100000|  0%| F|  |TAMS 0x0000000084000000, 0x0000000084000000| Untracked 
|  65|0x0000000084100000, 0x0000000084100000, 0x0000000084200000|  0%| F|  |TAMS 0x0000000084100000, 0x0000000084100000| Untracked 
|  66|0x0000000084200000, 0x0000000084200000, 0x0000000084300000|  0%| F|  |TAMS 0x0000000084200000, 0x0000000084200000| Untracked 
|  67|0x0000000084300000, 0x0000000084300000, 0x0000000084400000|  0%| F|  |TAMS 0x0000000084300000, 0x0000000084300000| Untracked 
|  68|0x0000000084400000, 0x0000000084400000, 0x0000000084500000|  0%| F|  |TAMS 0x0000000084400000, 0x0000000084400000| Untracked 
|  69|0x0000000084500000, 0x0000000084500000, 0x0000000084600000|  0%| F|  |TAMS 0x0000000084500000, 0x0000000084500000| Untracked 
|  70|0x0000000084600000, 0x0000000084600000, 0x0000000084700000|  0%| F|  |TAMS 0x0000000084600000, 0x0000000084600000| Untracked 
|  71|0x0000000084700000, 0x0000000084700000, 0x0000000084800000|  0%| F|  |TAMS 0x0000000084700000, 0x0000000084700000| Untracked 
|  72|0x0000000084800000, 0x0000000084800000, 0x0000000084900000|  0%| F|  |TAMS 0x0000000084800000, 0x0000000084800000| Untracked 
|  73|0x0000000084900000, 0x0000000084900000, 0x0000000084a00000|  0%| F|  |TAMS 0x0000000084900000, 0x0000000084900000| Untracked 
|  74|0x0000000084a00000, 0x0000000084a00000, 0x0000000084b00000|  0%| F|  |TAMS 0x0000000084a00000, 0x0000000084a00000| Untracked 
|  75|0x0000000084b00000, 0x0000000084b00000, 0x0000000084c00000|  0%| F|  |TAMS 0x0000000084b00000, 0x0000000084b00000| Untracked 
|  76|0x0000000084c00000, 0x0000000084c00000, 0x0000000084d00000|  0%| F|  |TAMS 0x0000000084c00000, 0x0000000084c00000| Untracked 
|  77|0x0000000084d00000, 0x0000000084d00000, 0x0000000084e00000|  0%| F|  |TAMS 0x0000000084d00000, 0x0000000084d00000| Untracked 
|  78|0x0000000084e00000, 0x0000000084e00000, 0x0000000084f00000|  0%| F|  |TAMS 0x0000000084e00000, 0x0000000084e00000| Untracked 
|  79|0x0000000084f00000, 0x0000000084f00000, 0x0000000085000000|  0%| F|  |TAMS 0x0000000084f00000, 0x0000000084f00000| Untracked 
|  80|0x0000000085000000, 0x0000000085000000, 0x0000000085100000|  0%| F|  |TAMS 0x0000000085000000, 0x0000000085000000| Untracked 
|  81|0x0000000085100000, 0x0000000085100000, 0x0000000085200000|  0%| F|  |TAMS 0x0000000085100000, 0x0000000085100000| Untracked 
|  82|0x0000000085200000, 0x0000000085200000, 0x0000000085300000|  0%| F|  |TAMS 0x0000000085200000, 0x0000000085200000| Untracked 
|  83|0x0000000085300000, 0x0000000085300000, 0x0000000085400000|  0%| F|  |TAMS 0x0000000085300000, 0x0000000085300000| Untracked 
|  84|0x0000000085400000, 0x0000000085400000, 0x0000000085500000|  0%| F|  |TAMS 0x0000000085400000, 0x0000000085400000| Untracked 
|  85|0x0000000085500000, 0x0000000085500000, 0x0000000085600000|  0%| F|  |TAMS 0x0000000085500000, 0x0000000085500000| Untracked 
|  86|0x0000000085600000, 0x0000000085680800, 0x0000000085700000| 50%| E|  |TAMS 0x0000000085600000, 0x0000000085600000| Complete 
|  87|0x0000000085700000, 0x0000000085800000, 0x0000000085800000|100%| E|CS|TAMS 0x0000000085700000, 0x0000000085700000| Complete 
|  88|0x0000000085800000, 0x0000000085900000, 0x0000000085900000|100%| E|CS|TAMS 0x0000000085800000, 0x0000000085800000| Complete 
|  89|0x0000000085900000, 0x0000000085a00000, 0x0000000085a00000|100%| E|CS|TAMS 0x0000000085900000, 0x0000000085900000| Complete 
|  90|0x0000000085a00000, 0x0000000085b00000, 0x0000000085b00000|100%| E|CS|TAMS 0x0000000085a00000, 0x0000000085a00000| Complete 
|  91|0x0000000085b00000, 0x0000000085c00000, 0x0000000085c00000|100%| E|CS|TAMS 0x0000000085b00000, 0x0000000085b00000| Complete 
|  92|0x0000000085c00000, 0x0000000085d00000, 0x0000000085d00000|100%| E|CS|TAMS 0x0000000085c00000, 0x0000000085c00000| Complete 
|  93|0x0000000085d00000, 0x0000000085e00000, 0x0000000085e00000|100%| E|CS|TAMS 0x0000000085d00000, 0x0000000085d00000| Complete 
|  94|0x0000000085e00000, 0x0000000085f00000, 0x0000000085f00000|100%| E|CS|TAMS 0x0000000085e00000, 0x0000000085e00000| Complete 
|  95|0x0000000085f00000, 0x0000000086000000, 0x0000000086000000|100%| E|CS|TAMS 0x0000000085f00000, 0x0000000085f00000| Complete 
|  96|0x0000000086000000, 0x0000000086100000, 0x0000000086100000|100%| E|CS|TAMS 0x0000000086000000, 0x0000000086000000| Complete 
|  97|0x0000000086100000, 0x0000000086200000, 0x0000000086200000|100%| E|CS|TAMS 0x0000000086100000, 0x0000000086100000| Complete 
|  98|0x0000000086200000, 0x0000000086300000, 0x0000000086300000|100%| E|CS|TAMS 0x0000000086200000, 0x0000000086200000| Complete 
|  99|0x0000000086300000, 0x0000000086400000, 0x0000000086400000|100%| E|CS|TAMS 0x0000000086300000, 0x0000000086300000| Complete 
| 100|0x0000000086400000, 0x0000000086500000, 0x0000000086500000|100%| E|CS|TAMS 0x0000000086400000, 0x0000000086400000| Complete 
| 101|0x0000000086500000, 0x0000000086600000, 0x0000000086600000|100%| E|CS|TAMS 0x0000000086500000, 0x0000000086500000| Complete 
| 102|0x0000000086600000, 0x0000000086700000, 0x0000000086700000|100%| E|CS|TAMS 0x0000000086600000, 0x0000000086600000| Complete 
| 103|0x0000000086700000, 0x0000000086800000, 0x0000000086800000|100%| E|CS|TAMS 0x0000000086700000, 0x0000000086700000| Complete 
| 104|0x0000000086800000, 0x0000000086900000, 0x0000000086900000|100%| E|CS|TAMS 0x0000000086800000, 0x0000000086800000| Complete 
| 105|0x0000000086900000, 0x0000000086a00000, 0x0000000086a00000|100%| E|CS|TAMS 0x0000000086900000, 0x0000000086900000| Complete 
| 106|0x0000000086a00000, 0x0000000086b00000, 0x0000000086b00000|100%| E|CS|TAMS 0x0000000086a00000, 0x0000000086a00000| Complete 
| 107|0x0000000086b00000, 0x0000000086c00000, 0x0000000086c00000|100%| E|CS|TAMS 0x0000000086b00000, 0x0000000086b00000| Complete 
| 108|0x0000000086c00000, 0x0000000086d00000, 0x0000000086d00000|100%| E|CS|TAMS 0x0000000086c00000, 0x0000000086c00000| Complete 
| 109|0x0000000086d00000, 0x0000000086e00000, 0x0000000086e00000|100%| E|  |TAMS 0x0000000086d00000, 0x0000000086d00000| Complete 
| 110|0x0000000086e00000, 0x0000000086f00000, 0x0000000086f00000|100%| E|CS|TAMS 0x0000000086e00000, 0x0000000086e00000| Complete 
| 111|0x0000000086f00000, 0x0000000087000000, 0x0000000087000000|100%| E|CS|TAMS 0x0000000086f00000, 0x0000000086f00000| Complete 
| 112|0x0000000087000000, 0x0000000087100000, 0x0000000087100000|100%| E|CS|TAMS 0x0000000087000000, 0x0000000087000000| Complete 
| 113|0x0000000087100000, 0x0000000087200000, 0x0000000087200000|100%| E|CS|TAMS 0x0000000087100000, 0x0000000087100000| Complete 
| 114|0x0000000087200000, 0x0000000087300000, 0x0000000087300000|100%| E|CS|TAMS 0x0000000087200000, 0x0000000087200000| Complete 
| 115|0x0000000087300000, 0x0000000087400000, 0x0000000087400000|100%| E|CS|TAMS 0x0000000087300000, 0x0000000087300000| Complete 

Card table byte_map: [0x000001d65ac10000,0x000001d65b010000] _byte_map_base: 0x000001d65a810000

Marking Bits (Prev, Next): (CMBitMap*) 0x000001d647a22d08, (CMBitMap*) 0x000001d647a22d40
 Prev Bits: [0x000001d65b410000, 0x000001d65d410000)
 Next Bits: [0x000001d65d410000, 0x000001d65f410000)

Polling page: 0x000001d6459f0000

Metaspace:

Usage:
  Non-class:     44.93 MB capacity,    44.04 MB ( 98%) used,   779.84 KB (  2%) free+waste,   137.31 KB ( <1%) overhead. 
      Class:      6.95 MB capacity,     6.46 MB ( 93%) used,   436.15 KB (  6%) free+waste,    65.25 KB ( <1%) overhead. 
       Both:     51.88 MB capacity,    50.49 MB ( 97%) used,     1.19 MB (  2%) free+waste,   202.56 KB ( <1%) overhead. 

Virtual space:
  Non-class space:       46.00 MB reserved,      45.00 MB ( 98%) committed 
      Class space:        1.00 GB reserved,       7.00 MB ( <1%) committed 
             Both:        1.04 GB reserved,      52.00 MB (  5%) committed 

Chunk freelists:
   Non-Class:  7.00 KB
       Class:  21.00 KB
        Both:  28.00 KB

MaxMetaspaceSize: 17179869184.00 GB
CompressedClassSpaceSize: 1.00 GB

CodeHeap 'non-profiled nmethods': size=120000Kb used=2600Kb max_used=2600Kb free=117399Kb
 bounds [0x000001d652fb0000, 0x000001d653240000, 0x000001d65a4e0000]
CodeHeap 'profiled nmethods': size=120000Kb used=11241Kb max_used=11241Kb free=108758Kb
 bounds [0x000001d64ba80000, 0x000001d64c580000, 0x000001d652fb0000]
CodeHeap 'non-nmethods': size=5760Kb used=2222Kb max_used=2263Kb free=3538Kb
 bounds [0x000001d64b4e0000, 0x000001d64b750000, 0x000001d64ba80000]
 total_blobs=6325 nmethods=5531 adapters=705
 compilation: enabled
              stopped_count=0, restarted_count=0
 full_count=0

Compilation events (20 events):
Event: 13.971 Thread 0x000001d661e8d800 5597       3       org.gradle.internal.instantiation.generator.ParamsMatchingConstructorSelector::forParams (481 bytes)
Event: 13.978 Thread 0x000001d661e8d800 nmethod 5597 0x000001d64c571e10 code [0x000001d64c572380, 0x000001d64c575438]
Event: 13.978 Thread 0x000001d661e8d800 5598       3       org.gradle.internal.instantiation.generator.ParamsMatchingConstructorSelector::vetoParameters (1 bytes)
Event: 13.978 Thread 0x000001d661e8d800 nmethod 5598 0x000001d64c576310 code [0x000001d64c5764c0, 0x000001d64c5765b8]
Event: 13.985 Thread 0x000001d661e8d800 5599       3       com.google.common.collect.ImmutableMapEntrySet$RegularEntrySet::iterator (5 bytes)
Event: 13.985 Thread 0x000001d661e8d800 nmethod 5599 0x000001d64c576690 code [0x000001d64c576860, 0x000001d64c576a88]
Event: 13.985 Thread 0x000001d661e8d800 5600       1       com.google.common.collect.RegularImmutableList::internalArray (5 bytes)
Event: 13.985 Thread 0x000001d661e8d800 nmethod 5600 0x000001d653239b90 code [0x000001d653239d40, 0x000001d653239df8]
Event: 13.986 Thread 0x000001d661e8d800 5601       1       com.google.common.collect.RegularImmutableList::internalArrayStart (2 bytes)
Event: 13.986 Thread 0x000001d661e8d800 nmethod 5601 0x000001d653239e90 code [0x000001d65323a040, 0x000001d65323a0f8]
Event: 13.986 Thread 0x000001d661e8d800 5602       3       org.gradle.internal.service.DefaultServiceRegistry::get (44 bytes)
Event: 13.988 Thread 0x000001d661e8d800 nmethod 5602 0x000001d64c576b90 code [0x000001d64c576ee0, 0x000001d64c5781c8]
Event: 13.994 Thread 0x000001d661e8d800 5604       3       org.objectweb.asm.SymbolTable$Entry::<init> (17 bytes)
Event: 13.994 Thread 0x000001d661e8d800 nmethod 5604 0x000001d64c578890 code [0x000001d64c578a40, 0x000001d64c578ba8]
Event: 13.995 Thread 0x000001d661e8d800 5606       3       org.objectweb.asm.SymbolTable::addConstantIntegerOrFloat (100 bytes)
Event: 13.996 Thread 0x000001d661e8d800 nmethod 5606 0x000001d64c578c90 code [0x000001d64c578ec0, 0x000001d64c579478]
Event: 14.004 Thread 0x000001d661e8d800 5607       3       sun.reflect.annotation.AnnotationInvocationHandler::<init> (51 bytes)
Event: 14.005 Thread 0x000001d661e8d800 nmethod 5607 0x000001d64c579790 code [0x000001d64c5799a0, 0x000001d64c579ec8]
Event: 14.007 Thread 0x000001d661e8d800 5608       3       java.lang.reflect.Modifier::isVolatile (13 bytes)
Event: 14.008 Thread 0x000001d661e8d800 nmethod 5608 0x000001d64c57a110 code [0x000001d64c57a2c0, 0x000001d64c57a3f8]

GC Heap History (20 events):
Event: 2.446 GC heap before
{Heap before GC invocations=1 (full 0):
 garbage-first heap   total 98304K, used 64449K [0x0000000080000000, 0x0000000100000000)
  region size 1024K, 57 young (58368K), 3 survivors (3072K)
 Metaspace       used 13235K, capacity 13595K, committed 13952K, reserved 1060864K
  class space    used 1460K, capacity 1557K, committed 1664K, reserved 1048576K
}
Event: 2.460 GC heap after
{Heap after GC invocations=2 (full 0):
 garbage-first heap   total 98304K, used 15188K [0x0000000080000000, 0x0000000100000000)
  region size 1024K, 8 young (8192K), 8 survivors (8192K)
 Metaspace       used 13235K, capacity 13595K, committed 13952K, reserved 1060864K
  class space    used 1460K, capacity 1557K, committed 1664K, reserved 1048576K
}
Event: 4.384 GC heap before
{Heap before GC invocations=2 (full 0):
 garbage-first heap   total 98304K, used 61268K [0x0000000080000000, 0x0000000100000000)
  region size 1024K, 54 young (55296K), 8 survivors (8192K)
 Metaspace       used 20507K, capacity 20981K, committed 21120K, reserved 1067008K
  class space    used 2523K, capacity 2680K, committed 2688K, reserved 1048576K
}
Event: 4.392 GC heap after
{Heap after GC invocations=3 (full 0):
 garbage-first heap   total 98304K, used 17336K [0x0000000080000000, 0x0000000100000000)
  region size 1024K, 3 young (3072K), 3 survivors (3072K)
 Metaspace       used 20507K, capacity 20981K, committed 21120K, reserved 1067008K
  class space    used 2523K, capacity 2680K, committed 2688K, reserved 1048576K
}
Event: 4.443 GC heap before
{Heap before GC invocations=3 (full 0):
 garbage-first heap   total 98304K, used 18360K [0x0000000080000000, 0x0000000100000000)
  region size 1024K, 5 young (5120K), 3 survivors (3072K)
 Metaspace       used 20755K, capacity 21144K, committed 21248K, reserved 1067008K
  class space    used 2552K, capacity 2713K, committed 2816K, reserved 1048576K
}
Event: 4.448 GC heap after
{Heap after GC invocations=4 (full 0):
 garbage-first heap   total 98304K, used 17265K [0x0000000080000000, 0x0000000100000000)
  region size 1024K, 3 young (3072K), 3 survivors (3072K)
 Metaspace       used 20755K, capacity 21144K, committed 21248K, reserved 1067008K
  class space    used 2552K, capacity 2713K, committed 2816K, reserved 1048576K
}
Event: 5.461 GC heap before
{Heap before GC invocations=5 (full 0):
 garbage-first heap   total 98304K, used 66417K [0x0000000080000000, 0x0000000100000000)
  region size 1024K, 51 young (52224K), 3 survivors (3072K)
 Metaspace       used 25777K, capacity 26430K, committed 26752K, reserved 1073152K
  class space    used 3371K, capacity 3587K, committed 3712K, reserved 1048576K
}
Event: 5.466 GC heap after
{Heap after GC invocations=6 (full 0):
 garbage-first heap   total 98304K, used 19011K [0x0000000080000000, 0x0000000100000000)
  region size 1024K, 4 young (4096K), 4 survivors (4096K)
 Metaspace       used 25777K, capacity 26430K, committed 26752K, reserved 1073152K
  class space    used 3371K, capacity 3587K, committed 3712K, reserved 1048576K
}
Event: 6.277 GC heap before
{Heap before GC invocations=6 (full 0):
 garbage-first heap   total 98304K, used 69187K [0x0000000080000000, 0x0000000100000000)
  region size 1024K, 53 young (54272K), 4 survivors (4096K)
 Metaspace       used 30350K, capacity 31021K, committed 31232K, reserved 1077248K
  class space    used 4068K, capacity 4315K, committed 4352K, reserved 1048576K
}
Event: 6.282 GC heap after
{Heap after GC invocations=7 (full 0):
 garbage-first heap   total 98304K, used 20583K [0x0000000080000000, 0x0000000100000000)
  region size 1024K, 4 young (4096K), 4 survivors (4096K)
 Metaspace       used 30350K, capacity 31021K, committed 31232K, reserved 1077248K
  class space    used 4068K, capacity 4315K, committed 4352K, reserved 1048576K
}
Event: 6.806 GC heap before
{Heap before GC invocations=7 (full 0):
 garbage-first heap   total 98304K, used 35943K [0x0000000080000000, 0x0000000100000000)
  region size 1024K, 20 young (20480K), 4 survivors (4096K)
 Metaspace       used 34887K, capacity 35669K, committed 35840K, reserved 1081344K
  class space    used 4530K, capacity 4844K, committed 4864K, reserved 1048576K
}
Event: 6.818 GC heap after
{Heap after GC invocations=8 (full 0):
 garbage-first heap   total 98304K, used 22491K [0x0000000080000000, 0x0000000100000000)
  region size 1024K, 6 young (6144K), 6 survivors (6144K)
 Metaspace       used 34887K, capacity 35669K, committed 35840K, reserved 1081344K
  class space    used 4530K, capacity 4844K, committed 4864K, reserved 1048576K
}
Event: 7.656 GC heap before
{Heap before GC invocations=9 (full 0):
 garbage-first heap   total 98304K, used 72667K [0x0000000080000000, 0x0000000100000000)
  region size 1024K, 53 young (54272K), 6 survivors (6144K)
 Metaspace       used 39332K, capacity 40253K, committed 40576K, reserved 1085440K
  class space    used 5027K, capacity 5388K, committed 5504K, reserved 1048576K
}
Event: 7.666 GC heap after
{Heap after GC invocations=10 (full 0):
 garbage-first heap   total 98304K, used 26493K [0x0000000080000000, 0x0000000100000000)
  region size 1024K, 7 young (7168K), 7 survivors (7168K)
 Metaspace       used 39332K, capacity 40253K, committed 40576K, reserved 1085440K
  class space    used 5027K, capacity 5388K, committed 5504K, reserved 1048576K
}
Event: 8.371 GC heap before
{Heap before GC invocations=10 (full 0):
 garbage-first heap   total 98304K, used 73597K [0x0000000080000000, 0x0000000100000000)
  region size 1024K, 53 young (54272K), 7 survivors (7168K)
 Metaspace       used 42624K, capacity 43626K, committed 43776K, reserved 1087488K
  class space    used 5520K, capacity 5864K, committed 5888K, reserved 1048576K
}
Event: 8.381 GC heap after
{Heap after GC invocations=11 (full 0):
 garbage-first heap   total 118784K, used 29548K [0x0000000080000000, 0x0000000100000000)
  region size 1024K, 4 young (4096K), 4 survivors (4096K)
 Metaspace       used 42624K, capacity 43626K, committed 43776K, reserved 1087488K
  class space    used 5520K, capacity 5864K, committed 5888K, reserved 1048576K
}
Event: 10.045 GC heap before
{Heap before GC invocations=11 (full 0):
 garbage-first heap   total 118784K, used 83820K [0x0000000080000000, 0x0000000100000000)
  region size 1024K, 57 young (58368K), 4 survivors (4096K)
 Metaspace       used 46884K, capacity 48120K, committed 48256K, reserved 1091584K
  class space    used 6035K, capacity 6467K, committed 6528K, reserved 1048576K
}
Event: 10.053 GC heap after
{Heap after GC invocations=12 (full 0):
 garbage-first heap   total 118784K, used 31419K [0x0000000080000000, 0x0000000100000000)
  region size 1024K, 5 young (5120K), 5 survivors (5120K)
 Metaspace       used 46884K, capacity 48120K, committed 48256K, reserved 1091584K
  class space    used 6035K, capacity 6467K, committed 6528K, reserved 1048576K
}
Event: 12.530 GC heap before
{Heap before GC invocations=12 (full 0):
 garbage-first heap   total 118784K, used 85691K [0x0000000080000000, 0x0000000100000000)
  region size 1024K, 59 young (60416K), 5 survivors (5120K)
 Metaspace       used 49111K, capacity 50480K, committed 50560K, reserved 1093632K
  class space    used 6280K, capacity 6767K, committed 6784K, reserved 1048576K
}
Event: 12.540 GC heap after
{Heap after GC invocations=13 (full 0):
 garbage-first heap   total 118784K, used 35074K [0x0000000080000000, 0x0000000100000000)
  region size 1024K, 7 young (7168K), 7 survivors (7168K)
 Metaspace       used 49111K, capacity 50480K, committed 50560K, reserved 1093632K
  class space    used 6280K, capacity 6767K, committed 6784K, reserved 1048576K
}

Deoptimization events (20 events):
Event: 13.225 Thread 0x000001d664b28800 DEOPT PACKING pc=0x000001d64c5086aa sp=0x0000002f5dff3c20
Event: 13.225 Thread 0x000001d664b28800 DEOPT UNPACKING pc=0x000001d64b506dde sp=0x0000002f5dff31f8 mode 0
Event: 13.244 Thread 0x000001d664b28800 DEOPT PACKING pc=0x000001d64c5086aa sp=0x0000002f5dff3c20
Event: 13.244 Thread 0x000001d664b28800 DEOPT UNPACKING pc=0x000001d64b506dde sp=0x0000002f5dff31f8 mode 0
Event: 13.750 Thread 0x000001d664b28800 Uncommon trap: trap_request=0xffffff4d fr.pc=0x000001d65310ec1c relative=0x000000000000091c
Event: 13.751 Thread 0x000001d664b28800 Uncommon trap: reason=unstable_if action=reinterpret pc=0x000001d65310ec1c method=java.io.BufferedInputStream.read([BII)I @ 56 c2
Event: 13.751 Thread 0x000001d664b28800 DEOPT PACKING pc=0x000001d65310ec1c sp=0x0000002f5dff6d50
Event: 13.752 Thread 0x000001d664b28800 DEOPT UNPACKING pc=0x000001d64b50662f sp=0x0000002f5dff6d08 mode 2
Event: 13.813 Thread 0x000001d664b28800 Uncommon trap: trap_request=0xffffff45 fr.pc=0x000001d6531491b8 relative=0x0000000000000d98
Event: 13.813 Thread 0x000001d664b28800 Uncommon trap: reason=unstable_fused_if action=reinterpret pc=0x000001d6531491b8 method=org.objectweb.asm.ByteVector.putUTF8(Ljava/lang/String;)Lorg/objectweb/asm/ByteVector; @ 93 c2
Event: 13.813 Thread 0x000001d664b28800 DEOPT PACKING pc=0x000001d6531491b8 sp=0x0000002f5dff7710
Event: 13.813 Thread 0x000001d664b28800 DEOPT UNPACKING pc=0x000001d64b50662f sp=0x0000002f5dff7668 mode 2
Event: 13.814 Thread 0x000001d664b28800 Uncommon trap: trap_request=0xffffff4d fr.pc=0x000001d653162ae0 relative=0x0000000000005a60
Event: 13.814 Thread 0x000001d664b28800 Uncommon trap: reason=unstable_if action=reinterpret pc=0x000001d653162ae0 method=org.objectweb.asm.Frame.execute(IILorg/objectweb/asm/Symbol;Lorg/objectweb/asm/SymbolTable;)V @ 1 c2
Event: 13.814 Thread 0x000001d664b28800 DEOPT PACKING pc=0x000001d653162ae0 sp=0x0000002f5dff7900
Event: 13.814 Thread 0x000001d664b28800 DEOPT UNPACKING pc=0x000001d64b50662f sp=0x0000002f5dff78a8 mode 2
Event: 13.841 Thread 0x000001d664b28800 Uncommon trap: trap_request=0xffffff45 fr.pc=0x000001d6530cbc84 relative=0x0000000000000224
Event: 13.841 Thread 0x000001d664b28800 Uncommon trap: reason=unstable_fused_if action=reinterpret pc=0x000001d6530cbc84 method=org.objectweb.asm.ByteVector.putUTF8(Ljava/lang/String;)Lorg/objectweb/asm/ByteVector; @ 93 c2
Event: 13.842 Thread 0x000001d664b28800 DEOPT PACKING pc=0x000001d6530cbc84 sp=0x0000002f5dff79f0
Event: 13.842 Thread 0x000001d664b28800 DEOPT UNPACKING pc=0x000001d64b50662f sp=0x0000002f5dff7970 mode 2

Classes redefined (0 events):
No events

Internal exceptions (20 events):
Event: 12.698 Thread 0x000001d664b28800 Exception <a 'java/security/PrivilegedActionException'{0x000000008713ccb8}> (0x000000008713ccb8) thrown at [./src/hotspot/share/prims/jvm.cpp, line 1306]
Event: 12.699 Thread 0x000001d664b28800 Exception <a 'java/security/PrivilegedActionException'{0x000000008713f378}> (0x000000008713f378) thrown at [./src/hotspot/share/prims/jvm.cpp, line 1306]
Event: 12.699 Thread 0x000001d664b28800 Exception <a 'java/security/PrivilegedActionException'{0x0000000087140390}> (0x0000000087140390) thrown at [./src/hotspot/share/prims/jvm.cpp, line 1306]
Event: 13.009 Thread 0x000001d664b28800 Exception <a 'java/security/PrivilegedActionException'{0x0000000086e01920}> (0x0000000086e01920) thrown at [./src/hotspot/share/prims/jvm.cpp, line 1306]
Event: 13.009 Thread 0x000001d664b28800 Exception <a 'java/security/PrivilegedActionException'{0x0000000086e02938}> (0x0000000086e02938) thrown at [./src/hotspot/share/prims/jvm.cpp, line 1306]
Event: 13.009 Thread 0x000001d664b28800 Exception <a 'java/security/PrivilegedActionException'{0x0000000086e04ff8}> (0x0000000086e04ff8) thrown at [./src/hotspot/share/prims/jvm.cpp, line 1306]
Event: 13.009 Thread 0x000001d664b28800 Exception <a 'java/security/PrivilegedActionException'{0x0000000086e06010}> (0x0000000086e06010) thrown at [./src/hotspot/share/prims/jvm.cpp, line 1306]
Event: 13.009 Thread 0x000001d664b28800 Exception <a 'java/security/PrivilegedActionException'{0x0000000086e08788}> (0x0000000086e08788) thrown at [./src/hotspot/share/prims/jvm.cpp, line 1306]
Event: 13.009 Thread 0x000001d664b28800 Exception <a 'java/security/PrivilegedActionException'{0x0000000086e097a0}> (0x0000000086e097a0) thrown at [./src/hotspot/share/prims/jvm.cpp, line 1306]
Event: 13.010 Thread 0x000001d664b28800 Exception <a 'java/security/PrivilegedActionException'{0x0000000086e0be68}> (0x0000000086e0be68) thrown at [./src/hotspot/share/prims/jvm.cpp, line 1306]
Event: 13.010 Thread 0x000001d664b28800 Exception <a 'java/security/PrivilegedActionException'{0x0000000086e0ce80}> (0x0000000086e0ce80) thrown at [./src/hotspot/share/prims/jvm.cpp, line 1306]
Event: 13.010 Thread 0x000001d664b28800 Exception <a 'java/security/PrivilegedActionException'{0x0000000086e0f598}> (0x0000000086e0f598) thrown at [./src/hotspot/share/prims/jvm.cpp, line 1306]
Event: 13.010 Thread 0x000001d664b28800 Exception <a 'java/security/PrivilegedActionException'{0x0000000086e105b0}> (0x0000000086e105b0) thrown at [./src/hotspot/share/prims/jvm.cpp, line 1306]
Event: 13.010 Thread 0x000001d664b28800 Exception <a 'java/security/PrivilegedActionException'{0x0000000086e12d28}> (0x0000000086e12d28) thrown at [./src/hotspot/share/prims/jvm.cpp, line 1306]
Event: 13.010 Thread 0x000001d664b28800 Exception <a 'java/security/PrivilegedActionException'{0x0000000086e13d40}> (0x0000000086e13d40) thrown at [./src/hotspot/share/prims/jvm.cpp, line 1306]
Event: 13.393 Thread 0x000001d664b28800 Exception <a 'java/lang/ClassNotFoundException'{0x00000000869f8928}: org/gradle/api/internal/plugins/DefaultObjectConfigurationActionBeanInfo> (0x00000000869f8928) thrown at [./src/hotspot/share/classfile/systemDictionary.cpp, line 231]
Event: 13.394 Thread 0x000001d664b28800 Exception <a 'java/lang/ClassNotFoundException'{0x000000008682f858}: org/gradle/api/internal/plugins/DefaultObjectConfigurationActionCustomizer> (0x000000008682f858) thrown at [./src/hotspot/share/classfile/systemDictionary.cpp, line 231]
Event: 13.788 Thread 0x000001d664b28800 Exception <a 'java/lang/NoSuchMethodError'{0x0000000085d054e0}: 'java.lang.Object java.lang.invoke.DirectMethodHandle$Holder.invokeStatic(java.lang.Object, java.lang.Object, java.lang.Object, java.lang.Object, int)'> (0x0000000085d054e0) thrown at [./src/hotspot/share/interpreter/linkResolver.cpp, line 773]
Event: 13.793 Thread 0x000001d664b28800 Exception <a 'java/lang/NoSuchMethodError'{0x0000000085d09ed8}: 'java.lang.Object java.lang.invoke.DirectMethodHandle$Holder.invokeSpecial(java.lang.Object, java.lang.Object, java.lang.Object, java.lang.Object, java.lang.Object, int)'> (0x0000000085d09ed8) thrown at [./src/hotspot/share/interpreter/linkResolver.cpp, line 773]
Event: 13.795 Thread 0x000001d664b28800 Exception <a 'java/lang/NoSuchMethodError'{0x0000000085d0e518}: 'java.lang.Object java.lang.invoke.Invokers$Holder.linkToTargetMethod(java.lang.Object, java.lang.Object, java.lang.Object, int, java.lang.Object)'> (0x0000000085d0e518) thrown at [./src/hotspot/share/interpreter/linkResolver.cpp, line 773]

Events (20 events):
Event: 13.963 loading class org/gradle/api/provider/Provider
Event: 13.963 loading class org/gradle/api/provider/Provider done
Event: 13.963 loading class org/gradle/api/provider/Provider
Event: 13.963 loading class org/gradle/api/provider/Provider done
Event: 13.964 loading class org/gradle/api/internal/provider/sources/SystemPropertyValueSource$Parameters
Event: 13.964 loading class org/gradle/api/internal/provider/sources/SystemPropertyValueSource$Parameters done
Event: 13.985 loading class kotlin/Pair
Event: 13.985 loading class kotlin/Pair done
Event: 13.991 loading class com/android/tools/analytics/Environment$EnvironmentVariable
Event: 13.991 loading class com/android/tools/analytics/Environment$EnvironmentVariable done
Event: 13.992 loading class org/gradle/api/internal/provider/sources/EnvironmentVariableValueSource
Event: 13.992 loading class org/gradle/api/internal/provider/sources/EnvironmentVariableValueSource done
Event: 13.992 loading class org/gradle/api/provider/Provider
Event: 13.992 loading class org/gradle/api/provider/Provider done
Event: 13.992 loading class org/gradle/api/provider/Provider
Event: 13.992 loading class org/gradle/api/provider/Provider done
Event: 13.993 loading class org/gradle/api/internal/provider/sources/EnvironmentVariableValueSource$Parameters
Event: 13.993 loading class org/gradle/api/internal/provider/sources/EnvironmentVariableValueSource$Parameters done
Event: 14.009 loading class com/android/tools/analytics/AnalyticsSettings
Event: 14.009 loading class com/android/tools/analytics/AnalyticsSettings done


Dynamic libraries:
0x00007ff71da00000 - 0x00007ff71da0a000 	C:\Program Files\Android\Android Studio1\jre\bin\java.exe
0x00007ffed30d0000 - 0x00007ffed32c8000 	C:\WINDOWS\SYSTEM32\ntdll.dll
0x00007ffed1e30000 - 0x00007ffed1eef000 	C:\WINDOWS\System32\KERNEL32.DLL
0x00007ffed0ae0000 - 0x00007ffed0db2000 	C:\WINDOWS\System32\KERNELBASE.dll
0x00007ffed0ec0000 - 0x00007ffed0fc0000 	C:\WINDOWS\System32\ucrtbase.dll
0x00007ffec06f0000 - 0x00007ffec0707000 	C:\Program Files\Android\Android Studio1\jre\bin\VCRUNTIME140.dll
0x00007ffebf340000 - 0x00007ffebf359000 	C:\Program Files\Android\Android Studio1\jre\bin\jli.dll
0x00007ffed1ef0000 - 0x00007ffed2091000 	C:\WINDOWS\System32\USER32.dll
0x00007ffed0ab0000 - 0x00007ffed0ad2000 	C:\WINDOWS\System32\win32u.dll
0x00007ffec01a0000 - 0x00007ffec043a000 	C:\WINDOWS\WinSxS\amd64_microsoft.windows.common-controls_6595b64144ccf1df_6.0.19041.1110_none_60b5254171f9507e\COMCTL32.dll
0x00007ffed12f0000 - 0x00007ffed131b000 	C:\WINDOWS\System32\GDI32.dll
0x00007ffed1120000 - 0x00007ffed11be000 	C:\WINDOWS\System32\msvcrt.dll
0x00007ffed0840000 - 0x00007ffed094f000 	C:\WINDOWS\System32\gdi32full.dll
0x00007ffed0980000 - 0x00007ffed0a1d000 	C:\WINDOWS\System32\msvcp_win.dll
0x00007ffed1e00000 - 0x00007ffed1e30000 	C:\WINDOWS\System32\IMM32.DLL
0x00007ffe9eef0000 - 0x00007ffe9ef8d000 	C:\Program Files\Android\Android Studio1\jre\bin\msvcp140.dll
0x00007ffe42700000 - 0x00007ffe431d5000 	C:\Program Files\Android\Android Studio1\jre\bin\server\jvm.dll
0x00007ffed1320000 - 0x00007ffed13ce000 	C:\WINDOWS\System32\ADVAPI32.dll
0x00007ffed27f0000 - 0x00007ffed288c000 	C:\WINDOWS\System32\sechost.dll
0x00007ffed1970000 - 0x00007ffed1a94000 	C:\WINDOWS\System32\RPCRT4.dll
0x00007ffed1730000 - 0x00007ffed1738000 	C:\WINDOWS\System32\PSAPI.DLL
0x00007ffec6630000 - 0x00007ffec6657000 	C:\WINDOWS\SYSTEM32\WINMM.dll
0x00007ffebf000000 - 0x00007ffebf009000 	C:\WINDOWS\SYSTEM32\WSOCK32.dll
0x00007ffed2aa0000 - 0x00007ffed2b0b000 	C:\WINDOWS\System32\WS2_32.dll
0x00007ffec8560000 - 0x00007ffec856a000 	C:\WINDOWS\SYSTEM32\VERSION.dll
0x00007ffecf020000 - 0x00007ffecf032000 	C:\WINDOWS\SYSTEM32\kernel.appcore.dll
0x00007ffec9070000 - 0x00007ffec9081000 	C:\Program Files\Android\Android Studio1\jre\bin\verify.dll
0x00007ffebcf40000 - 0x00007ffebd124000 	C:\WINDOWS\SYSTEM32\DBGHELP.DLL
0x00007ffebcdf0000 - 0x00007ffebce25000 	C:\WINDOWS\SYSTEM32\dbgcore.DLL
0x00007ffed0a20000 - 0x00007ffed0aa2000 	C:\WINDOWS\System32\bcryptPrimitives.dll
0x00007ffec9040000 - 0x00007ffec9069000 	C:\Program Files\Android\Android Studio1\jre\bin\java.dll
0x00007ffecc140000 - 0x00007ffecc14b000 	C:\Program Files\Android\Android Studio1\jre\bin\jimage.dll
0x00007ffec9020000 - 0x00007ffec9038000 	C:\Program Files\Android\Android Studio1\jre\bin\zip.dll
0x00007ffed20a0000 - 0x00007ffed27e5000 	C:\WINDOWS\System32\SHELL32.dll
0x00007ffece700000 - 0x00007ffecee92000 	C:\WINDOWS\SYSTEM32\windows.storage.dll
0x00007ffed13d0000 - 0x00007ffed1725000 	C:\WINDOWS\System32\combase.dll
0x00007ffed0150000 - 0x00007ffed0180000 	C:\WINDOWS\SYSTEM32\Wldp.dll
0x00007ffed18c0000 - 0x00007ffed196d000 	C:\WINDOWS\System32\SHCORE.dll
0x00007ffed2890000 - 0x00007ffed28e5000 	C:\WINDOWS\System32\shlwapi.dll
0x00007ffed0710000 - 0x00007ffed072f000 	C:\WINDOWS\SYSTEM32\profapi.dll
0x00007ffec8d00000 - 0x00007ffec8d1a000 	C:\Program Files\Android\Android Studio1\jre\bin\net.dll
0x00007ffec7a50000 - 0x00007ffec7b5a000 	C:\WINDOWS\SYSTEM32\WINHTTP.dll
0x00007ffecfeb0000 - 0x00007ffecff1a000 	C:\WINDOWS\system32\mswsock.dll
0x00007ffec8ce0000 - 0x00007ffec8cf4000 	C:\Program Files\Android\Android Studio1\jre\bin\nio.dll
0x00007ffeb34d0000 - 0x00007ffeb34f7000 	C:\Users\tatry\.gradle\native\e1d6ef7f7dcc3fd88c89a11ec53ec762bb8ba0a96d01ffa2cd45eb1d1d8dd5c5\windows-amd64\native-platform.dll
0x00007ffe9eda0000 - 0x00007ffe9eee4000 	C:\Users\tatry\.gradle\native\0d407fdbe67a94daf76414ababcb853783967236a71b16ec16e742cd7a986fd3\windows-amd64\native-platform-file-events.dll
0x00007ffec8fc0000 - 0x00007ffec8fca000 	C:\Program Files\Android\Android Studio1\jre\bin\management.dll
0x00007ffec8f90000 - 0x00007ffec8f9d000 	C:\Program Files\Android\Android Studio1\jre\bin\management_ext.dll
0x00007ffed00a0000 - 0x00007ffed00b8000 	C:\WINDOWS\SYSTEM32\CRYPTSP.dll
0x00007ffecf7d0000 - 0x00007ffecf804000 	C:\WINDOWS\system32\rsaenh.dll
0x00007ffed0950000 - 0x00007ffed0977000 	C:\WINDOWS\System32\bcrypt.dll
0x00007ffed0690000 - 0x00007ffed06be000 	C:\WINDOWS\SYSTEM32\USERENV.dll
0x00007ffed00c0000 - 0x00007ffed00cc000 	C:\WINDOWS\SYSTEM32\CRYPTBASE.dll
0x00007ffecfba0000 - 0x00007ffecfbdb000 	C:\WINDOWS\SYSTEM32\IPHLPAPI.DLL
0x00007ffed18a0000 - 0x00007ffed18a8000 	C:\WINDOWS\System32\NSI.dll
0x00007ffec89c0000 - 0x00007ffec89d7000 	C:\WINDOWS\SYSTEM32\dhcpcsvc6.DLL
0x00007ffec89a0000 - 0x00007ffec89bd000 	C:\WINDOWS\SYSTEM32\dhcpcsvc.DLL
0x00007ffecfbe0000 - 0x00007ffecfcab000 	C:\WINDOWS\SYSTEM32\DNSAPI.dll

dbghelp: loaded successfully - version: 4.0.5 - missing functions: none
symbol engine: initialized successfully - sym options: 0x614 - pdb path: .;C:\Program Files\Android\Android Studio1\jre\bin;C:\WINDOWS\SYSTEM32;C:\WINDOWS\WinSxS\amd64_microsoft.windows.common-controls_6595b64144ccf1df_6.0.19041.1110_none_60b5254171f9507e;C:\Program Files\Android\Android Studio1\jre\bin\server;C:\Users\tatry\.gradle\native\e1d6ef7f7dcc3fd88c89a11ec53ec762bb8ba0a96d01ffa2cd45eb1d1d8dd5c5\windows-amd64;C:\Users\tatry\.gradle\native\0d407fdbe67a94daf76414ababcb853783967236a71b16ec16e742cd7a986fd3\windows-amd64

VM Arguments:
jvm_args: --add-opens=java.base/java.util=ALL-UNNAMED --add-opens=java.base/java.lang=ALL-UNNAMED --add-opens=java.base/java.lang.invoke=ALL-UNNAMED --add-opens=java.base/java.util=ALL-UNNAMED --add-opens=java.prefs/java.util.prefs=ALL-UNNAMED --add-opens=java.prefs/java.util.prefs=ALL-UNNAMED --add-opens=java.base/java.nio.charset=ALL-UNNAMED --add-opens=java.base/java.net=ALL-UNNAMED --add-opens=java.base/java.util.concurrent.atomic=ALL-UNNAMED -Xmx2048m -Dfile.encoding=UTF-8 -Duser.country=RU -Duser.language=ru -Duser.variant 
java_command: org.gradle.launcher.daemon.bootstrap.GradleDaemon 7.4
java_class_path (initial): C:\Users\tatry\.gradle\wrapper\dists\gradle-7.4-bin\c0gwcg53nkjbqw7r0h0umtfvt\gradle-7.4\lib\gradle-launcher-7.4.jar
Launcher Type: SUN_STANDARD

[Global flags]
     intx CICompilerCount                          = 4                                         {product} {ergonomic}
     uint ConcGCThreads                            = 2                                         {product} {ergonomic}
     uint G1ConcRefinementThreads                  = 8                                         {product} {ergonomic}
   size_t G1HeapRegionSize                         = 1048576                                   {product} {ergonomic}
    uintx GCDrainStackTargetSize                   = 64                                        {product} {ergonomic}
   size_t InitialHeapSize                          = 100663296                                 {product} {ergonomic}
   size_t MarkStackSize                            = 4194304                                   {product} {ergonomic}
   size_t MaxHeapSize                              = 2147483648                                {product} {command line}
   size_t MaxNewSize                               = 1287651328                                {product} {ergonomic}
   size_t MinHeapDeltaBytes                        = 1048576                                   {product} {ergonomic}
    uintx NonNMethodCodeHeapSize                   = 5836300                                {pd product} {ergonomic}
    uintx NonProfiledCodeHeapSize                  = 122910970                              {pd product} {ergonomic}
    uintx ProfiledCodeHeapSize                     = 122910970                              {pd product} {ergonomic}
    uintx ReservedCodeCacheSize                    = 251658240                              {pd product} {ergonomic}
     bool SegmentedCodeCache                       = true                                      {product} {ergonomic}
     bool UseCompressedClassPointers               = true                                 {lp64_product} {ergonomic}
     bool UseCompressedOops                        = true                                 {lp64_product} {ergonomic}
     bool UseG1GC                                  = true                                      {product} {ergonomic}
     bool UseLargePagesIndividualAllocation        = false                                  {pd product} {ergonomic}

Logging:
Log output configuration:
 #0: stdout all=warning uptime,level,tags
 #1: stderr all=off uptime,level,tags

Environment Variables:
PATH=C:\Program Files\Common Files\Oracle\Java\javapath;C:\Program Files (x86)\Common Files\Oracle\Java\javapath;C:\WINDOWS\system32;C:\WINDOWS;C:\WINDOWS\System32\Wbem;C:\WINDOWS\System32\WindowsPowerShell\v1.0\;C:\WINDOWS\System32\OpenSSH\;C:\Program Files\Common Files\Autodesk Shared\;C:\Program Files\Microsoft SQL Server\120\Tools\Binn\;C:\Program Files\Microsoft SQL Server\130\Tools\Binn\;C:\Program Files (x86)\Windows Kits\10\Windows Performance Toolkit\;C:\Program Files\dotnet\;C:\Program Files\Microsoft SQL Server\Client SDK\ODBC\170\Tools\Binn\;C:\Program Files\MATLAB\R2021b\runtime\win64;C:\Program Files\MATLAB\R2021b\bin;C:\Program Files\nodejs\;C:\Program Files (x86)\dotnet\;C:\Program Files\Git\cmd;C:\Program Files\PowerShell\7\;C:\Program Files\MySQL\MySQL Shell 8.0\bin\;C:\Users\tatry\AppData\Local\Programs\Python\Python39\Scripts\;C:\Users\tatry\AppData\Local\Programs\Python\Python39\;C:\Users\tatry\AppData\Local\Microsoft\WindowsApps;C:\Users\tatry\AppData\Local\Programs\Microsoft VS Code\bin;C:\intelFPGA\20.1\modelsim_ase\win32aloem;C:\intelFPGA\17.1\modelsim_ase\win32aloem;C:\intelFPGA_lite\17.1\modelsim_ase\win32aloem;C:\Program Files\JetBrains\PyCharm Community Edition 2020.3.2\bin;;C:\Program Files\JetBrains\JetBrains Rider 2020.3.2\bin;;C:\Users\tatry\.dotnet\tools;C:\Users\tatry\AppData\Local\GitHubDesktop\bin;;C:\Users\tatry\AppData\Local\JetBrains\Toolbox\scripts;C:\Users\tatry\AppData\Roaming\npm
USERNAME=tatry
OS=Windows_NT
PROCESSOR_IDENTIFIER=AMD64 Family 23 Model 24 Stepping 1, AuthenticAMD



---------------  S Y S T E M  ---------------

OS: Windows 10 , 64 bit Build 19041 (10.0.19041.2546)
OS uptime: 1 days 14:20 hours

CPU:total 8 (initial active 8) (8 cores per cpu, 2 threads per core) family 23 model 24 stepping 1 microcode 0x0, cmov, cx8, fxsr, mmx, sse, sse2, sse3, ssse3, sse4.1, sse4.2, popcnt, avx, avx2, aes, clmul, mmxext, 3dnowpref, lzcnt, sse4a, ht, tsc, tscinvbit, tscinv, bmi1, bmi2, adx, s

Memory: 4k page, system-wide physical 6082M (91M free)
TotalPageFile size 24514M (AvailPageFile size 0M)
current process WorkingSet (physical memory assigned to process): 287M, peak: 287M
current process commit charge ("private bytes"): 326M, peak: 327M

vm_info: OpenJDK 64-Bit Server VM (11.0.11+9-b60-7590822) for windows-amd64 JRE (11.0.11+9-b60-7590822), built on Jul 29 2021 21:43:44 by "builder" with MS VC++ 14.0 (VS2015)

END.
